INFO 2022-08-31 14:16:54,833 autoreload 677 Watching for file changes with StatReloader
INFO 2022-08-31 14:21:48,558 autoreload 266 D:\Users\18203\Desktop\work\blogproject\blog\models.py changed, reloading.
INFO 2022-08-31 14:21:49,517 autoreload 677 Watching for file changes with StatReloader
INFO 2022-08-31 14:22:31,621 autoreload 266 D:\Users\18203\Desktop\work\blogproject\blog\models.py changed, reloading.
INFO 2022-08-31 14:22:32,417 autoreload 677 Watching for file changes with StatReloader
INFO 2022-08-31 14:22:55,305 autoreload 266 D:\Users\18203\Desktop\work\blogproject\blog\models.py changed, reloading.
INFO 2022-08-31 14:22:55,998 autoreload 677 Watching for file changes with StatReloader
INFO 2022-08-31 14:23:16,712 autoreload 266 D:\Users\18203\Desktop\work\blogproject\blog\models.py changed, reloading.
INFO 2022-08-31 14:23:17,536 autoreload 677 Watching for file changes with StatReloader
INFO 2022-08-31 14:25:18,616 autoreload 266 D:\Users\18203\Desktop\work\blogproject\blog\models.py changed, reloading.
INFO 2022-08-31 14:25:19,458 autoreload 677 Watching for file changes with StatReloader
INFO 2022-08-31 14:25:46,558 autoreload 266 D:\Users\18203\Desktop\work\blogproject\blog\models.py changed, reloading.
INFO 2022-08-31 14:25:47,447 autoreload 677 Watching for file changes with StatReloader
INFO 2022-08-31 14:27:30,286 autoreload 266 D:\Users\18203\Desktop\work\blogproject\blogproject\urls.py changed, reloading.
INFO 2022-08-31 14:27:31,018 autoreload 677 Watching for file changes with StatReloader
INFO 2022-08-31 14:27:56,021 autoreload 266 D:\Users\18203\Desktop\work\blogproject\blogproject\urls.py changed, reloading.
INFO 2022-08-31 14:27:56,776 autoreload 677 Watching for file changes with StatReloader
INFO 2022-08-31 14:29:50,243 basehttp 187 "GET / HTTP/1.1" 200 18175
INFO 2022-08-31 14:29:54,950 basehttp 187 "GET /all/rss/ HTTP/1.1" 200 276245
INFO 2022-08-31 14:30:45,965 autoreload 677 Watching for file changes with StatReloader
INFO 2022-08-31 14:30:48,567 basehttp 187 "GET / HTTP/1.1" 200 18175
ERROR 2022-08-31 14:30:52,627 log 241 Internal Server Error: /posts/5/
Traceback (most recent call last):
  File "D:\Users\18203\blog\lib\site-packages\django\core\handlers\exception.py", line 55, in inner
    response = get_response(request)
  File "D:\Users\18203\blog\lib\site-packages\django\core\handlers\base.py", line 197, in _get_response
    response = wrapped_callback(request, *callback_args, **callback_kwargs)
  File "D:\Users\18203\blog\lib\site-packages\django\views\generic\base.py", line 103, in view
    return self.dispatch(request, *args, **kwargs)
  File "D:\Users\18203\blog\lib\site-packages\django\views\generic\base.py", line 142, in dispatch
    return handler(request, *args, **kwargs)
  File "D:\Users\18203\Desktop\work\blogproject\blog\views.py", line 59, in get
    response = super().get(request, *args, **kwargs)
  File "D:\Users\18203\blog\lib\site-packages\django\views\generic\detail.py", line 108, in get
    self.object = self.get_object()
  File "D:\Users\18203\Desktop\work\blogproject\blog\views.py", line 80, in get_object
    post.toc = m.group(1) if m is not None else ''
AttributeError: can't set attribute
ERROR 2022-08-31 14:30:52,629 basehttp 187 "GET /posts/5/ HTTP/1.1" 500 88787
INFO 2022-08-31 14:31:44,764 autoreload 677 Watching for file changes with StatReloader
INFO 2022-08-31 14:31:46,635 basehttp 187 "GET / HTTP/1.1" 200 18175
ERROR 2022-08-31 14:31:49,203 log 241 Internal Server Error: /posts/5/
Traceback (most recent call last):
  File "D:\Users\18203\blog\lib\site-packages\django\core\handlers\exception.py", line 55, in inner
    response = get_response(request)
  File "D:\Users\18203\blog\lib\site-packages\django\core\handlers\base.py", line 197, in _get_response
    response = wrapped_callback(request, *callback_args, **callback_kwargs)
  File "D:\Users\18203\blog\lib\site-packages\django\views\generic\base.py", line 103, in view
    return self.dispatch(request, *args, **kwargs)
  File "D:\Users\18203\blog\lib\site-packages\django\views\generic\base.py", line 142, in dispatch
    return handler(request, *args, **kwargs)
  File "D:\Users\18203\Desktop\work\blogproject\blog\views.py", line 59, in get
    response = super().get(request, *args, **kwargs)
  File "D:\Users\18203\blog\lib\site-packages\django\views\generic\detail.py", line 108, in get
    self.object = self.get_object()
  File "D:\Users\18203\Desktop\work\blogproject\blog\views.py", line 80, in get_object
    post.toc = m.group(1) if m is not None else ''
AttributeError: can't set attribute
ERROR 2022-08-31 14:31:49,205 basehttp 187 "GET /posts/5/ HTTP/1.1" 500 88787
INFO 2022-08-31 14:36:26,592 autoreload 266 D:\Users\18203\Desktop\work\blogproject\blog\models.py changed, reloading.
INFO 2022-08-31 14:36:27,380 autoreload 677 Watching for file changes with StatReloader
ERROR 2022-08-31 14:36:36,090 log 241 Internal Server Error: /posts/5/
Traceback (most recent call last):
  File "D:\Users\18203\blog\lib\site-packages\django\core\handlers\exception.py", line 55, in inner
    response = get_response(request)
  File "D:\Users\18203\blog\lib\site-packages\django\core\handlers\base.py", line 197, in _get_response
    response = wrapped_callback(request, *callback_args, **callback_kwargs)
  File "D:\Users\18203\blog\lib\site-packages\django\views\generic\base.py", line 103, in view
    return self.dispatch(request, *args, **kwargs)
  File "D:\Users\18203\blog\lib\site-packages\django\views\generic\base.py", line 142, in dispatch
    return handler(request, *args, **kwargs)
  File "D:\Users\18203\Desktop\work\blogproject\blog\views.py", line 59, in get
    response = super().get(request, *args, **kwargs)
  File "D:\Users\18203\blog\lib\site-packages\django\views\generic\detail.py", line 108, in get
    self.object = self.get_object()
  File "D:\Users\18203\Desktop\work\blogproject\blog\views.py", line 80, in get_object
    post.toc = m.group(1) if m is not None else ''
AttributeError: can't set attribute
ERROR 2022-08-31 14:36:36,092 basehttp 187 "GET /posts/5/ HTTP/1.1" 500 88924
ERROR 2022-08-31 14:36:38,778 log 241 Internal Server Error: /posts/5/
Traceback (most recent call last):
  File "D:\Users\18203\blog\lib\site-packages\django\core\handlers\exception.py", line 55, in inner
    response = get_response(request)
  File "D:\Users\18203\blog\lib\site-packages\django\core\handlers\base.py", line 197, in _get_response
    response = wrapped_callback(request, *callback_args, **callback_kwargs)
  File "D:\Users\18203\blog\lib\site-packages\django\views\generic\base.py", line 103, in view
    return self.dispatch(request, *args, **kwargs)
  File "D:\Users\18203\blog\lib\site-packages\django\views\generic\base.py", line 142, in dispatch
    return handler(request, *args, **kwargs)
  File "D:\Users\18203\Desktop\work\blogproject\blog\views.py", line 59, in get
    response = super().get(request, *args, **kwargs)
  File "D:\Users\18203\blog\lib\site-packages\django\views\generic\detail.py", line 108, in get
    self.object = self.get_object()
  File "D:\Users\18203\Desktop\work\blogproject\blog\views.py", line 80, in get_object
    post.toc = m.group(1) if m is not None else ''
AttributeError: can't set attribute
ERROR 2022-08-31 14:36:38,779 basehttp 187 "GET /posts/5/ HTTP/1.1" 500 88787
INFO 2022-08-31 14:39:22,210 autoreload 677 Watching for file changes with StatReloader
INFO 2022-08-31 14:39:25,485 basehttp 187 "GET /posts/5/ HTTP/1.1" 200 29816
WARNING 2022-08-31 14:39:25,563 log 241 Not Found: /posts/5/example.jpg
WARNING 2022-08-31 14:39:25,563 basehttp 187 "GET /posts/5/example.jpg HTTP/1.1" 404 3369
WARNING 2022-08-31 14:39:25,565 log 241 Not Found: /posts/5/a.jpg
WARNING 2022-08-31 14:39:25,566 basehttp 187 "GET /posts/5/a.jpg HTTP/1.1" 404 3351
INFO 2022-08-31 14:39:35,380 basehttp 187 "GET /all/rss/ HTTP/1.1" 200 276245
INFO 2022-08-31 14:40:55,344 basehttp 187 "GET /all/rss/ HTTP/1.1" 200 276245
INFO 2022-08-31 14:41:58,210 basehttp 187 "GET /all/rss/ HTTP/1.1" 200 276245
INFO 2022-08-31 14:41:59,069 basehttp 187 "GET /all/rss/ HTTP/1.1" 200 276245
WARNING 2022-08-31 14:41:59,184 log 241 Not Found: /posts/5/example.jpg
WARNING 2022-08-31 14:41:59,185 basehttp 187 "GET /posts/5/example.jpg HTTP/1.1" 404 3369
INFO 2022-08-31 14:42:12,100 basehttp 187 "GET /posts/60/ HTTP/1.1" 200 14660
INFO 2022-08-31 14:42:23,428 basehttp 187 "GET /posts/151/ HTTP/1.1" 200 13761
INFO 2022-08-31 14:42:31,533 basehttp 187 "GET /posts/138/ HTTP/1.1" 200 15377
INFO 2022-08-31 14:42:45,100 basehttp 187 "GET /posts/146/ HTTP/1.1" 200 15220
ERROR 2022-08-31 14:46:28,374 log 241 Internal Server Error: /
Traceback (most recent call last):
  File "D:\Users\18203\blog\lib\site-packages\django\core\handlers\exception.py", line 55, in inner
    response = get_response(request)
  File "D:\Users\18203\blog\lib\site-packages\django\core\handlers\base.py", line 220, in _get_response
    response = response.render()
  File "D:\Users\18203\blog\lib\site-packages\django\template\response.py", line 114, in render
    self.content = self.rendered_content
  File "D:\Users\18203\blog\lib\site-packages\django\template\response.py", line 92, in rendered_content
    return template.render(context, self._request)
  File "D:\Users\18203\blog\lib\site-packages\django\template\backends\django.py", line 62, in render
    return self.template.render(context)
  File "D:\Users\18203\blog\lib\site-packages\django\template\base.py", line 175, in render
    return self._render(context)
  File "D:\Users\18203\blog\lib\site-packages\django\template\base.py", line 167, in _render
    return self.nodelist.render(context)
  File "D:\Users\18203\blog\lib\site-packages\django\template\base.py", line 1005, in render
    return SafeString("".join([node.render_annotated(context) for node in self]))
  File "D:\Users\18203\blog\lib\site-packages\django\template\base.py", line 1005, in <listcomp>
    return SafeString("".join([node.render_annotated(context) for node in self]))
  File "D:\Users\18203\blog\lib\site-packages\django\template\base.py", line 966, in render_annotated
    return self.render(context)
  File "D:\Users\18203\blog\lib\site-packages\django\template\loader_tags.py", line 157, in render
    return compiled_parent._render(context)
  File "D:\Users\18203\blog\lib\site-packages\django\template\base.py", line 167, in _render
    return self.nodelist.render(context)
  File "D:\Users\18203\blog\lib\site-packages\django\template\base.py", line 1005, in render
    return SafeString("".join([node.render_annotated(context) for node in self]))
  File "D:\Users\18203\blog\lib\site-packages\django\template\base.py", line 1005, in <listcomp>
    return SafeString("".join([node.render_annotated(context) for node in self]))
  File "D:\Users\18203\blog\lib\site-packages\django\template\base.py", line 966, in render_annotated
    return self.render(context)
  File "D:\Users\18203\blog\lib\site-packages\django\template\defaulttags.py", line 472, in render
    url = reverse(view_name, args=args, kwargs=kwargs, current_app=current_app)
  File "D:\Users\18203\blog\lib\site-packages\django\urls\base.py", line 88, in reverse
    return resolver._reverse_with_prefix(view, prefix, *args, **kwargs)
  File "D:\Users\18203\blog\lib\site-packages\django\urls\resolvers.py", line 803, in _reverse_with_prefix
    raise NoReverseMatch(msg)
django.urls.exceptions.NoReverseMatch: Reverse for 'admin' not found. 'admin' is not a valid view function or pattern name.
ERROR 2022-08-31 14:46:28,377 basehttp 187 "GET / HTTP/1.1" 500 156311
INFO 2022-08-31 14:47:10,622 basehttp 187 "GET / HTTP/1.1" 200 18165
INFO 2022-08-31 14:47:12,229 basehttp 187 "GET /admin/ HTTP/1.1" 302 0
INFO 2022-08-31 14:47:12,285 basehttp 187 "GET /admin/login/?next=/admin/ HTTP/1.1" 200 2220
INFO 2022-08-31 14:47:12,334 basehttp 187 "GET /static/admin/css/base.css HTTP/1.1" 304 0
INFO 2022-08-31 14:47:12,335 basehttp 187 "GET /static/admin/css/dark_mode.css HTTP/1.1" 304 0
INFO 2022-08-31 14:47:12,336 basehttp 187 "GET /static/admin/css/responsive.css HTTP/1.1" 304 0
INFO 2022-08-31 14:47:12,337 basehttp 187 "GET /static/admin/css/login.css HTTP/1.1" 304 0
INFO 2022-08-31 14:47:12,337 basehttp 187 "GET /static/admin/css/nav_sidebar.css HTTP/1.1" 304 0
INFO 2022-08-31 14:47:12,339 basehttp 187 "GET /static/admin/js/nav_sidebar.js HTTP/1.1" 304 0
INFO 2022-08-31 14:47:12,341 basehttp 187 "GET /static/admin/css/fonts.css HTTP/1.1" 304 0
INFO 2022-08-31 14:47:12,387 basehttp 187 "GET /static/admin/fonts/Roboto-Regular-webfont.woff HTTP/1.1" 304 0
INFO 2022-08-31 14:47:12,394 basehttp 187 "GET /static/admin/fonts/Roboto-Light-webfont.woff HTTP/1.1" 304 0
INFO 2022-08-31 14:48:34,819 basehttp 187 "GET / HTTP/1.1" 200 18165
INFO 2022-08-31 14:48:49,655 basehttp 187 "GET /posts/94/ HTTP/1.1" 200 16602
INFO 2022-08-31 15:07:43,019 autoreload 266 D:\Users\18203\Desktop\work\blogproject\blog\views.py changed, reloading.
INFO 2022-08-31 15:07:43,790 autoreload 677 Watching for file changes with StatReloader
INFO 2022-08-31 15:08:27,921 autoreload 266 D:\Users\18203\Desktop\work\blogproject\blog\views.py changed, reloading.
INFO 2022-08-31 15:08:28,603 autoreload 677 Watching for file changes with StatReloader
INFO 2022-08-31 15:09:35,244 autoreload 266 D:\Users\18203\Desktop\work\blogproject\blog\views.py changed, reloading.
INFO 2022-08-31 15:09:35,944 autoreload 677 Watching for file changes with StatReloader
INFO 2022-08-31 15:10:44,548 autoreload 266 D:\Users\18203\Desktop\work\blogproject\blog\urls.py changed, reloading.
INFO 2022-08-31 15:10:45,453 autoreload 677 Watching for file changes with StatReloader
INFO 2022-08-31 15:11:18,150 autoreload 677 Watching for file changes with StatReloader
INFO 2022-08-31 15:11:22,225 basehttp 187 "GET / HTTP/1.1" 200 18181
INFO 2022-08-31 15:11:32,578 basehttp 187 "GET /search/? HTTP/1.1" 302 0
INFO 2022-08-31 15:11:32,623 basehttp 187 "GET / HTTP/1.1" 200 18463
INFO 2022-08-31 15:11:41,091 basehttp 187 "GET /search/? HTTP/1.1" 302 0
INFO 2022-08-31 15:11:41,160 basehttp 187 "GET / HTTP/1.1" 200 18463
INFO 2022-08-31 15:12:18,572 autoreload 677 Watching for file changes with StatReloader
INFO 2022-08-31 15:12:39,378 basehttp 187 "GET /search/? HTTP/1.1" 302 0
INFO 2022-08-31 15:12:39,446 basehttp 187 "GET / HTTP/1.1" 200 18464
INFO 2022-08-31 15:14:18,581 basehttp 187 "GET /search/?q=mark HTTP/1.1" 200 34585
INFO 2022-08-31 15:15:18,073 autoreload 266 D:\Users\18203\Desktop\work\blogproject\blog\views.py changed, reloading.
INFO 2022-08-31 15:15:18,863 autoreload 677 Watching for file changes with StatReloader
INFO 2022-08-31 15:15:21,339 autoreload 677 Watching for file changes with StatReloader
INFO 2022-08-31 15:15:32,998 basehttp 187 "GET /search/?q=mark HTTP/1.1" 200 34585
INFO 2022-08-31 15:15:57,544 basehttp 187 "GET /search/?q=even HTTP/1.1" 200 65276
INFO 2022-08-31 15:16:06,640 basehttp 187 "GET /posts/94/ HTTP/1.1" 200 16619
INFO 2022-08-31 15:17:14,590 autoreload 266 D:\Users\18203\Desktop\work\blogproject\blog\views.py changed, reloading.
INFO 2022-08-31 15:17:15,393 autoreload 677 Watching for file changes with StatReloader
INFO 2022-08-31 15:20:24,391 basehttp 187 "GET / HTTP/1.1" 200 18182
WARNING 2022-08-31 15:20:29,611 log 241 Not Found: /about.html
WARNING 2022-08-31 15:20:29,612 basehttp 187 "GET /about.html HTTP/1.1" 404 3511
INFO 2022-08-31 15:35:37,137 autoreload 677 Watching for file changes with StatReloader
INFO 2022-08-31 15:35:38,989 basehttp 187 "GET / HTTP/1.1" 200 18182
WARNING 2022-08-31 15:35:40,476 log 241 Not Found: /about.html
WARNING 2022-08-31 15:35:40,476 basehttp 187 "GET /about.html HTTP/1.1" 404 3678
INFO 2022-08-31 15:36:13,996 autoreload 266 D:\Users\18203\Desktop\work\blogproject\blog\views.py changed, reloading.
INFO 2022-08-31 15:36:14,733 autoreload 677 Watching for file changes with StatReloader
INFO 2022-08-31 15:36:30,300 autoreload 677 Watching for file changes with StatReloader
WARNING 2022-08-31 15:36:37,209 log 241 Not Found: /about.html
WARNING 2022-08-31 15:36:37,210 basehttp 187 "GET /about.html HTTP/1.1" 404 3678
INFO 2022-08-31 15:37:11,320 basehttp 187 "GET /about HTTP/1.1" 301 0
INFO 2022-08-31 15:37:11,373 basehttp 187 "GET /about/ HTTP/1.1" 200 11302
WARNING 2022-08-31 15:37:11,456 log 241 Not Found: /about/img/me.jpg
WARNING 2022-08-31 15:37:11,457 basehttp 187 "GET /about/img/me.jpg HTTP/1.1" 404 3696
INFO 2022-08-31 15:37:49,122 autoreload 266 D:\Users\18203\Desktop\work\blogproject\blog\urls.py changed, reloading.
INFO 2022-08-31 15:37:50,040 autoreload 677 Watching for file changes with StatReloader
INFO 2022-08-31 15:38:24,926 autoreload 266 D:\Users\18203\Desktop\work\blogproject\blog\urls.py changed, reloading.
INFO 2022-08-31 15:38:25,621 autoreload 677 Watching for file changes with StatReloader
INFO 2022-08-31 15:38:27,685 basehttp 187 "GET / HTTP/1.1" 200 18179
INFO 2022-08-31 15:38:29,064 basehttp 187 "GET /about/ HTTP/1.1" 200 11299
WARNING 2022-08-31 15:38:29,116 log 241 Not Found: /about/img/me.jpg
WARNING 2022-08-31 15:38:29,117 basehttp 187 "GET /about/img/me.jpg HTTP/1.1" 404 3696
WARNING 2022-08-31 15:38:42,036 log 241 Not Found: /about/admin
WARNING 2022-08-31 15:38:42,037 basehttp 187 "GET /about/admin HTTP/1.1" 404 3681
WARNING 2022-08-31 15:38:43,809 log 241 Not Found: /about/admin
WARNING 2022-08-31 15:38:43,810 basehttp 187 "GET /about/admin HTTP/1.1" 404 3681
INFO 2022-08-31 15:38:47,075 basehttp 187 "GET / HTTP/1.1" 200 18179
INFO 2022-08-31 15:38:48,110 basehttp 187 "GET /admin/ HTTP/1.1" 302 0
INFO 2022-08-31 15:38:48,187 basehttp 187 "GET /admin/login/?next=/admin/ HTTP/1.1" 200 2220
INFO 2022-08-31 15:38:50,298 basehttp 187 "GET /about/ HTTP/1.1" 200 11299
WARNING 2022-08-31 15:38:50,343 log 241 Not Found: /about/img/me.jpg
WARNING 2022-08-31 15:38:50,343 basehttp 187 "GET /about/img/me.jpg HTTP/1.1" 404 3696
WARNING 2022-08-31 15:38:52,222 log 241 Not Found: /about/admin
WARNING 2022-08-31 15:38:52,222 basehttp 187 "GET /about/admin HTTP/1.1" 404 3681
WARNING 2022-08-31 15:38:58,412 log 241 Not Found: /about/contact.html
WARNING 2022-08-31 15:38:58,413 basehttp 187 "GET /about/contact.html HTTP/1.1" 404 3702
INFO 2022-08-31 15:39:02,333 basehttp 187 "GET /posts/5/ HTTP/1.1" 200 29820
WARNING 2022-08-31 15:39:02,394 log 241 Not Found: /posts/5/a.jpg
WARNING 2022-08-31 15:39:02,396 log 241 Not Found: /posts/5/example.jpg
WARNING 2022-08-31 15:39:02,396 basehttp 187 "GET /posts/5/a.jpg HTTP/1.1" 404 3687
WARNING 2022-08-31 15:39:02,397 basehttp 187 "GET /posts/5/example.jpg HTTP/1.1" 404 3705
WARNING 2022-08-31 15:39:03,497 log 241 Not Found: /posts/5/admin
WARNING 2022-08-31 15:39:03,498 basehttp 187 "GET /posts/5/admin HTTP/1.1" 404 3687
INFO 2022-08-31 15:45:13,020 autoreload 677 Watching for file changes with StatReloader
INFO 2022-08-31 15:45:17,052 basehttp 187 "GET / HTTP/1.1" 200 18181
INFO 2022-08-31 15:45:18,766 basehttp 187 "GET /admin/ HTTP/1.1" 302 0
INFO 2022-08-31 15:45:18,790 basehttp 187 "GET /admin/login/?next=/admin/ HTTP/1.1" 200 2220
INFO 2022-08-31 15:45:20,891 basehttp 187 "GET /admin/ HTTP/1.1" 302 0
INFO 2022-08-31 15:45:20,903 basehttp 187 "GET /admin/login/?next=/admin/ HTTP/1.1" 200 2220
INFO 2022-08-31 15:45:24,095 basehttp 187 "GET /about/ HTTP/1.1" 200 11301
WARNING 2022-08-31 15:45:24,143 log 241 Not Found: /about/img/me.jpg
WARNING 2022-08-31 15:45:24,144 basehttp 187 "GET /about/img/me.jpg HTTP/1.1" 404 3863
INFO 2022-08-31 15:45:26,178 basehttp 187 "GET /admin/ HTTP/1.1" 302 0
INFO 2022-08-31 15:45:26,189 basehttp 187 "GET /admin/login/?next=/admin/ HTTP/1.1" 200 2220
INFO 2022-08-31 15:45:41,262 basehttp 187 "GET /posts/5/ HTTP/1.1" 200 29822
WARNING 2022-08-31 15:45:41,315 log 241 Not Found: /posts/5/example.jpg
WARNING 2022-08-31 15:45:41,316 log 241 Not Found: /posts/5/a.jpg
WARNING 2022-08-31 15:45:41,317 basehttp 187 "GET /posts/5/a.jpg HTTP/1.1" 404 3854
WARNING 2022-08-31 15:45:41,317 basehttp 187 "GET /posts/5/example.jpg HTTP/1.1" 404 3872
WARNING 2022-08-31 15:45:48,585 log 241 Not Found: /about/contact.html
WARNING 2022-08-31 15:45:48,585 basehttp 187 "GET /about/contact.html HTTP/1.1" 404 3869
INFO 2022-08-31 15:49:24,021 autoreload 266 D:\Users\18203\Desktop\work\blogproject\blog\urls.py changed, reloading.
INFO 2022-08-31 15:49:24,788 autoreload 677 Watching for file changes with StatReloader
WARNING 2022-08-31 15:49:29,885 log 241 Not Found: /about/contact.html
WARNING 2022-08-31 15:49:29,885 basehttp 187 "GET /about/contact.html HTTP/1.1" 404 4040
INFO 2022-08-31 15:50:20,052 autoreload 266 D:\Users\18203\Desktop\work\blogproject\blog\views.py changed, reloading.
INFO 2022-08-31 15:50:20,896 autoreload 677 Watching for file changes with StatReloader
WARNING 2022-08-31 15:50:25,583 log 241 Not Found: /about/contact.html
WARNING 2022-08-31 15:50:25,585 basehttp 187 "GET /about/contact.html HTTP/1.1" 404 4040
WARNING 2022-08-31 15:50:28,498 log 241 Not Found: /about/contact.html
WARNING 2022-08-31 15:50:28,498 basehttp 187 "GET /about/contact.html HTTP/1.1" 404 4040
WARNING 2022-08-31 15:50:40,165 log 241 Not Found: /contact.html
WARNING 2022-08-31 15:50:40,165 basehttp 187 "GET /contact.html HTTP/1.1" 404 4022
INFO 2022-08-31 15:51:18,848 autoreload 677 Watching for file changes with StatReloader
WARNING 2022-08-31 15:51:25,945 log 241 Not Found: /contact.html
WARNING 2022-08-31 15:51:25,946 basehttp 187 "GET /contact.html HTTP/1.1" 404 4022
WARNING 2022-08-31 15:51:26,838 log 241 Not Found: /contact.html
WARNING 2022-08-31 15:51:26,839 basehttp 187 "GET /contact.html HTTP/1.1" 404 4022
INFO 2022-08-31 15:51:30,583 basehttp 187 "GET /about/ HTTP/1.1" 200 11298
WARNING 2022-08-31 15:51:30,630 log 241 Not Found: /about/img/me.jpg
WARNING 2022-08-31 15:51:30,631 basehttp 187 "GET /about/img/me.jpg HTTP/1.1" 404 4034
INFO 2022-08-31 15:51:32,159 basehttp 187 "GET /contact/ HTTP/1.1" 200 10631
INFO 2022-08-31 15:51:43,403 basehttp 187 "GET /about/ HTTP/1.1" 200 11298
WARNING 2022-08-31 15:51:43,446 log 241 Not Found: /about/img/me.jpg
WARNING 2022-08-31 15:51:43,446 basehttp 187 "GET /about/img/me.jpg HTTP/1.1" 404 4034
INFO 2022-08-31 15:51:47,669 basehttp 187 "GET / HTTP/1.1" 200 18178
INFO 2022-08-31 15:54:07,683 basehttp 187 "GET / HTTP/1.1" 200 18164
INFO 2022-08-31 15:54:11,401 basehttp 187 "GET /posts/5/ HTTP/1.1" 200 29805
WARNING 2022-08-31 15:54:11,449 log 241 Not Found: /posts/5/example.jpg
WARNING 2022-08-31 15:54:11,450 log 241 Not Found: /posts/5/a.jpg
WARNING 2022-08-31 15:54:11,451 basehttp 187 "GET /posts/5/a.jpg HTTP/1.1" 404 4025
WARNING 2022-08-31 15:54:11,451 basehttp 187 "GET /posts/5/example.jpg HTTP/1.1" 404 4043
INFO 2022-08-31 16:00:45,779 basehttp 187 "GET /about/ HTTP/1.1" 200 9646
INFO 2022-08-31 16:01:01,847 basehttp 187 "GET /about/ HTTP/1.1" 200 11247
WARNING 2022-08-31 16:01:01,906 log 241 Not Found: /about/img/me.jpg
WARNING 2022-08-31 16:01:01,906 basehttp 187 "GET /about/img/me.jpg HTTP/1.1" 404 4034
INFO 2022-08-31 16:01:04,592 basehttp 187 "GET / HTTP/1.1" 200 18127
INFO 2022-08-31 16:02:07,718 basehttp 187 "GET /contact/ HTTP/1.1" 200 9678
INFO 2022-08-31 16:02:10,933 basehttp 187 "GET /contact/ HTTP/1.1" 200 9678
INFO 2022-08-31 16:02:47,572 basehttp 187 "GET /contact/ HTTP/1.1" 200 9678
INFO 2022-08-31 16:02:52,537 autoreload 677 Watching for file changes with StatReloader
INFO 2022-08-31 16:02:54,415 basehttp 187 "GET /contact/ HTTP/1.1" 200 10580
INFO 2022-08-31 16:03:54,412 basehttp 187 "GET /contact/ HTTP/1.1" 200 5856
ERROR 2022-08-31 16:03:56,517 log 241 Internal Server Error: /
Traceback (most recent call last):
  File "D:\Users\18203\blog\lib\site-packages\django\template\base.py", line 505, in parse
    compile_func = self.tags[command]
KeyError: 'show_recent_posts'

During handling of the above exception, another exception occurred:

Traceback (most recent call last):
  File "D:\Users\18203\blog\lib\site-packages\django\core\handlers\exception.py", line 55, in inner
    response = get_response(request)
  File "D:\Users\18203\blog\lib\site-packages\django\core\handlers\base.py", line 220, in _get_response
    response = response.render()
  File "D:\Users\18203\blog\lib\site-packages\django\template\response.py", line 114, in render
    self.content = self.rendered_content
  File "D:\Users\18203\blog\lib\site-packages\django\template\response.py", line 90, in rendered_content
    template = self.resolve_template(self.template_name)
  File "D:\Users\18203\blog\lib\site-packages\django\template\response.py", line 72, in resolve_template
    return select_template(template, using=self.using)
  File "D:\Users\18203\blog\lib\site-packages\django\template\loader.py", line 42, in select_template
    return engine.get_template(template_name)
  File "D:\Users\18203\blog\lib\site-packages\django\template\backends\django.py", line 34, in get_template
    return Template(self.engine.get_template(template_name), self)
  File "D:\Users\18203\blog\lib\site-packages\django\template\engine.py", line 175, in get_template
    template, origin = self.find_template(template_name)
  File "D:\Users\18203\blog\lib\site-packages\django\template\engine.py", line 157, in find_template
    template = loader.get_template(name, skip=skip)
  File "D:\Users\18203\blog\lib\site-packages\django\template\loaders\cached.py", line 57, in get_template
    template = super().get_template(template_name, skip)
  File "D:\Users\18203\blog\lib\site-packages\django\template\loaders\base.py", line 28, in get_template
    return Template(
  File "D:\Users\18203\blog\lib\site-packages\django\template\base.py", line 154, in __init__
    self.nodelist = self.compile_nodelist()
  File "D:\Users\18203\blog\lib\site-packages\django\template\base.py", line 200, in compile_nodelist
    return parser.parse()
  File "D:\Users\18203\blog\lib\site-packages\django\template\base.py", line 513, in parse
    raise self.error(token, e)
  File "D:\Users\18203\blog\lib\site-packages\django\template\base.py", line 511, in parse
    compiled_result = compile_func(self, token)
  File "D:\Users\18203\blog\lib\site-packages\django\template\loader_tags.py", line 293, in do_extends
    nodelist = parser.parse()
  File "D:\Users\18203\blog\lib\site-packages\django\template\base.py", line 507, in parse
    self.invalid_block_tag(token, command, parse_until)
  File "D:\Users\18203\blog\lib\site-packages\django\template\base.py", line 568, in invalid_block_tag
    raise self.error(
django.template.exceptions.TemplateSyntaxError: Invalid block tag on line 49: 'show_recent_posts'. Did you forget to register or load this tag?
ERROR 2022-08-31 16:03:56,520 basehttp 187 "GET / HTTP/1.1" 500 164471
INFO 2022-08-31 16:04:43,020 autoreload 677 Watching for file changes with StatReloader
INFO 2022-08-31 16:04:44,053 basehttp 187 "GET / HTTP/1.1" 200 13403
INFO 2022-08-31 16:04:46,550 basehttp 187 "GET / HTTP/1.1" 200 13403
INFO 2022-08-31 16:04:49,872 basehttp 187 "GET /admin/ HTTP/1.1" 302 0
INFO 2022-08-31 16:04:49,898 basehttp 187 "GET /admin/login/?next=/admin/ HTTP/1.1" 200 2220
INFO 2022-08-31 16:04:51,837 basehttp 187 "GET /about/ HTTP/1.1" 200 6523
WARNING 2022-08-31 16:04:51,884 log 241 Not Found: /about/img/me.jpg
WARNING 2022-08-31 16:04:51,885 basehttp 187 "GET /about/img/me.jpg HTTP/1.1" 404 4034
INFO 2022-08-31 16:04:53,327 basehttp 187 "GET /contact/ HTTP/1.1" 200 5856
INFO 2022-08-31 16:04:56,039 basehttp 187 "GET / HTTP/1.1" 200 13403
INFO 2022-08-31 16:05:12,793 basehttp 187 "GET / HTTP/1.1" 200 13403
INFO 2022-08-31 16:06:01,039 basehttp 187 "GET / HTTP/1.1" 200 18121
INFO 2022-08-31 16:06:04,791 basehttp 187 "GET / HTTP/1.1" 200 18121
INFO 2022-08-31 16:06:31,026 basehttp 187 "GET /admin/ HTTP/1.1" 302 0
INFO 2022-08-31 16:06:31,045 basehttp 187 "GET /admin/login/?next=/admin/ HTTP/1.1" 200 2220
INFO 2022-08-31 16:06:32,663 basehttp 187 "GET /about/ HTTP/1.1" 200 6523
WARNING 2022-08-31 16:06:32,712 log 241 Not Found: /about/img/me.jpg
WARNING 2022-08-31 16:06:32,712 basehttp 187 "GET /about/img/me.jpg HTTP/1.1" 404 4034
INFO 2022-08-31 16:06:35,126 basehttp 187 "GET /contact/ HTTP/1.1" 200 5856
INFO 2022-08-31 16:06:38,881 basehttp 187 "GET /about/ HTTP/1.1" 200 6523
WARNING 2022-08-31 16:06:38,923 log 241 Not Found: /about/img/me.jpg
WARNING 2022-08-31 16:06:38,923 basehttp 187 "GET /about/img/me.jpg HTTP/1.1" 404 4034
INFO 2022-08-31 16:06:40,824 basehttp 187 "GET / HTTP/1.1" 200 18121
INFO 2022-08-31 16:09:27,338 basehttp 187 "GET / HTTP/1.1" 200 18135
INFO 2022-08-31 16:09:31,908 basehttp 187 "GET /admin/ HTTP/1.1" 302 0
INFO 2022-08-31 16:09:31,925 basehttp 187 "GET /admin/login/?next=/admin/ HTTP/1.1" 200 2220
INFO 2022-08-31 16:09:33,629 basehttp 187 "GET /about/ HTTP/1.1" 200 6544
WARNING 2022-08-31 16:09:33,677 log 241 Not Found: /about/img/me.jpg
WARNING 2022-08-31 16:09:33,679 basehttp 187 "GET /about/img/me.jpg HTTP/1.1" 404 4034
INFO 2022-08-31 16:09:35,606 basehttp 187 "GET /contact/ HTTP/1.1" 200 5877
INFO 2022-08-31 16:09:38,395 basehttp 187 "GET / HTTP/1.1" 200 18135
INFO 2022-08-31 16:09:45,380 basehttp 187 "GET / HTTP/1.1" 200 18135
INFO 2022-08-31 16:09:46,021 basehttp 187 "GET /admin/ HTTP/1.1" 302 0
INFO 2022-08-31 16:09:46,034 basehttp 187 "GET /admin/login/?next=/admin/ HTTP/1.1" 200 2220
INFO 2022-08-31 16:09:48,050 basehttp 187 "GET /about/ HTTP/1.1" 200 6544
WARNING 2022-08-31 16:09:48,098 log 241 Not Found: /about/img/me.jpg
WARNING 2022-08-31 16:09:48,099 basehttp 187 "GET /about/img/me.jpg HTTP/1.1" 404 4034
INFO 2022-08-31 16:09:50,356 basehttp 187 "GET /contact/ HTTP/1.1" 200 5877
INFO 2022-08-31 16:09:54,148 basehttp 187 "GET / HTTP/1.1" 200 18135
INFO 2022-08-31 16:10:18,992 basehttp 187 "GET / HTTP/1.1" 200 18135
INFO 2022-08-31 16:10:21,445 basehttp 187 "GET /posts/5/ HTTP/1.1" 200 24126
WARNING 2022-08-31 16:10:21,491 log 241 Not Found: /posts/5/a.jpg
WARNING 2022-08-31 16:10:21,493 log 241 Not Found: /posts/5/example.jpg
WARNING 2022-08-31 16:10:21,493 basehttp 187 "GET /posts/5/example.jpg HTTP/1.1" 404 4043
WARNING 2022-08-31 16:10:21,494 basehttp 187 "GET /posts/5/a.jpg HTTP/1.1" 404 4025
INFO 2022-08-31 16:11:21,534 basehttp 187 "GET /posts/5/ HTTP/1.1" 200 24118
WARNING 2022-08-31 16:11:21,592 log 241 Not Found: /posts/5/example.jpg
WARNING 2022-08-31 16:11:21,595 log 241 Not Found: /posts/5/a.jpg
WARNING 2022-08-31 16:11:21,596 basehttp 187 "GET /posts/5/a.jpg HTTP/1.1" 404 4025
WARNING 2022-08-31 16:11:21,596 basehttp 187 "GET /posts/5/example.jpg HTTP/1.1" 404 4043
INFO 2022-08-31 16:12:18,241 basehttp 187 "GET /posts/5/ HTTP/1.1" 200 24119
WARNING 2022-08-31 16:12:18,297 log 241 Not Found: /posts/5/example.jpg
WARNING 2022-08-31 16:12:18,299 log 241 Not Found: /posts/5/a.jpg
WARNING 2022-08-31 16:12:18,300 basehttp 187 "GET /posts/5/example.jpg HTTP/1.1" 404 4043
WARNING 2022-08-31 16:12:18,300 basehttp 187 "GET /posts/5/a.jpg HTTP/1.1" 404 4025
INFO 2022-08-31 16:12:26,401 basehttp 187 "GET /posts/5/ HTTP/1.1" 200 24119
WARNING 2022-08-31 16:12:26,451 log 241 Not Found: /posts/5/example.jpg
WARNING 2022-08-31 16:12:26,452 basehttp 187 "GET /posts/5/example.jpg HTTP/1.1" 404 4043
WARNING 2022-08-31 16:12:26,455 log 241 Not Found: /posts/5/a.jpg
WARNING 2022-08-31 16:12:26,456 basehttp 187 "GET /posts/5/a.jpg HTTP/1.1" 404 4025
INFO 2022-08-31 16:15:05,607 basehttp 187 "GET /posts/5/ HTTP/1.1" 200 24119
WARNING 2022-08-31 16:15:05,688 log 241 Not Found: /posts/5/a.jpg
WARNING 2022-08-31 16:15:05,691 basehttp 187 "GET /posts/5/a.jpg HTTP/1.1" 404 4025
WARNING 2022-08-31 16:15:05,700 log 241 Not Found: /posts/5/example.jpg
WARNING 2022-08-31 16:15:05,700 basehttp 187 "GET /posts/5/example.jpg HTTP/1.1" 404 4043
INFO 2022-08-31 16:16:40,741 basehttp 187 "GET /posts/5/ HTTP/1.1" 200 24124
WARNING 2022-08-31 16:16:40,801 log 241 Not Found: /posts/5/example.jpg
WARNING 2022-08-31 16:16:40,803 log 241 Not Found: /posts/5/a.jpg
WARNING 2022-08-31 16:16:40,803 basehttp 187 "GET /posts/5/example.jpg HTTP/1.1" 404 4043
WARNING 2022-08-31 16:16:40,804 basehttp 187 "GET /posts/5/a.jpg HTTP/1.1" 404 4025
INFO 2022-08-31 16:16:52,611 basehttp 187 "GET / HTTP/1.1" 200 18141
INFO 2022-08-31 16:18:14,918 basehttp 187 "GET / HTTP/1.1" 200 18154
INFO 2022-08-31 16:18:19,211 basehttp 187 "GET /admin/ HTTP/1.1" 302 0
INFO 2022-08-31 16:18:19,342 basehttp 187 "GET /admin/login/?next=/admin/ HTTP/1.1" 200 2220
INFO 2022-08-31 16:18:21,273 basehttp 187 "GET /posts/5/ HTTP/1.1" 200 25160
WARNING 2022-08-31 16:18:21,317 log 241 Not Found: /posts/5/example.jpg
WARNING 2022-08-31 16:18:21,319 log 241 Not Found: /posts/5/a.jpg
WARNING 2022-08-31 16:18:21,319 basehttp 187 "GET /posts/5/example.jpg HTTP/1.1" 404 4043
WARNING 2022-08-31 16:18:21,320 basehttp 187 "GET /posts/5/a.jpg HTTP/1.1" 404 4025
INFO 2022-08-31 16:18:40,255 basehttp 187 "GET /about/ HTTP/1.1" 200 6654
WARNING 2022-08-31 16:18:40,305 log 241 Not Found: /about/img/me.jpg
WARNING 2022-08-31 16:18:40,305 basehttp 187 "GET /about/img/me.jpg HTTP/1.1" 404 4034
INFO 2022-08-31 16:19:19,755 basehttp 187 "GET /posts/5/ HTTP/1.1" 200 25216
WARNING 2022-08-31 16:19:19,820 log 241 Not Found: /posts/5/example.jpg
WARNING 2022-08-31 16:19:19,821 basehttp 187 "GET /posts/5/example.jpg HTTP/1.1" 404 4043
WARNING 2022-08-31 16:19:19,823 log 241 Not Found: /posts/5/a.jpg
WARNING 2022-08-31 16:19:19,824 basehttp 187 "GET /posts/5/a.jpg HTTP/1.1" 404 4025
INFO 2022-08-31 16:19:23,691 basehttp 187 "GET / HTTP/1.1" 200 18081
INFO 2022-08-31 16:19:29,920 basehttp 187 "GET /posts/5/ HTTP/1.1" 200 25216
WARNING 2022-08-31 16:19:29,972 log 241 Not Found: /posts/5/a.jpg
WARNING 2022-08-31 16:19:29,974 log 241 Not Found: /posts/5/example.jpg
WARNING 2022-08-31 16:19:29,974 basehttp 187 "GET /posts/5/a.jpg HTTP/1.1" 404 4025
WARNING 2022-08-31 16:19:29,974 basehttp 187 "GET /posts/5/example.jpg HTTP/1.1" 404 4043
INFO 2022-08-31 16:19:56,786 basehttp 187 "GET /about/ HTTP/1.1" 200 6710
WARNING 2022-08-31 16:19:56,835 log 241 Not Found: /about/img/me.jpg
WARNING 2022-08-31 16:19:56,836 basehttp 187 "GET /about/img/me.jpg HTTP/1.1" 404 4034
INFO 2022-08-31 16:19:58,049 basehttp 187 "GET /contact/ HTTP/1.1" 200 6043
INFO 2022-08-31 16:19:59,130 basehttp 187 "GET / HTTP/1.1" 200 18081
INFO 2022-08-31 16:21:03,825 basehttp 187 "GET / HTTP/1.1" 200 18080
INFO 2022-08-31 16:21:05,878 basehttp 187 "GET /posts/5/ HTTP/1.1" 200 25215
WARNING 2022-08-31 16:21:05,925 log 241 Not Found: /posts/5/example.jpg
WARNING 2022-08-31 16:21:05,926 log 241 Not Found: /posts/5/a.jpg
WARNING 2022-08-31 16:21:05,927 basehttp 187 "GET /posts/5/example.jpg HTTP/1.1" 404 4043
WARNING 2022-08-31 16:21:05,928 basehttp 187 "GET /posts/5/a.jpg HTTP/1.1" 404 4025
INFO 2022-08-31 16:21:14,264 basehttp 187 "GET / HTTP/1.1" 200 18080
INFO 2022-08-31 16:21:16,260 basehttp 187 "GET /posts/138/ HTTP/1.1" 200 10775
ERROR 2022-08-31 16:23:26,510 log 241 Internal Server Error: /posts/5/
Traceback (most recent call last):
  File "D:\Users\18203\blog\lib\site-packages\django\core\handlers\exception.py", line 55, in inner
    response = get_response(request)
  File "D:\Users\18203\blog\lib\site-packages\django\core\handlers\base.py", line 220, in _get_response
    response = response.render()
  File "D:\Users\18203\blog\lib\site-packages\django\template\response.py", line 114, in render
    self.content = self.rendered_content
  File "D:\Users\18203\blog\lib\site-packages\django\template\response.py", line 90, in rendered_content
    template = self.resolve_template(self.template_name)
  File "D:\Users\18203\blog\lib\site-packages\django\template\response.py", line 72, in resolve_template
    return select_template(template, using=self.using)
  File "D:\Users\18203\blog\lib\site-packages\django\template\loader.py", line 42, in select_template
    return engine.get_template(template_name)
  File "D:\Users\18203\blog\lib\site-packages\django\template\backends\django.py", line 34, in get_template
    return Template(self.engine.get_template(template_name), self)
  File "D:\Users\18203\blog\lib\site-packages\django\template\engine.py", line 175, in get_template
    template, origin = self.find_template(template_name)
  File "D:\Users\18203\blog\lib\site-packages\django\template\engine.py", line 157, in find_template
    template = loader.get_template(name, skip=skip)
  File "D:\Users\18203\blog\lib\site-packages\django\template\loaders\cached.py", line 57, in get_template
    template = super().get_template(template_name, skip)
  File "D:\Users\18203\blog\lib\site-packages\django\template\loaders\base.py", line 28, in get_template
    return Template(
  File "D:\Users\18203\blog\lib\site-packages\django\template\base.py", line 154, in __init__
    self.nodelist = self.compile_nodelist()
  File "D:\Users\18203\blog\lib\site-packages\django\template\base.py", line 200, in compile_nodelist
    return parser.parse()
  File "D:\Users\18203\blog\lib\site-packages\django\template\base.py", line 513, in parse
    raise self.error(token, e)
  File "D:\Users\18203\blog\lib\site-packages\django\template\base.py", line 511, in parse
    compiled_result = compile_func(self, token)
  File "D:\Users\18203\blog\lib\site-packages\django\template\loader_tags.py", line 293, in do_extends
    nodelist = parser.parse()
  File "D:\Users\18203\blog\lib\site-packages\django\template\base.py", line 513, in parse
    raise self.error(token, e)
  File "D:\Users\18203\blog\lib\site-packages\django\template\base.py", line 511, in parse
    compiled_result = compile_func(self, token)
  File "D:\Users\18203\blog\lib\site-packages\django\template\loader_tags.py", line 226, in do_block
    raise TemplateSyntaxError(
django.template.exceptions.TemplateSyntaxError: 'block' tag with name 'aside' appears more than once
ERROR 2022-08-31 16:23:26,513 basehttp 187 "GET /posts/5/ HTTP/1.1" 500 165001
ERROR 2022-08-31 16:23:33,864 log 241 Internal Server Error: /posts/5/
Traceback (most recent call last):
  File "D:\Users\18203\blog\lib\site-packages\django\core\handlers\exception.py", line 55, in inner
    response = get_response(request)
  File "D:\Users\18203\blog\lib\site-packages\django\core\handlers\base.py", line 220, in _get_response
    response = response.render()
  File "D:\Users\18203\blog\lib\site-packages\django\template\response.py", line 114, in render
    self.content = self.rendered_content
  File "D:\Users\18203\blog\lib\site-packages\django\template\response.py", line 90, in rendered_content
    template = self.resolve_template(self.template_name)
  File "D:\Users\18203\blog\lib\site-packages\django\template\response.py", line 72, in resolve_template
    return select_template(template, using=self.using)
  File "D:\Users\18203\blog\lib\site-packages\django\template\loader.py", line 42, in select_template
    return engine.get_template(template_name)
  File "D:\Users\18203\blog\lib\site-packages\django\template\backends\django.py", line 34, in get_template
    return Template(self.engine.get_template(template_name), self)
  File "D:\Users\18203\blog\lib\site-packages\django\template\engine.py", line 175, in get_template
    template, origin = self.find_template(template_name)
  File "D:\Users\18203\blog\lib\site-packages\django\template\engine.py", line 157, in find_template
    template = loader.get_template(name, skip=skip)
  File "D:\Users\18203\blog\lib\site-packages\django\template\loaders\cached.py", line 57, in get_template
    template = super().get_template(template_name, skip)
  File "D:\Users\18203\blog\lib\site-packages\django\template\loaders\base.py", line 28, in get_template
    return Template(
  File "D:\Users\18203\blog\lib\site-packages\django\template\base.py", line 154, in __init__
    self.nodelist = self.compile_nodelist()
  File "D:\Users\18203\blog\lib\site-packages\django\template\base.py", line 200, in compile_nodelist
    return parser.parse()
  File "D:\Users\18203\blog\lib\site-packages\django\template\base.py", line 513, in parse
    raise self.error(token, e)
  File "D:\Users\18203\blog\lib\site-packages\django\template\base.py", line 511, in parse
    compiled_result = compile_func(self, token)
  File "D:\Users\18203\blog\lib\site-packages\django\template\loader_tags.py", line 293, in do_extends
    nodelist = parser.parse()
  File "D:\Users\18203\blog\lib\site-packages\django\template\base.py", line 513, in parse
    raise self.error(token, e)
  File "D:\Users\18203\blog\lib\site-packages\django\template\base.py", line 511, in parse
    compiled_result = compile_func(self, token)
  File "D:\Users\18203\blog\lib\site-packages\django\template\loader_tags.py", line 226, in do_block
    raise TemplateSyntaxError(
django.template.exceptions.TemplateSyntaxError: 'block' tag with name 'aside' appears more than once
ERROR 2022-08-31 16:23:33,866 basehttp 187 "GET /posts/5/ HTTP/1.1" 500 165529
INFO 2022-08-31 16:23:40,441 autoreload 677 Watching for file changes with StatReloader
ERROR 2022-08-31 16:23:42,843 log 241 Internal Server Error: /posts/5/
Traceback (most recent call last):
  File "D:\Users\18203\blog\lib\site-packages\django\core\handlers\exception.py", line 55, in inner
    response = get_response(request)
  File "D:\Users\18203\blog\lib\site-packages\django\core\handlers\base.py", line 220, in _get_response
    response = response.render()
  File "D:\Users\18203\blog\lib\site-packages\django\template\response.py", line 114, in render
    self.content = self.rendered_content
  File "D:\Users\18203\blog\lib\site-packages\django\template\response.py", line 90, in rendered_content
    template = self.resolve_template(self.template_name)
  File "D:\Users\18203\blog\lib\site-packages\django\template\response.py", line 72, in resolve_template
    return select_template(template, using=self.using)
  File "D:\Users\18203\blog\lib\site-packages\django\template\loader.py", line 42, in select_template
    return engine.get_template(template_name)
  File "D:\Users\18203\blog\lib\site-packages\django\template\backends\django.py", line 34, in get_template
    return Template(self.engine.get_template(template_name), self)
  File "D:\Users\18203\blog\lib\site-packages\django\template\engine.py", line 175, in get_template
    template, origin = self.find_template(template_name)
  File "D:\Users\18203\blog\lib\site-packages\django\template\engine.py", line 157, in find_template
    template = loader.get_template(name, skip=skip)
  File "D:\Users\18203\blog\lib\site-packages\django\template\loaders\cached.py", line 57, in get_template
    template = super().get_template(template_name, skip)
  File "D:\Users\18203\blog\lib\site-packages\django\template\loaders\base.py", line 28, in get_template
    return Template(
  File "D:\Users\18203\blog\lib\site-packages\django\template\base.py", line 154, in __init__
    self.nodelist = self.compile_nodelist()
  File "D:\Users\18203\blog\lib\site-packages\django\template\base.py", line 200, in compile_nodelist
    return parser.parse()
  File "D:\Users\18203\blog\lib\site-packages\django\template\base.py", line 513, in parse
    raise self.error(token, e)
  File "D:\Users\18203\blog\lib\site-packages\django\template\base.py", line 511, in parse
    compiled_result = compile_func(self, token)
  File "D:\Users\18203\blog\lib\site-packages\django\template\loader_tags.py", line 293, in do_extends
    nodelist = parser.parse()
  File "D:\Users\18203\blog\lib\site-packages\django\template\base.py", line 513, in parse
    raise self.error(token, e)
  File "D:\Users\18203\blog\lib\site-packages\django\template\base.py", line 511, in parse
    compiled_result = compile_func(self, token)
  File "D:\Users\18203\blog\lib\site-packages\django\template\loader_tags.py", line 226, in do_block
    raise TemplateSyntaxError(
django.template.exceptions.TemplateSyntaxError: 'block' tag with name 'aside' appears more than once
ERROR 2022-08-31 16:23:42,847 basehttp 187 "GET /posts/5/ HTTP/1.1" 500 165529
ERROR 2022-08-31 16:24:21,420 log 241 Internal Server Error: /posts/5/
Traceback (most recent call last):
  File "D:\Users\18203\blog\lib\site-packages\django\template\backends\django.py", line 62, in render
    return self.template.render(context)
  File "D:\Users\18203\blog\lib\site-packages\django\template\base.py", line 175, in render
    return self._render(context)
  File "D:\Users\18203\blog\lib\site-packages\django\template\base.py", line 167, in _render
    return self.nodelist.render(context)
  File "D:\Users\18203\blog\lib\site-packages\django\template\base.py", line 1005, in render
    return SafeString("".join([node.render_annotated(context) for node in self]))
  File "D:\Users\18203\blog\lib\site-packages\django\template\base.py", line 1005, in <listcomp>
    return SafeString("".join([node.render_annotated(context) for node in self]))
  File "D:\Users\18203\blog\lib\site-packages\django\template\base.py", line 966, in render_annotated
    return self.render(context)
  File "D:\Users\18203\blog\lib\site-packages\django\template\loader_tags.py", line 132, in render
    compiled_parent = self.get_parent(context)
  File "D:\Users\18203\blog\lib\site-packages\django\template\loader_tags.py", line 129, in get_parent
    return self.find_template(parent, context)
  File "D:\Users\18203\blog\lib\site-packages\django\template\loader_tags.py", line 107, in find_template
    template, origin = context.template.engine.find_template(
  File "D:\Users\18203\blog\lib\site-packages\django\template\engine.py", line 161, in find_template
    raise TemplateDoesNotExist(name, tried=tried)
django.template.exceptions.TemplateDoesNotExist: index.html

The above exception was the direct cause of the following exception:

Traceback (most recent call last):
  File "D:\Users\18203\blog\lib\site-packages\django\core\handlers\exception.py", line 55, in inner
    response = get_response(request)
  File "D:\Users\18203\blog\lib\site-packages\django\core\handlers\base.py", line 220, in _get_response
    response = response.render()
  File "D:\Users\18203\blog\lib\site-packages\django\template\response.py", line 114, in render
    self.content = self.rendered_content
  File "D:\Users\18203\blog\lib\site-packages\django\template\response.py", line 92, in rendered_content
    return template.render(context, self._request)
  File "D:\Users\18203\blog\lib\site-packages\django\template\backends\django.py", line 64, in render
    reraise(exc, self.backend)
  File "D:\Users\18203\blog\lib\site-packages\django\template\backends\django.py", line 85, in reraise
    raise new from exc
django.template.exceptions.TemplateDoesNotExist: index.html
ERROR 2022-08-31 16:24:21,422 basehttp 187 "GET /posts/5/ HTTP/1.1" 500 131550
INFO 2022-08-31 16:24:29,171 basehttp 187 "GET /posts/5/ HTTP/1.1" 200 25215
WARNING 2022-08-31 16:24:29,249 log 241 Not Found: /posts/5/example.jpg
WARNING 2022-08-31 16:24:29,250 log 241 Not Found: /posts/5/a.jpg
WARNING 2022-08-31 16:24:29,251 basehttp 187 "GET /posts/5/example.jpg HTTP/1.1" 404 4043
WARNING 2022-08-31 16:24:29,251 basehttp 187 "GET /posts/5/a.jpg HTTP/1.1" 404 4025
INFO 2022-08-31 16:25:19,965 basehttp 187 "GET /posts/5/ HTTP/1.1" 200 25215
WARNING 2022-08-31 16:25:20,028 log 241 Not Found: /posts/5/a.jpg
WARNING 2022-08-31 16:25:20,030 log 241 Not Found: /posts/5/example.jpg
WARNING 2022-08-31 16:25:20,031 basehttp 187 "GET /posts/5/a.jpg HTTP/1.1" 404 4025
WARNING 2022-08-31 16:25:20,031 basehttp 187 "GET /posts/5/example.jpg HTTP/1.1" 404 4043
INFO 2022-08-31 16:25:59,420 basehttp 187 "GET /posts/5/ HTTP/1.1" 200 29708
WARNING 2022-08-31 16:25:59,481 log 241 Not Found: /posts/5/example.jpg
WARNING 2022-08-31 16:25:59,483 log 241 Not Found: /posts/5/a.jpg
WARNING 2022-08-31 16:25:59,483 basehttp 187 "GET /posts/5/a.jpg HTTP/1.1" 404 4025
WARNING 2022-08-31 16:25:59,484 basehttp 187 "GET /posts/5/example.jpg HTTP/1.1" 404 4043
INFO 2022-08-31 16:26:03,885 basehttp 187 "GET / HTTP/1.1" 200 18080
INFO 2022-08-31 16:26:06,690 basehttp 187 "GET /admin/ HTTP/1.1" 302 0
INFO 2022-08-31 16:26:06,709 basehttp 187 "GET /admin/login/?next=/admin/ HTTP/1.1" 200 2220
INFO 2022-08-31 16:26:08,400 basehttp 187 "GET /about/ HTTP/1.1" 200 6709
WARNING 2022-08-31 16:26:08,454 log 241 Not Found: /about/img/me.jpg
WARNING 2022-08-31 16:26:08,455 basehttp 187 "GET /about/img/me.jpg HTTP/1.1" 404 4034
INFO 2022-08-31 16:26:10,797 basehttp 187 "GET /contact/ HTTP/1.1" 200 6042
INFO 2022-08-31 16:26:14,028 basehttp 187 "GET /about/ HTTP/1.1" 200 6709
WARNING 2022-08-31 16:26:14,069 log 241 Not Found: /about/img/me.jpg
WARNING 2022-08-31 16:26:14,070 basehttp 187 "GET /about/img/me.jpg HTTP/1.1" 404 4034
INFO 2022-08-31 16:26:34,390 basehttp 187 "GET /contact/ HTTP/1.1" 200 6042
INFO 2022-08-31 16:26:42,308 basehttp 187 "GET /about/ HTTP/1.1" 200 6709
WARNING 2022-08-31 16:26:42,349 log 241 Not Found: /about/img/me.jpg
WARNING 2022-08-31 16:26:42,350 basehttp 187 "GET /about/img/me.jpg HTTP/1.1" 404 4034
ERROR 2022-08-31 16:28:51,600 log 241 Internal Server Error: /about/
Traceback (most recent call last):
  File "D:\Users\18203\blog\lib\site-packages\django\core\handlers\exception.py", line 55, in inner
    response = get_response(request)
  File "D:\Users\18203\blog\lib\site-packages\django\core\handlers\base.py", line 197, in _get_response
    response = wrapped_callback(request, *callback_args, **callback_kwargs)
  File "D:\Users\18203\Desktop\work\blogproject\blog\views.py", line 78, in about
    return render(request, 'about.html')
  File "D:\Users\18203\blog\lib\site-packages\django\shortcuts.py", line 24, in render
    content = loader.render_to_string(template_name, context, request, using=using)
  File "D:\Users\18203\blog\lib\site-packages\django\template\loader.py", line 61, in render_to_string
    template = get_template(template_name, using=using)
  File "D:\Users\18203\blog\lib\site-packages\django\template\loader.py", line 15, in get_template
    return engine.get_template(template_name)
  File "D:\Users\18203\blog\lib\site-packages\django\template\backends\django.py", line 34, in get_template
    return Template(self.engine.get_template(template_name), self)
  File "D:\Users\18203\blog\lib\site-packages\django\template\engine.py", line 175, in get_template
    template, origin = self.find_template(template_name)
  File "D:\Users\18203\blog\lib\site-packages\django\template\engine.py", line 157, in find_template
    template = loader.get_template(name, skip=skip)
  File "D:\Users\18203\blog\lib\site-packages\django\template\loaders\cached.py", line 57, in get_template
    template = super().get_template(template_name, skip)
  File "D:\Users\18203\blog\lib\site-packages\django\template\loaders\base.py", line 28, in get_template
    return Template(
  File "D:\Users\18203\blog\lib\site-packages\django\template\base.py", line 154, in __init__
    self.nodelist = self.compile_nodelist()
  File "D:\Users\18203\blog\lib\site-packages\django\template\base.py", line 200, in compile_nodelist
    return parser.parse()
  File "D:\Users\18203\blog\lib\site-packages\django\template\base.py", line 513, in parse
    raise self.error(token, e)
  File "D:\Users\18203\blog\lib\site-packages\django\template\base.py", line 511, in parse
    compiled_result = compile_func(self, token)
  File "D:\Users\18203\blog\lib\site-packages\django\template\loader_tags.py", line 293, in do_extends
    nodelist = parser.parse()
  File "D:\Users\18203\blog\lib\site-packages\django\template\base.py", line 513, in parse
    raise self.error(token, e)
  File "D:\Users\18203\blog\lib\site-packages\django\template\base.py", line 511, in parse
    compiled_result = compile_func(self, token)
  File "D:\Users\18203\blog\lib\site-packages\django\template\loader_tags.py", line 232, in do_block
    nodelist = parser.parse(("endblock",))
  File "D:\Users\18203\blog\lib\site-packages\django\template\base.py", line 513, in parse
    raise self.error(token, e)
  File "D:\Users\18203\blog\lib\site-packages\django\template\base.py", line 511, in parse
    compiled_result = compile_func(self, token)
  File "D:\Users\18203\blog\lib\site-packages\django\templatetags\static.py", line 171, in do_static
    return StaticNode.handle_token(parser, token)
  File "D:\Users\18203\blog\lib\site-packages\django\templatetags\static.py", line 145, in handle_token
    path = parser.compile_filter(bits[1])
  File "D:\Users\18203\blog\lib\site-packages\django\template\base.py", line 600, in compile_filter
    return FilterExpression(token, self)
  File "D:\Users\18203\blog\lib\site-packages\django\template\base.py", line 703, in __init__
    raise TemplateSyntaxError(
django.template.exceptions.TemplateSyntaxError: Could not parse the remainder: '/static/img/me.jpg' from 'blog/static/img/me.jpg'
ERROR 2022-08-31 16:28:51,603 basehttp 187 "GET /about/ HTTP/1.1" 500 187614
INFO 2022-08-31 16:30:29,239 basehttp 187 "GET /about/ HTTP/1.1" 200 6826
WARNING 2022-08-31 16:30:29,320 log 241 Not Found: /about/img/me.jpg
WARNING 2022-08-31 16:30:29,321 basehttp 187 "GET /about/img/me.jpg HTTP/1.1" 404 4034
INFO 2022-08-31 16:30:29,599 basehttp 187 "GET /static/blog/img/me.jpg HTTP/1.1" 200 63353
INFO 2022-08-31 16:30:46,371 basehttp 187 "GET /about/ HTTP/1.1" 200 6749
INFO 2022-08-31 16:33:18,129 basehttp 187 "GET /contact/ HTTP/1.1" 200 6042
INFO 2022-08-31 16:33:21,042 basehttp 187 "GET / HTTP/1.1" 200 18080
INFO 2022-08-31 16:33:24,068 basehttp 187 "GET /admin/ HTTP/1.1" 302 0
INFO 2022-08-31 16:33:24,084 basehttp 187 "GET /admin/login/?next=/admin/ HTTP/1.1" 200 2220
INFO 2022-08-31 16:33:26,248 basehttp 187 "GET /about/ HTTP/1.1" 200 6749
INFO 2022-08-31 16:33:27,815 basehttp 187 "GET /admin/ HTTP/1.1" 302 0
INFO 2022-08-31 16:33:27,828 basehttp 187 "GET /admin/login/?next=/admin/ HTTP/1.1" 200 2220
INFO 2022-08-31 16:33:42,066 autoreload 677 Watching for file changes with StatReloader
INFO 2022-08-31 16:33:44,907 basehttp 187 "GET / HTTP/1.1" 200 18080
WARNING 2022-08-31 16:33:46,209 log 241 Not Found: /favicon.ico
WARNING 2022-08-31 16:33:46,210 basehttp 187 "GET /favicon.ico HTTP/1.1" 404 4019
INFO 2022-08-31 16:34:02,709 basehttp 187 "GET /archives/2022/3/ HTTP/1.1" 200 17792
INFO 2022-08-31 16:34:05,600 basehttp 187 "GET /archives/2022/6/ HTTP/1.1" 200 17748
INFO 2022-08-31 16:34:09,463 basehttp 187 "GET /archives/2022/1/ HTTP/1.1" 200 17714
INFO 2022-08-31 16:39:08,678 basehttp 187 "GET /posts/59/ HTTP/1.1" 200 12864
INFO 2022-08-31 16:39:14,268 basehttp 187 "GET /posts/59/ HTTP/1.1" 200 12864
INFO 2022-08-31 16:39:20,517 basehttp 187 "GET /contact/ HTTP/1.1" 200 6042
ERROR 2022-08-31 16:40:54,328 log 241 Internal Server Error: /contact/
Traceback (most recent call last):
  File "D:\Users\18203\blog\lib\site-packages\django\core\handlers\exception.py", line 55, in inner
    response = get_response(request)
  File "D:\Users\18203\blog\lib\site-packages\django\core\handlers\base.py", line 197, in _get_response
    response = wrapped_callback(request, *callback_args, **callback_kwargs)
  File "D:\Users\18203\Desktop\work\blogproject\blog\views.py", line 164, in contact
    return render(request, 'contact.html')
  File "D:\Users\18203\blog\lib\site-packages\django\shortcuts.py", line 24, in render
    content = loader.render_to_string(template_name, context, request, using=using)
  File "D:\Users\18203\blog\lib\site-packages\django\template\loader.py", line 62, in render_to_string
    return template.render(context, request)
  File "D:\Users\18203\blog\lib\site-packages\django\template\backends\django.py", line 62, in render
    return self.template.render(context)
  File "D:\Users\18203\blog\lib\site-packages\django\template\base.py", line 175, in render
    return self._render(context)
  File "D:\Users\18203\blog\lib\site-packages\django\template\base.py", line 167, in _render
    return self.nodelist.render(context)
  File "D:\Users\18203\blog\lib\site-packages\django\template\base.py", line 1005, in render
    return SafeString("".join([node.render_annotated(context) for node in self]))
  File "D:\Users\18203\blog\lib\site-packages\django\template\base.py", line 1005, in <listcomp>
    return SafeString("".join([node.render_annotated(context) for node in self]))
  File "D:\Users\18203\blog\lib\site-packages\django\template\base.py", line 966, in render_annotated
    return self.render(context)
  File "D:\Users\18203\blog\lib\site-packages\django\template\loader_tags.py", line 157, in render
    return compiled_parent._render(context)
  File "D:\Users\18203\blog\lib\site-packages\django\template\base.py", line 167, in _render
    return self.nodelist.render(context)
  File "D:\Users\18203\blog\lib\site-packages\django\template\base.py", line 1005, in render
    return SafeString("".join([node.render_annotated(context) for node in self]))
  File "D:\Users\18203\blog\lib\site-packages\django\template\base.py", line 1005, in <listcomp>
    return SafeString("".join([node.render_annotated(context) for node in self]))
  File "D:\Users\18203\blog\lib\site-packages\django\template\base.py", line 966, in render_annotated
    return self.render(context)
  File "D:\Users\18203\blog\lib\site-packages\django\template\loader_tags.py", line 63, in render
    result = block.nodelist.render(context)
  File "D:\Users\18203\blog\lib\site-packages\django\template\base.py", line 1005, in render
    return SafeString("".join([node.render_annotated(context) for node in self]))
  File "D:\Users\18203\blog\lib\site-packages\django\template\base.py", line 1005, in <listcomp>
    return SafeString("".join([node.render_annotated(context) for node in self]))
  File "D:\Users\18203\blog\lib\site-packages\django\template\base.py", line 966, in render_annotated
    return self.render(context)
  File "D:\Users\18203\blog\lib\site-packages\django\template\library.py", line 278, in render
    return t.render(new_context)
  File "D:\Users\18203\blog\lib\site-packages\django\template\base.py", line 177, in render
    return self._render(context)
  File "D:\Users\18203\blog\lib\site-packages\django\template\base.py", line 167, in _render
    return self.nodelist.render(context)
  File "D:\Users\18203\blog\lib\site-packages\django\template\base.py", line 1005, in render
    return SafeString("".join([node.render_annotated(context) for node in self]))
  File "D:\Users\18203\blog\lib\site-packages\django\template\base.py", line 1005, in <listcomp>
    return SafeString("".join([node.render_annotated(context) for node in self]))
  File "D:\Users\18203\blog\lib\site-packages\django\template\base.py", line 966, in render_annotated
    return self.render(context)
  File "D:\Users\18203\blog\lib\site-packages\django\template\defaulttags.py", line 472, in render
    url = reverse(view_name, args=args, kwargs=kwargs, current_app=current_app)
  File "D:\Users\18203\blog\lib\site-packages\django\urls\base.py", line 88, in reverse
    return resolver._reverse_with_prefix(view, prefix, *args, **kwargs)
  File "D:\Users\18203\blog\lib\site-packages\django\urls\resolvers.py", line 803, in _reverse_with_prefix
    raise NoReverseMatch(msg)
django.urls.exceptions.NoReverseMatch: Reverse for 'comment' with arguments '('',)' not found. 1 pattern(s) tried: ['comment/(?P<post_pk>[0-9]+)\\Z']
ERROR 2022-08-31 16:40:54,338 basehttp 187 "GET /contact/ HTTP/1.1" 500 194787
ERROR 2022-08-31 16:42:25,323 log 241 Internal Server Error: /contact/
Traceback (most recent call last):
  File "D:\Users\18203\blog\lib\site-packages\django\core\handlers\exception.py", line 55, in inner
    response = get_response(request)
  File "D:\Users\18203\blog\lib\site-packages\django\core\handlers\base.py", line 197, in _get_response
    response = wrapped_callback(request, *callback_args, **callback_kwargs)
  File "D:\Users\18203\Desktop\work\blogproject\blog\views.py", line 164, in contact
    return render(request, 'contact.html')
  File "D:\Users\18203\blog\lib\site-packages\django\shortcuts.py", line 24, in render
    content = loader.render_to_string(template_name, context, request, using=using)
  File "D:\Users\18203\blog\lib\site-packages\django\template\loader.py", line 62, in render_to_string
    return template.render(context, request)
  File "D:\Users\18203\blog\lib\site-packages\django\template\backends\django.py", line 62, in render
    return self.template.render(context)
  File "D:\Users\18203\blog\lib\site-packages\django\template\base.py", line 175, in render
    return self._render(context)
  File "D:\Users\18203\blog\lib\site-packages\django\template\base.py", line 167, in _render
    return self.nodelist.render(context)
  File "D:\Users\18203\blog\lib\site-packages\django\template\base.py", line 1005, in render
    return SafeString("".join([node.render_annotated(context) for node in self]))
  File "D:\Users\18203\blog\lib\site-packages\django\template\base.py", line 1005, in <listcomp>
    return SafeString("".join([node.render_annotated(context) for node in self]))
  File "D:\Users\18203\blog\lib\site-packages\django\template\base.py", line 966, in render_annotated
    return self.render(context)
  File "D:\Users\18203\blog\lib\site-packages\django\template\loader_tags.py", line 157, in render
    return compiled_parent._render(context)
  File "D:\Users\18203\blog\lib\site-packages\django\template\base.py", line 167, in _render
    return self.nodelist.render(context)
  File "D:\Users\18203\blog\lib\site-packages\django\template\base.py", line 1005, in render
    return SafeString("".join([node.render_annotated(context) for node in self]))
  File "D:\Users\18203\blog\lib\site-packages\django\template\base.py", line 1005, in <listcomp>
    return SafeString("".join([node.render_annotated(context) for node in self]))
  File "D:\Users\18203\blog\lib\site-packages\django\template\base.py", line 966, in render_annotated
    return self.render(context)
  File "D:\Users\18203\blog\lib\site-packages\django\template\loader_tags.py", line 63, in render
    result = block.nodelist.render(context)
  File "D:\Users\18203\blog\lib\site-packages\django\template\base.py", line 1005, in render
    return SafeString("".join([node.render_annotated(context) for node in self]))
  File "D:\Users\18203\blog\lib\site-packages\django\template\base.py", line 1005, in <listcomp>
    return SafeString("".join([node.render_annotated(context) for node in self]))
  File "D:\Users\18203\blog\lib\site-packages\django\template\base.py", line 966, in render_annotated
    return self.render(context)
  File "D:\Users\18203\blog\lib\site-packages\django\template\library.py", line 278, in render
    return t.render(new_context)
  File "D:\Users\18203\blog\lib\site-packages\django\template\base.py", line 177, in render
    return self._render(context)
  File "D:\Users\18203\blog\lib\site-packages\django\template\base.py", line 167, in _render
    return self.nodelist.render(context)
  File "D:\Users\18203\blog\lib\site-packages\django\template\base.py", line 1005, in render
    return SafeString("".join([node.render_annotated(context) for node in self]))
  File "D:\Users\18203\blog\lib\site-packages\django\template\base.py", line 1005, in <listcomp>
    return SafeString("".join([node.render_annotated(context) for node in self]))
  File "D:\Users\18203\blog\lib\site-packages\django\template\base.py", line 966, in render_annotated
    return self.render(context)
  File "D:\Users\18203\blog\lib\site-packages\django\template\defaulttags.py", line 472, in render
    url = reverse(view_name, args=args, kwargs=kwargs, current_app=current_app)
  File "D:\Users\18203\blog\lib\site-packages\django\urls\base.py", line 88, in reverse
    return resolver._reverse_with_prefix(view, prefix, *args, **kwargs)
  File "D:\Users\18203\blog\lib\site-packages\django\urls\resolvers.py", line 803, in _reverse_with_prefix
    raise NoReverseMatch(msg)
django.urls.exceptions.NoReverseMatch: Reverse for 'comment' with arguments '('',)' not found. 1 pattern(s) tried: ['comment/(?P<post_pk>[0-9]+)\\Z']
ERROR 2022-08-31 16:42:25,328 basehttp 187 "GET /contact/ HTTP/1.1" 500 194223
INFO 2022-08-31 16:50:02,583 autoreload 266 D:\Users\18203\Desktop\work\blogproject\blog\views.py changed, reloading.
INFO 2022-08-31 16:50:03,544 autoreload 677 Watching for file changes with StatReloader
INFO 2022-08-31 16:52:21,463 autoreload 677 Watching for file changes with StatReloader
INFO 2022-08-31 16:52:25,929 basehttp 187 "GET /contact/ HTTP/1.1" 200 5125
INFO 2022-08-31 16:52:27,694 basehttp 187 "GET /about/ HTTP/1.1" 200 6749
INFO 2022-08-31 16:52:28,525 basehttp 187 "GET /admin/ HTTP/1.1" 302 0
INFO 2022-08-31 16:52:28,562 basehttp 187 "GET /admin/login/?next=/admin/ HTTP/1.1" 200 2220
INFO 2022-08-31 16:52:30,596 basehttp 187 "GET / HTTP/1.1" 200 18080
INFO 2022-08-31 17:22:17,463 autoreload 677 Watching for file changes with StatReloader
INFO 2022-08-31 17:22:22,701 basehttp 187 "GET / HTTP/1.1" 200 18080
WARNING 2022-08-31 17:22:24,096 log 241 Not Found: /favicon.ico
WARNING 2022-08-31 17:22:24,097 basehttp 187 "GET /favicon.ico HTTP/1.1" 404 4019
INFO 2022-08-31 17:22:29,607 basehttp 187 "GET /?page=2 HTTP/1.1" 200 18065
INFO 2022-08-31 17:22:36,114 basehttp 187 "GET /categories/14/ HTTP/1.1" 200 17900
INFO 2022-08-31 17:22:39,158 basehttp 187 "GET /tags/12/ HTTP/1.1" 200 18058
INFO 2022-08-31 17:22:42,601 basehttp 187 "GET /tags/12/?page=2 HTTP/1.1" 200 18060
INFO 2022-08-31 17:22:48,557 basehttp 187 "GET /contact/ HTTP/1.1" 200 5125
INFO 2022-08-31 17:22:50,070 basehttp 187 "GET /about/ HTTP/1.1" 200 6749
INFO 2022-08-31 17:22:54,210 basehttp 187 "GET /admin/ HTTP/1.1" 302 0
INFO 2022-08-31 17:22:54,314 basehttp 187 "GET /admin/login/?next=/admin/ HTTP/1.1" 200 2220
INFO 2022-08-31 17:22:55,841 basehttp 187 "POST /admin/login/?next=/admin/ HTTP/1.1" 200 2351
INFO 2022-08-31 17:22:55,912 basehttp 187 "GET /static/admin/fonts/Roboto-Bold-webfont.woff HTTP/1.1" 304 0
INFO 2022-08-31 17:23:00,655 basehttp 187 "POST /admin/login/?next=/admin/ HTTP/1.1" 200 2351
INFO 2022-08-31 17:23:08,153 basehttp 187 "POST /admin/login/?next=/admin/ HTTP/1.1" 200 2351
INFO 2022-08-31 17:23:09,497 basehttp 187 "POST /admin/login/?next=/admin/ HTTP/1.1" 200 2351
INFO 2022-08-31 17:23:42,118 basehttp 187 "GET /admin/login/?next=/admin/ HTTP/1.1" 200 2220
INFO 2022-08-31 17:23:43,989 basehttp 187 "GET / HTTP/1.1" 200 18080
INFO 2022-08-31 17:23:48,744 basehttp 187 "GET /contact/ HTTP/1.1" 200 5125
INFO 2022-08-31 17:23:50,111 basehttp 187 "GET /about/ HTTP/1.1" 200 6749
INFO 2022-08-31 17:23:51,879 basehttp 187 "GET /admin/ HTTP/1.1" 302 0
INFO 2022-08-31 17:23:51,889 basehttp 187 "GET /admin/login/?next=/admin/ HTTP/1.1" 200 2220
INFO 2022-08-31 17:23:58,070 basehttp 187 "GET /contact/ HTTP/1.1" 200 5125
INFO 2022-08-31 17:24:11,352 basehttp 187 "GET / HTTP/1.1" 200 18080
INFO 2022-08-31 17:24:15,058 basehttp 187 "GET / HTTP/1.1" 200 18080
INFO 2022-08-31 17:29:25,339 autoreload 266 D:\Users\18203\Desktop\work\blogproject\contact\models.py changed, reloading.
INFO 2022-08-31 17:29:26,581 autoreload 677 Watching for file changes with StatReloader
INFO 2022-08-31 17:32:43,168 autoreload 266 D:\Users\18203\Desktop\work\blogproject\contact\models.py changed, reloading.
INFO 2022-08-31 17:32:44,246 autoreload 677 Watching for file changes with StatReloader
INFO 2022-09-01 10:13:11,145 autoreload 677 Watching for file changes with StatReloader
INFO 2022-09-01 10:13:14,728 basehttp 187 "GET / HTTP/1.1" 200 18080
INFO 2022-09-01 10:13:14,809 basehttp 187 "GET /static/blog/css/bootstrap.min.css HTTP/1.1" 304 0
INFO 2022-09-01 10:13:14,817 basehttp 187 "GET /static/blog/css/custom.css HTTP/1.1" 304 0
INFO 2022-09-01 10:13:14,817 basehttp 187 "GET /static/blog/css/pace.css HTTP/1.1" 304 0
INFO 2022-09-01 10:13:14,823 basehttp 187 "GET /static/blog/js/jquery-2.1.3.min.js HTTP/1.1" 304 0
INFO 2022-09-01 10:13:14,825 basehttp 187 "GET /static/blog/js/bootstrap.min.js HTTP/1.1" 304 0
INFO 2022-09-01 10:13:14,829 basehttp 187 "GET /static/blog/js/script.js HTTP/1.1" 304 0
INFO 2022-09-01 10:13:14,830 basehttp 187 "GET /static/blog/js/pace.min.js HTTP/1.1" 304 0
INFO 2022-09-01 10:13:14,830 basehttp 187 "GET /static/blog/js/modernizr.custom.js HTTP/1.1" 304 0
WARNING 2022-09-01 10:13:15,510 log 241 Not Found: /favicon.ico
WARNING 2022-09-01 10:13:15,511 basehttp 187 "GET /favicon.ico HTTP/1.1" 404 4019
WARNING 2022-09-01 10:13:16,844 log 241 Method Not Allowed (GET): /contact/
WARNING 2022-09-01 10:13:16,844 basehttp 187 "GET /contact/ HTTP/1.1" 405 0
WARNING 2022-09-01 10:13:24,733 log 241 Method Not Allowed (GET): /contact/
WARNING 2022-09-01 10:13:24,734 basehttp 187 "GET /contact/ HTTP/1.1" 405 0
INFO 2022-09-01 10:13:54,037 autoreload 266 D:\Users\18203\Desktop\work\blogproject\comments\views.py changed, reloading.
INFO 2022-09-01 10:13:54,761 autoreload 677 Watching for file changes with StatReloader
INFO 2022-09-01 10:13:57,664 autoreload 677 Watching for file changes with StatReloader
WARNING 2022-09-01 10:13:59,170 log 241 Method Not Allowed (GET): /contact/
WARNING 2022-09-01 10:13:59,172 basehttp 187 "GET /contact/ HTTP/1.1" 405 0
WARNING 2022-09-01 10:14:00,259 log 241 Method Not Allowed (GET): /contact/
WARNING 2022-09-01 10:14:00,260 basehttp 187 "GET /contact/ HTTP/1.1" 405 0
WARNING 2022-09-01 10:14:01,132 log 241 Method Not Allowed (GET): /contact/
WARNING 2022-09-01 10:14:01,133 basehttp 187 "GET /contact/ HTTP/1.1" 405 0
INFO 2022-09-01 10:14:08,676 basehttp 187 "GET /about/ HTTP/1.1" 200 6749
INFO 2022-09-01 10:14:08,714 basehttp 187 "GET /static/blog/img/me.jpg HTTP/1.1" 304 0
INFO 2022-09-01 10:14:15,978 basehttp 187 "GET /admin/ HTTP/1.1" 302 0
INFO 2022-09-01 10:14:16,063 basehttp 187 "GET /admin/login/?next=/admin/ HTTP/1.1" 200 2220
INFO 2022-09-01 10:14:16,110 basehttp 187 "GET /static/admin/css/dark_mode.css HTTP/1.1" 304 0
INFO 2022-09-01 10:14:16,112 basehttp 187 "GET /static/admin/css/base.css HTTP/1.1" 304 0
INFO 2022-09-01 10:14:16,113 basehttp 187 "GET /static/admin/css/nav_sidebar.css HTTP/1.1" 304 0
INFO 2022-09-01 10:14:16,115 basehttp 187 "GET /static/admin/css/login.css HTTP/1.1" 304 0
INFO 2022-09-01 10:14:16,117 basehttp 187 "GET /static/admin/css/responsive.css HTTP/1.1" 304 0
INFO 2022-09-01 10:14:16,118 basehttp 187 "GET /static/admin/js/nav_sidebar.js HTTP/1.1" 304 0
INFO 2022-09-01 10:14:16,121 basehttp 187 "GET /static/admin/css/fonts.css HTTP/1.1" 304 0
INFO 2022-09-01 10:14:16,175 basehttp 187 "GET /static/admin/fonts/Roboto-Regular-webfont.woff HTTP/1.1" 304 0
INFO 2022-09-01 10:14:16,178 basehttp 187 "GET /static/admin/fonts/Roboto-Light-webfont.woff HTTP/1.1" 304 0
INFO 2022-09-01 10:14:19,238 basehttp 187 "GET / HTTP/1.1" 200 18080
INFO 2022-09-01 10:14:23,364 basehttp 187 "GET /?page=2 HTTP/1.1" 200 18065
WARNING 2022-09-01 10:14:25,362 log 241 Method Not Allowed (GET): /contact/
WARNING 2022-09-01 10:14:25,363 basehttp 187 "GET /contact/ HTTP/1.1" 405 0
WARNING 2022-09-01 10:14:31,202 log 241 Method Not Allowed (GET): /contact/
WARNING 2022-09-01 10:14:31,203 basehttp 187 "GET /contact/ HTTP/1.1" 405 0
INFO 2022-09-01 10:14:52,936 autoreload 266 D:\Users\18203\Desktop\work\blogproject\comments\views.py changed, reloading.
INFO 2022-09-01 10:14:53,721 autoreload 677 Watching for file changes with StatReloader
INFO 2022-09-01 10:15:19,926 autoreload 266 D:\Users\18203\Desktop\work\blogproject\comments\views.py changed, reloading.
INFO 2022-09-01 10:15:20,707 autoreload 677 Watching for file changes with StatReloader
INFO 2022-09-01 10:15:26,231 autoreload 677 Watching for file changes with StatReloader
INFO 2022-09-01 10:15:26,826 basehttp 187 "GET /contact/ HTTP/1.1" 200 6538
INFO 2022-09-01 10:15:34,663 basehttp 187 "GET / HTTP/1.1" 200 18080
INFO 2022-09-01 10:15:36,243 basehttp 187 "GET /contact/ HTTP/1.1" 200 6538
INFO 2022-09-01 10:15:57,681 basehttp 187 "POST /contact/ HTTP/1.1" 200 6040
INFO 2022-09-01 10:16:01,909 basehttp 187 "POST /contact/ HTTP/1.1" 200 6040
INFO 2022-09-01 10:16:04,131 basehttp 187 "POST /contact/ HTTP/1.1" 200 6538
INFO 2022-09-01 10:16:08,853 basehttp 187 "GET / HTTP/1.1" 200 18080
INFO 2022-09-01 10:16:11,642 basehttp 187 "GET /contact/ HTTP/1.1" 200 6538
INFO 2022-09-01 10:16:47,866 basehttp 187 "GET /contact/ HTTP/1.1" 200 6538
INFO 2022-09-01 10:16:50,908 basehttp 187 "GET / HTTP/1.1" 200 18080
INFO 2022-09-01 10:16:52,243 basehttp 187 "GET /contact/ HTTP/1.1" 200 6538
INFO 2022-09-01 10:17:36,331 basehttp 187 "POST /contact/ HTTP/1.1" 200 6040
INFO 2022-09-01 10:17:42,286 basehttp 187 "GET /contact/ HTTP/1.1" 200 6538
INFO 2022-09-01 10:17:46,760 basehttp 187 "POST /contact/ HTTP/1.1" 200 6040
INFO 2022-09-01 10:18:37,981 autoreload 266 D:\Users\18203\Desktop\work\blogproject\contact\views.py changed, reloading.
INFO 2022-09-01 10:18:38,771 autoreload 677 Watching for file changes with StatReloader
INFO 2022-09-01 10:18:41,849 basehttp 187 "POST /contact/ HTTP/1.1" 200 6413
INFO 2022-09-01 10:18:43,227 basehttp 187 "POST /contact/ HTTP/1.1" 200 6413
INFO 2022-09-01 10:18:50,711 basehttp 187 "GET /contact/ HTTP/1.1" 200 6538
INFO 2022-09-01 10:19:18,124 autoreload 266 D:\Users\18203\Desktop\work\blogproject\contact\views.py changed, reloading.
INFO 2022-09-01 10:19:18,901 autoreload 677 Watching for file changes with StatReloader
INFO 2022-09-01 10:19:25,749 autoreload 677 Watching for file changes with StatReloader
INFO 2022-09-01 10:19:27,172 basehttp 187 "GET /contact/ HTTP/1.1" 200 6544
INFO 2022-09-01 10:19:29,622 basehttp 187 "GET / HTTP/1.1" 200 18080
INFO 2022-09-01 10:19:30,452 basehttp 187 "GET /contact/ HTTP/1.1" 200 6544
INFO 2022-09-01 10:19:44,890 autoreload 266 D:\Users\18203\Desktop\work\blogproject\contact\views.py changed, reloading.
INFO 2022-09-01 10:19:45,643 autoreload 677 Watching for file changes with StatReloader
INFO 2022-09-01 10:19:48,503 autoreload 677 Watching for file changes with StatReloader
INFO 2022-09-01 10:19:50,191 basehttp 187 "GET /contact/ HTTP/1.1" 200 6545
INFO 2022-09-01 10:19:52,078 basehttp 187 "GET / HTTP/1.1" 200 18080
INFO 2022-09-01 10:19:52,917 basehttp 187 "GET /contact/ HTTP/1.1" 200 6545
INFO 2022-09-01 10:27:57,374 autoreload 266 D:\Users\18203\Desktop\work\blogproject\contact\views.py changed, reloading.
INFO 2022-09-01 10:27:58,123 autoreload 677 Watching for file changes with StatReloader
INFO 2022-09-01 10:28:36,571 autoreload 677 Watching for file changes with StatReloader
INFO 2022-09-01 10:28:37,655 basehttp 187 "GET /contact/ HTTP/1.1" 200 6545
INFO 2022-09-01 10:28:41,583 basehttp 187 "GET / HTTP/1.1" 200 18080
INFO 2022-09-01 10:28:43,676 basehttp 187 "GET /contact/ HTTP/1.1" 200 6545
INFO 2022-09-01 10:28:47,442 basehttp 187 "GET /about/ HTTP/1.1" 200 6749
INFO 2022-09-01 10:28:49,419 basehttp 187 "GET /contact/ HTTP/1.1" 200 6545
INFO 2022-09-01 10:29:03,631 basehttp 187 "POST /contact/ HTTP/1.1" 200 6679
INFO 2022-09-01 10:38:53,176 autoreload 677 Watching for file changes with StatReloader
ERROR 2022-09-01 10:38:57,462 log 241 Internal Server Error: /contact/
Traceback (most recent call last):
  File "D:\Users\18203\blog\lib\site-packages\django\core\handlers\exception.py", line 55, in inner
    response = get_response(request)
  File "D:\Users\18203\blog\lib\site-packages\django\core\handlers\base.py", line 197, in _get_response
    response = wrapped_callback(request, *callback_args, **callback_kwargs)
  File "D:\Users\18203\Desktop\work\blogproject\contact\views.py", line 13, in contact
    context = {'form': form}
UnboundLocalError: local variable 'form' referenced before assignment
ERROR 2022-09-01 10:38:57,463 basehttp 187 "GET /contact/ HTTP/1.1" 500 70271
INFO 2022-09-01 10:39:54,055 autoreload 266 D:\Users\18203\Desktop\work\blogproject\contact\views.py changed, reloading.
INFO 2022-09-01 10:39:54,823 autoreload 677 Watching for file changes with StatReloader
INFO 2022-09-01 10:40:08,380 basehttp 187 "GET / HTTP/1.1" 200 18080
INFO 2022-09-01 10:40:10,994 basehttp 187 "GET /contact/ HTTP/1.1" 200 8025
INFO 2022-09-01 10:40:53,566 basehttp 187 "GET /contact/ HTTP/1.1" 200 8033
INFO 2022-09-01 10:41:24,711 basehttp 187 "GET /contact/ HTTP/1.1" 200 8159
INFO 2022-09-01 10:41:52,077 basehttp 187 "GET / HTTP/1.1" 200 18080
INFO 2022-09-01 10:41:53,041 basehttp 187 "GET /contact/ HTTP/1.1" 200 8159
INFO 2022-09-01 10:41:56,070 basehttp 187 "GET /admin/ HTTP/1.1" 302 0
INFO 2022-09-01 10:41:56,127 basehttp 187 "GET /admin/login/?next=/admin/ HTTP/1.1" 200 2220
INFO 2022-09-01 10:41:58,000 basehttp 187 "GET /about/ HTTP/1.1" 200 6749
INFO 2022-09-01 10:42:00,962 basehttp 187 "GET / HTTP/1.1" 200 18080
INFO 2022-09-01 10:42:57,772 basehttp 187 "GET /admin/ HTTP/1.1" 302 0
INFO 2022-09-01 10:42:57,785 basehttp 187 "GET /admin/login/?next=/admin/ HTTP/1.1" 200 2220
INFO 2022-09-01 10:42:59,655 basehttp 187 "GET /contact/ HTTP/1.1" 200 8159
INFO 2022-09-01 10:43:03,175 basehttp 187 "GET / HTTP/1.1" 200 18080
INFO 2022-09-01 10:43:12,536 basehttp 187 "GET /posts/5/ HTTP/1.1" 200 29692
WARNING 2022-09-01 10:43:12,620 log 241 Not Found: /posts/5/example.jpg
WARNING 2022-09-01 10:43:12,623 log 241 Not Found: /posts/5/a.jpg
WARNING 2022-09-01 10:43:12,624 basehttp 187 "GET /posts/5/example.jpg HTTP/1.1" 404 4043
WARNING 2022-09-01 10:43:12,625 basehttp 187 "GET /posts/5/a.jpg HTTP/1.1" 404 4025
INFO 2022-09-01 10:43:41,843 basehttp 187 "GET /contact/ HTTP/1.1" 200 8159
ERROR 2022-09-01 10:45:00,025 log 241 Internal Server Error: /contact/
Traceback (most recent call last):
  File "D:\Users\18203\blog\lib\site-packages\django\core\handlers\exception.py", line 55, in inner
    response = get_response(request)
  File "D:\Users\18203\blog\lib\site-packages\django\core\handlers\base.py", line 197, in _get_response
    response = wrapped_callback(request, *callback_args, **callback_kwargs)
  File "D:\Users\18203\Desktop\work\blogproject\contact\views.py", line 12, in contact
    return render(request,'contact/contact.html')
  File "D:\Users\18203\blog\lib\site-packages\django\shortcuts.py", line 24, in render
    content = loader.render_to_string(template_name, context, request, using=using)
  File "D:\Users\18203\blog\lib\site-packages\django\template\loader.py", line 61, in render_to_string
    template = get_template(template_name, using=using)
  File "D:\Users\18203\blog\lib\site-packages\django\template\loader.py", line 15, in get_template
    return engine.get_template(template_name)
  File "D:\Users\18203\blog\lib\site-packages\django\template\backends\django.py", line 34, in get_template
    return Template(self.engine.get_template(template_name), self)
  File "D:\Users\18203\blog\lib\site-packages\django\template\engine.py", line 175, in get_template
    template, origin = self.find_template(template_name)
  File "D:\Users\18203\blog\lib\site-packages\django\template\engine.py", line 157, in find_template
    template = loader.get_template(name, skip=skip)
  File "D:\Users\18203\blog\lib\site-packages\django\template\loaders\cached.py", line 57, in get_template
    template = super().get_template(template_name, skip)
  File "D:\Users\18203\blog\lib\site-packages\django\template\loaders\base.py", line 28, in get_template
    return Template(
  File "D:\Users\18203\blog\lib\site-packages\django\template\base.py", line 154, in __init__
    self.nodelist = self.compile_nodelist()
  File "D:\Users\18203\blog\lib\site-packages\django\template\base.py", line 200, in compile_nodelist
    return parser.parse()
  File "D:\Users\18203\blog\lib\site-packages\django\template\base.py", line 513, in parse
    raise self.error(token, e)
  File "D:\Users\18203\blog\lib\site-packages\django\template\base.py", line 511, in parse
    compiled_result = compile_func(self, token)
  File "D:\Users\18203\blog\lib\site-packages\django\template\loader_tags.py", line 293, in do_extends
    nodelist = parser.parse()
  File "D:\Users\18203\blog\lib\site-packages\django\template\base.py", line 513, in parse
    raise self.error(token, e)
  File "D:\Users\18203\blog\lib\site-packages\django\template\base.py", line 511, in parse
    compiled_result = compile_func(self, token)
  File "D:\Users\18203\blog\lib\site-packages\django\template\loader_tags.py", line 238, in do_block
    parser.invalid_block_tag(endblock, "endblock", acceptable_endblocks)
  File "D:\Users\18203\blog\lib\site-packages\django\template\base.py", line 558, in invalid_block_tag
    raise self.error(
django.template.exceptions.TemplateSyntaxError: Invalid block tag on line 12: 'endblock', expected 'endblock' or 'endblock main'. Did you forget to register or load this tag?
ERROR 2022-09-01 10:45:00,029 basehttp 187 "GET /contact/ HTTP/1.1" 500 155353
INFO 2022-09-01 10:45:39,440 autoreload 677 Watching for file changes with StatReloader
INFO 2022-09-01 10:45:42,715 basehttp 187 "GET /contact/ HTTP/1.1" 200 8159
INFO 2022-09-01 10:45:45,488 basehttp 187 "GET / HTTP/1.1" 200 18080
INFO 2022-09-01 10:45:46,618 basehttp 187 "GET /admin/ HTTP/1.1" 302 0
INFO 2022-09-01 10:45:46,643 basehttp 187 "GET /admin/login/?next=/admin/ HTTP/1.1" 200 2220
INFO 2022-09-01 10:45:48,268 basehttp 187 "POST /admin/login/?next=/admin/ HTTP/1.1" 200 2351
INFO 2022-09-01 10:45:48,330 basehttp 187 "GET /static/admin/fonts/Roboto-Bold-webfont.woff HTTP/1.1" 304 0
ERROR 2022-09-01 10:46:28,528 log 241 Internal Server Error: /admin/login/
Traceback (most recent call last):
  File "D:\Users\18203\blog\lib\site-packages\django_redis\cache.py", line 31, in _decorator
    return method(self, *args, **kwargs)
  File "D:\Users\18203\blog\lib\site-packages\django_redis\cache.py", line 137, in has_key
    return self.client.has_key(*args, **kwargs)
  File "D:\Users\18203\blog\lib\site-packages\django_redis\client\default.py", line 666, in has_key
    raise ConnectionInterrupted(connection=client) from e
django_redis.exceptions.ConnectionInterrupted: Redis ConnectionError: Error 10061 connecting to 127.0.0.1:6379. .

During handling of the above exception, another exception occurred:

Traceback (most recent call last):
  File "D:\Users\18203\blog\lib\site-packages\django\core\handlers\exception.py", line 55, in inner
    response = get_response(request)
  File "D:\Users\18203\blog\lib\site-packages\django\core\handlers\base.py", line 197, in _get_response
    response = wrapped_callback(request, *callback_args, **callback_kwargs)
  File "D:\Users\18203\blog\lib\site-packages\django\utils\decorators.py", line 46, in _wrapper
    return bound_method(*args, **kwargs)
  File "D:\Users\18203\blog\lib\site-packages\django\views\decorators\cache.py", line 62, in _wrapped_view_func
    response = view_func(request, *args, **kwargs)
  File "D:\Users\18203\blog\lib\site-packages\django\contrib\admin\sites.py", line 441, in login
    return LoginView.as_view(**defaults)(request)
  File "D:\Users\18203\blog\lib\site-packages\django\views\generic\base.py", line 103, in view
    return self.dispatch(request, *args, **kwargs)
  File "D:\Users\18203\blog\lib\site-packages\django\utils\decorators.py", line 46, in _wrapper
    return bound_method(*args, **kwargs)
  File "D:\Users\18203\blog\lib\site-packages\django\views\decorators\debug.py", line 92, in sensitive_post_parameters_wrapper
    return view(request, *args, **kwargs)
  File "D:\Users\18203\blog\lib\site-packages\django\utils\decorators.py", line 46, in _wrapper
    return bound_method(*args, **kwargs)
  File "D:\Users\18203\blog\lib\site-packages\django\utils\decorators.py", line 133, in _wrapped_view
    response = view_func(request, *args, **kwargs)
  File "D:\Users\18203\blog\lib\site-packages\django\utils\decorators.py", line 46, in _wrapper
    return bound_method(*args, **kwargs)
  File "D:\Users\18203\blog\lib\site-packages\django\views\decorators\cache.py", line 62, in _wrapped_view_func
    response = view_func(request, *args, **kwargs)
  File "D:\Users\18203\blog\lib\site-packages\django\contrib\auth\views.py", line 90, in dispatch
    return super().dispatch(request, *args, **kwargs)
  File "D:\Users\18203\blog\lib\site-packages\django\views\generic\base.py", line 142, in dispatch
    return handler(request, *args, **kwargs)
  File "D:\Users\18203\blog\lib\site-packages\django\views\generic\edit.py", line 153, in post
    return self.form_valid(form)
  File "D:\Users\18203\blog\lib\site-packages\django\contrib\auth\views.py", line 109, in form_valid
    auth_login(self.request, form.get_user())
  File "D:\Users\18203\blog\lib\site-packages\django\contrib\auth\__init__.py", line 118, in login
    request.session.cycle_key()
  File "D:\Users\18203\blog\lib\site-packages\django\contrib\sessions\backends\base.py", line 304, in cycle_key
    self.create()
  File "D:\Users\18203\blog\lib\site-packages\django\contrib\sessions\backends\cache.py", line 42, in create
    self._session_key = self._get_new_session_key()
  File "D:\Users\18203\blog\lib\site-packages\django\contrib\sessions\backends\base.py", line 150, in _get_new_session_key
    if not self.exists(session_key):
  File "D:\Users\18203\blog\lib\site-packages\django\contrib\sessions\backends\cache.py", line 73, in exists
    bool(session_key) and (self.cache_key_prefix + session_key) in self._cache
  File "D:\Users\18203\blog\lib\site-packages\django\core\cache\backends\base.py", line 299, in __contains__
    return self.has_key(key)
  File "D:\Users\18203\blog\lib\site-packages\django_redis\cache.py", line 38, in _decorator
    raise e.__cause__
  File "D:\Users\18203\blog\lib\site-packages\django_redis\client\default.py", line 664, in has_key
    return client.exists(key) == 1
  File "D:\Users\18203\blog\lib\site-packages\redis\commands\core.py", line 1612, in exists
    return self.execute_command("EXISTS", *names)
  File "D:\Users\18203\blog\lib\site-packages\redis\client.py", line 1235, in execute_command
    conn = self.connection or pool.get_connection(command_name, **options)
  File "D:\Users\18203\blog\lib\site-packages\redis\connection.py", line 1387, in get_connection
    connection.connect()
  File "D:\Users\18203\blog\lib\site-packages\redis\connection.py", line 617, in connect
    raise ConnectionError(self._error_message(e))
redis.exceptions.ConnectionError: Error 10061 connecting to 127.0.0.1:6379. .
INFO 2022-09-01 10:46:28,542 basehttp 80 - Broken pipe from ('127.0.0.1', 2793)
ERROR 2022-09-01 10:46:29,356 log 241 Internal Server Error: /admin/login/
Traceback (most recent call last):
  File "D:\Users\18203\blog\lib\site-packages\django_redis\cache.py", line 31, in _decorator
    return method(self, *args, **kwargs)
  File "D:\Users\18203\blog\lib\site-packages\django_redis\cache.py", line 137, in has_key
    return self.client.has_key(*args, **kwargs)
  File "D:\Users\18203\blog\lib\site-packages\django_redis\client\default.py", line 666, in has_key
    raise ConnectionInterrupted(connection=client) from e
django_redis.exceptions.ConnectionInterrupted: Redis ConnectionError: Error 10061 connecting to 127.0.0.1:6379. .

During handling of the above exception, another exception occurred:

Traceback (most recent call last):
  File "D:\Users\18203\blog\lib\site-packages\django\core\handlers\exception.py", line 55, in inner
    response = get_response(request)
  File "D:\Users\18203\blog\lib\site-packages\django\core\handlers\base.py", line 197, in _get_response
    response = wrapped_callback(request, *callback_args, **callback_kwargs)
  File "D:\Users\18203\blog\lib\site-packages\django\utils\decorators.py", line 46, in _wrapper
    return bound_method(*args, **kwargs)
  File "D:\Users\18203\blog\lib\site-packages\django\views\decorators\cache.py", line 62, in _wrapped_view_func
    response = view_func(request, *args, **kwargs)
  File "D:\Users\18203\blog\lib\site-packages\django\contrib\admin\sites.py", line 441, in login
    return LoginView.as_view(**defaults)(request)
  File "D:\Users\18203\blog\lib\site-packages\django\views\generic\base.py", line 103, in view
    return self.dispatch(request, *args, **kwargs)
  File "D:\Users\18203\blog\lib\site-packages\django\utils\decorators.py", line 46, in _wrapper
    return bound_method(*args, **kwargs)
  File "D:\Users\18203\blog\lib\site-packages\django\views\decorators\debug.py", line 92, in sensitive_post_parameters_wrapper
    return view(request, *args, **kwargs)
  File "D:\Users\18203\blog\lib\site-packages\django\utils\decorators.py", line 46, in _wrapper
    return bound_method(*args, **kwargs)
  File "D:\Users\18203\blog\lib\site-packages\django\utils\decorators.py", line 133, in _wrapped_view
    response = view_func(request, *args, **kwargs)
  File "D:\Users\18203\blog\lib\site-packages\django\utils\decorators.py", line 46, in _wrapper
    return bound_method(*args, **kwargs)
  File "D:\Users\18203\blog\lib\site-packages\django\views\decorators\cache.py", line 62, in _wrapped_view_func
    response = view_func(request, *args, **kwargs)
  File "D:\Users\18203\blog\lib\site-packages\django\contrib\auth\views.py", line 90, in dispatch
    return super().dispatch(request, *args, **kwargs)
  File "D:\Users\18203\blog\lib\site-packages\django\views\generic\base.py", line 142, in dispatch
    return handler(request, *args, **kwargs)
  File "D:\Users\18203\blog\lib\site-packages\django\views\generic\edit.py", line 153, in post
    return self.form_valid(form)
  File "D:\Users\18203\blog\lib\site-packages\django\contrib\auth\views.py", line 109, in form_valid
    auth_login(self.request, form.get_user())
  File "D:\Users\18203\blog\lib\site-packages\django\contrib\auth\__init__.py", line 118, in login
    request.session.cycle_key()
  File "D:\Users\18203\blog\lib\site-packages\django\contrib\sessions\backends\base.py", line 304, in cycle_key
    self.create()
  File "D:\Users\18203\blog\lib\site-packages\django\contrib\sessions\backends\cache.py", line 42, in create
    self._session_key = self._get_new_session_key()
  File "D:\Users\18203\blog\lib\site-packages\django\contrib\sessions\backends\base.py", line 150, in _get_new_session_key
    if not self.exists(session_key):
  File "D:\Users\18203\blog\lib\site-packages\django\contrib\sessions\backends\cache.py", line 73, in exists
    bool(session_key) and (self.cache_key_prefix + session_key) in self._cache
  File "D:\Users\18203\blog\lib\site-packages\django\core\cache\backends\base.py", line 299, in __contains__
    return self.has_key(key)
  File "D:\Users\18203\blog\lib\site-packages\django_redis\cache.py", line 38, in _decorator
    raise e.__cause__
  File "D:\Users\18203\blog\lib\site-packages\django_redis\client\default.py", line 664, in has_key
    return client.exists(key) == 1
  File "D:\Users\18203\blog\lib\site-packages\redis\commands\core.py", line 1612, in exists
    return self.execute_command("EXISTS", *names)
  File "D:\Users\18203\blog\lib\site-packages\redis\client.py", line 1235, in execute_command
    conn = self.connection or pool.get_connection(command_name, **options)
  File "D:\Users\18203\blog\lib\site-packages\redis\connection.py", line 1387, in get_connection
    connection.connect()
  File "D:\Users\18203\blog\lib\site-packages\redis\connection.py", line 617, in connect
    raise ConnectionError(self._error_message(e))
redis.exceptions.ConnectionError: Error 10061 connecting to 127.0.0.1:6379. .
ERROR 2022-09-01 10:46:29,360 basehttp 187 "POST /admin/login/?next=/admin/ HTTP/1.1" 500 195452
INFO 2022-09-01 10:47:03,635 basehttp 187 "GET /admin/login/?next=/admin/ HTTP/1.1" 200 2220
INFO 2022-09-01 10:47:13,904 basehttp 187 "POST /admin/login/?next=/admin/ HTTP/1.1" 302 0
INFO 2022-09-01 10:47:13,975 basehttp 187 "GET /admin/ HTTP/1.1" 200 6334
INFO 2022-09-01 10:47:14,013 basehttp 187 "GET /static/admin/css/dashboard.css HTTP/1.1" 304 0
INFO 2022-09-01 10:47:14,027 basehttp 187 "GET /static/admin/img/icon-changelink.svg HTTP/1.1" 304 0
INFO 2022-09-01 10:47:14,027 basehttp 187 "GET /static/admin/img/icon-addlink.svg HTTP/1.1" 304 0
INFO 2022-09-01 10:47:20,676 basehttp 187 "GET /admin/comments/comment/ HTTP/1.1" 200 54457
INFO 2022-09-01 10:47:20,722 basehttp 187 "GET /static/admin/css/changelists.css HTTP/1.1" 304 0
INFO 2022-09-01 10:47:20,736 basehttp 187 "GET /static/admin/js/jquery.init.js HTTP/1.1" 304 0
INFO 2022-09-01 10:47:20,738 basehttp 187 "GET /static/admin/js/vendor/jquery/jquery.js HTTP/1.1" 304 0
INFO 2022-09-01 10:47:20,738 basehttp 187 "GET /static/admin/js/core.js HTTP/1.1" 304 0
INFO 2022-09-01 10:47:20,743 basehttp 187 "GET /static/admin/js/admin/RelatedObjectLookups.js HTTP/1.1" 304 0
INFO 2022-09-01 10:47:20,746 basehttp 187 "GET /static/admin/js/actions.js HTTP/1.1" 304 0
INFO 2022-09-01 10:47:20,747 basehttp 187 "GET /static/admin/js/urlify.js HTTP/1.1" 304 0
INFO 2022-09-01 10:47:20,749 basehttp 187 "GET /static/admin/js/vendor/xregexp/xregexp.js HTTP/1.1" 304 0
INFO 2022-09-01 10:47:20,750 basehttp 187 "GET /static/admin/js/prepopulate.js HTTP/1.1" 304 0
INFO 2022-09-01 10:47:20,761 basehttp 187 "GET /static/admin/js/filters.js HTTP/1.1" 304 0
INFO 2022-09-01 10:47:20,764 basehttp 187 "GET /admin/jsi18n/ HTTP/1.1" 200 8603
INFO 2022-09-01 10:47:20,808 basehttp 187 "GET /static/admin/img/tooltag-add.svg HTTP/1.1" 304 0
INFO 2022-09-01 10:47:20,809 basehttp 187 "GET /static/admin/img/sorting-icons.svg HTTP/1.1" 304 0
INFO 2022-09-01 10:47:28,626 basehttp 187 "GET /admin/contact/contact/ HTTP/1.1" 200 11449
INFO 2022-09-01 10:47:28,694 basehttp 187 "GET /admin/jsi18n/ HTTP/1.1" 200 8603
INFO 2022-09-01 10:47:33,011 basehttp 187 "GET /admin/blog/category/ HTTP/1.1" 200 9226
INFO 2022-09-01 10:47:33,081 basehttp 187 "GET /admin/jsi18n/ HTTP/1.1" 200 8603
INFO 2022-09-01 10:47:35,254 basehttp 187 "GET /admin/blog/post/ HTTP/1.1" 200 55127
INFO 2022-09-01 10:47:35,305 basehttp 187 "GET /admin/jsi18n/ HTTP/1.1" 200 8603
INFO 2022-09-01 10:47:39,191 basehttp 187 "GET /admin/blog/tag/ HTTP/1.1" 200 9757
INFO 2022-09-01 10:47:39,229 basehttp 187 "GET /admin/jsi18n/ HTTP/1.1" 200 8603
INFO 2022-09-01 10:47:41,080 basehttp 187 "GET /admin/auth/user/ HTTP/1.1" 200 10608
INFO 2022-09-01 10:47:41,121 basehttp 187 "GET /static/admin/img/search.svg HTTP/1.1" 304 0
INFO 2022-09-01 10:47:41,122 basehttp 187 "GET /admin/jsi18n/ HTTP/1.1" 200 8603
INFO 2022-09-01 10:47:41,128 basehttp 187 "GET /static/admin/img/icon-yes.svg HTTP/1.1" 304 0
INFO 2022-09-01 10:47:42,582 basehttp 187 "GET /admin/auth/group/ HTTP/1.1" 200 7289
INFO 2022-09-01 10:47:42,622 basehttp 187 "GET /admin/jsi18n/ HTTP/1.1" 200 8603
INFO 2022-09-01 10:47:43,716 basehttp 187 "GET /admin/auth/user/ HTTP/1.1" 200 10608
INFO 2022-09-01 10:47:43,757 basehttp 187 "GET /admin/jsi18n/ HTTP/1.1" 200 8603
INFO 2022-09-01 10:47:49,154 basehttp 187 "GET /admin/auth/group/ HTTP/1.1" 200 7289
INFO 2022-09-01 10:47:49,208 basehttp 187 "GET /admin/jsi18n/ HTTP/1.1" 200 8603
INFO 2022-09-01 10:47:50,652 basehttp 187 "GET /admin/comments/comment/ HTTP/1.1" 200 54457
INFO 2022-09-01 10:47:50,693 basehttp 187 "GET /admin/jsi18n/ HTTP/1.1" 200 8603
INFO 2022-09-01 10:48:21,403 basehttp 187 "GET /admin/contact/contact/ HTTP/1.1" 200 11449
INFO 2022-09-01 10:48:21,450 basehttp 187 "GET /admin/jsi18n/ HTTP/1.1" 200 8603
INFO 2022-09-01 10:51:16,694 autoreload 677 Watching for file changes with StatReloader
INFO 2022-09-01 10:51:25,597 basehttp 187 "GET / HTTP/1.1" 200 18080
INFO 2022-09-01 10:51:31,406 basehttp 187 "GET /?page=2 HTTP/1.1" 200 18065
INFO 2022-09-01 10:54:05,446 basehttp 187 "GET /admin/ HTTP/1.1" 200 6334
INFO 2022-09-01 10:54:07,978 basehttp 187 "GET /about/ HTTP/1.1" 200 6498
INFO 2022-09-01 10:54:09,927 basehttp 187 "GET /contact/ HTTP/1.1" 200 7908
INFO 2022-09-01 10:54:12,975 basehttp 187 "GET /about/ HTTP/1.1" 200 6498
INFO 2022-09-01 10:54:27,397 basehttp 187 "GET /contact/ HTTP/1.1" 200 7908
INFO 2022-09-01 10:54:42,275 basehttp 187 "GET /contact/ HTTP/1.1" 200 7908
INFO 2022-09-01 10:54:44,194 basehttp 187 "GET / HTTP/1.1" 200 17829
INFO 2022-09-01 11:19:53,623 basehttp 187 "GET / HTTP/1.1" 200 17829
INFO 2022-09-01 11:19:57,063 basehttp 187 "GET /admin/ HTTP/1.1" 200 6334
INFO 2022-09-01 11:20:01,150 basehttp 187 "GET /admin/blog/post/add/ HTTP/1.1" 200 11621
INFO 2022-09-01 11:20:01,197 basehttp 187 "GET /static/admin/css/forms.css HTTP/1.1" 304 0
INFO 2022-09-01 11:20:01,203 basehttp 187 "GET /static/admin/css/widgets.css HTTP/1.1" 304 0
INFO 2022-09-01 11:20:01,207 basehttp 187 "GET /admin/jsi18n/ HTTP/1.1" 200 8603
INFO 2022-09-01 11:20:01,211 basehttp 187 "GET /static/admin/js/prepopulate_init.js HTTP/1.1" 304 0
INFO 2022-09-01 11:20:01,214 basehttp 187 "GET /static/admin/img/icon-viewlink.svg HTTP/1.1" 304 0
INFO 2022-09-01 11:20:01,229 basehttp 187 "GET /static/admin/js/change_form.js HTTP/1.1" 304 0
INFO 2022-09-01 11:42:55,735 autoreload 266 D:\Users\18203\Desktop\work\blogproject\blogproject\settings\local.py changed, reloading.
INFO 2022-09-01 11:42:58,687 autoreload 677 Watching for file changes with StatReloader
INFO 2022-09-01 11:43:06,788 autoreload 266 D:\Users\18203\Desktop\work\blogproject\blogproject\settings\local.py changed, reloading.
INFO 2022-09-01 11:43:08,094 autoreload 677 Watching for file changes with StatReloader
INFO 2022-09-01 11:43:10,611 autoreload 677 Watching for file changes with StatReloader
INFO 2022-09-01 11:44:23,610 autoreload 677 Watching for file changes with StatReloader
INFO 2022-09-01 11:44:46,963 autoreload 677 Watching for file changes with StatReloader
INFO 2022-09-01 11:44:53,655 basehttp 187 "GET / HTTP/1.1" 200 17829
INFO 2022-09-01 11:45:23,239 autoreload 266 D:\Users\18203\Desktop\work\blogproject\blogproject\settings\local.py changed, reloading.
INFO 2022-09-01 11:45:24,035 autoreload 677 Watching for file changes with StatReloader
INFO 2022-09-01 11:46:06,082 autoreload 677 Watching for file changes with StatReloader
INFO 2022-09-01 11:49:54,985 autoreload 677 Watching for file changes with StatReloader
INFO 2022-09-01 11:51:18,014 autoreload 266 D:\Users\18203\Desktop\work\blogproject\blogproject\settings\local.py changed, reloading.
INFO 2022-09-01 11:51:18,790 autoreload 677 Watching for file changes with StatReloader
INFO 2022-09-01 11:51:21,361 autoreload 677 Watching for file changes with StatReloader
INFO 2022-09-01 11:53:19,994 autoreload 677 Watching for file changes with StatReloader
INFO 2022-09-01 11:55:28,264 autoreload 677 Watching for file changes with StatReloader
INFO 2022-09-01 11:55:30,369 basehttp 187 "GET / HTTP/1.1" 200 17829
INFO 2022-09-01 11:55:31,722 basehttp 187 "GET /static/blog/css/pace.css HTTP/1.1" 200 189
INFO 2022-09-01 11:55:31,826 basehttp 187 "GET /static/blog/css/bootstrap.min.css HTTP/1.1" 200 117154
INFO 2022-09-01 11:55:31,842 basehttp 187 "GET /static/blog/js/modernizr.custom.js HTTP/1.1" 200 8374
INFO 2022-09-01 11:55:31,843 basehttp 187 "GET /static/blog/css/custom.css HTTP/1.1" 200 15473
INFO 2022-09-01 11:55:31,844 basehttp 187 "GET /static/blog/js/jquery-2.1.3.min.js HTTP/1.1" 200 84322
INFO 2022-09-01 11:55:31,862 basehttp 187 "GET /static/blog/js/script.js HTTP/1.1" 200 4461
INFO 2022-09-01 11:55:31,874 basehttp 187 "GET /static/blog/js/bootstrap.min.js HTTP/1.1" 200 35458
INFO 2022-09-01 11:55:31,883 basehttp 187 "GET /static/blog/js/pace.min.js HTTP/1.1" 200 12332
WARNING 2022-09-01 11:55:32,841 log 241 Not Found: /favicon.ico
WARNING 2022-09-01 11:55:32,841 basehttp 187 "GET /favicon.ico HTTP/1.1" 404 4022
INFO 2022-09-01 11:55:37,626 basehttp 187 "GET /admin HTTP/1.1" 301 0
INFO 2022-09-01 11:55:37,811 basehttp 187 "GET /admin/ HTTP/1.1" 302 0
INFO 2022-09-01 11:55:37,981 basehttp 187 "GET /admin/login/?next=/admin/ HTTP/1.1" 200 2220
INFO 2022-09-01 11:55:38,092 basehttp 187 "GET /static/admin/css/base.css HTTP/1.1" 200 20344
INFO 2022-09-01 11:55:38,094 basehttp 187 "GET /static/admin/css/dark_mode.css HTTP/1.1" 200 796
INFO 2022-09-01 11:55:38,107 basehttp 187 "GET /static/admin/css/login.css HTTP/1.1" 200 958
INFO 2022-09-01 11:55:38,109 basehttp 187 "GET /static/admin/css/responsive.css HTTP/1.1" 200 18854
INFO 2022-09-01 11:55:38,109 basehttp 187 "GET /static/admin/css/nav_sidebar.css HTTP/1.1" 200 2619
INFO 2022-09-01 11:55:38,126 basehttp 187 "GET /static/admin/css/fonts.css HTTP/1.1" 200 423
INFO 2022-09-01 11:55:38,244 basehttp 187 "GET /static/admin/js/nav_sidebar.js HTTP/1.1" 200 3763
INFO 2022-09-01 11:55:38,303 basehttp 187 "GET /static/admin/fonts/Roboto-Light-webfont.woff HTTP/1.1" 200 85692
INFO 2022-09-01 11:55:38,314 basehttp 187 "GET /static/admin/fonts/Roboto-Regular-webfont.woff HTTP/1.1" 200 85876
WARNING 2022-09-01 11:55:38,389 log 241 Not Found: /favicon.ico
WARNING 2022-09-01 11:55:38,389 basehttp 187 "GET /favicon.ico HTTP/1.1" 404 4022
INFO 2022-09-01 11:55:45,142 basehttp 187 "GET / HTTP/1.1" 200 17829
INFO 2022-09-01 11:55:45,231 basehttp 187 "GET /static/blog/css/bootstrap.min.css HTTP/1.1" 200 117154
INFO 2022-09-01 11:55:45,247 basehttp 187 "GET /static/blog/css/pace.css HTTP/1.1" 200 189
INFO 2022-09-01 11:55:45,247 basehttp 187 "GET /static/blog/css/custom.css HTTP/1.1" 200 15473
INFO 2022-09-01 11:55:45,248 basehttp 187 "GET /static/blog/js/bootstrap.min.js HTTP/1.1" 200 35458
INFO 2022-09-01 11:55:45,274 basehttp 187 "GET /static/blog/js/pace.min.js HTTP/1.1" 200 12332
INFO 2022-09-01 11:55:45,285 basehttp 187 "GET /static/blog/js/jquery-2.1.3.min.js HTTP/1.1" 200 84322
INFO 2022-09-01 11:55:45,287 basehttp 187 "GET /static/blog/js/script.js HTTP/1.1" 200 4461
INFO 2022-09-01 11:55:45,287 basehttp 187 "GET /static/blog/js/modernizr.custom.js HTTP/1.1" 200 8374
WARNING 2022-09-01 11:55:46,666 log 241 Not Found: /favicon.ico
WARNING 2022-09-01 11:55:46,667 basehttp 187 "GET /favicon.ico HTTP/1.1" 404 4022
INFO 2022-09-01 11:56:09,369 basehttp 80 - Broken pipe from ('172.16.1.124', 38474)
INFO 2022-09-01 11:56:09,369 basehttp 80 - Broken pipe from ('172.16.1.124', 38466)
INFO 2022-09-01 11:56:09,369 basehttp 80 - Broken pipe from ('172.16.1.124', 38464)
INFO 2022-09-01 11:56:09,369 basehttp 80 - Broken pipe from ('172.16.1.124', 38460)
INFO 2022-09-01 11:56:09,369 basehttp 80 - Broken pipe from ('172.16.1.124', 38462)
INFO 2022-09-01 11:56:09,370 basehttp 80 - Broken pipe from ('172.16.1.124', 38456)
INFO 2022-09-01 11:56:25,717 autoreload 677 Watching for file changes with StatReloader
INFO 2022-09-01 11:56:34,002 autoreload 677 Watching for file changes with StatReloader
INFO 2022-09-01 12:00:19,744 basehttp 187 "GET / HTTP/1.1" 200 17829
WARNING 2022-09-01 12:00:20,147 log 241 Not Found: /favicon.ico
WARNING 2022-09-01 12:00:20,148 basehttp 187 "GET /favicon.ico HTTP/1.1" 404 4022
INFO 2022-09-01 17:55:59,580 autoreload 677 Watching for file changes with StatReloader
INFO 2022-09-01 17:56:15,847 autoreload 677 Watching for file changes with StatReloader
INFO 2022-09-01 17:56:38,817 autoreload 677 Watching for file changes with StatReloader
INFO 2022-09-01 17:56:42,261 basehttp 187 "GET / HTTP/1.1" 200 17829
WARNING 2022-09-01 17:56:42,897 log 241 Not Found: /favicon.ico
WARNING 2022-09-01 17:56:42,897 basehttp 187 "GET /favicon.ico HTTP/1.1" 404 4022
INFO 2022-09-01 17:57:47,893 basehttp 187 "GET /admin/ HTTP/1.1" 302 0
INFO 2022-09-01 17:57:48,018 basehttp 187 "GET /admin/login/?next=/admin/ HTTP/1.1" 200 2220
INFO 2022-09-01 17:57:49,216 basehttp 187 "GET /static/admin/css/dark_mode.css HTTP/1.1" 200 796
INFO 2022-09-01 17:57:49,238 basehttp 187 "GET /static/admin/css/base.css HTTP/1.1" 200 20344
INFO 2022-09-01 17:57:49,238 basehttp 187 "GET /static/admin/css/nav_sidebar.css HTTP/1.1" 200 2619
INFO 2022-09-01 17:57:49,238 basehttp 187 "GET /static/admin/css/login.css HTTP/1.1" 200 958
INFO 2022-09-01 17:57:49,245 basehttp 187 "GET /static/admin/css/fonts.css HTTP/1.1" 200 423
INFO 2022-09-01 17:57:49,248 basehttp 187 "GET /static/admin/css/responsive.css HTTP/1.1" 200 18854
INFO 2022-09-01 17:57:49,271 basehttp 187 "GET /static/admin/js/nav_sidebar.js HTTP/1.1" 200 3763
INFO 2022-09-01 17:57:49,320 basehttp 187 "GET /static/admin/fonts/Roboto-Light-webfont.woff HTTP/1.1" 200 85692
INFO 2022-09-01 17:57:49,322 basehttp 187 "GET /static/admin/fonts/Roboto-Regular-webfont.woff HTTP/1.1" 200 85876
INFO 2022-09-01 17:57:55,690 basehttp 187 "POST /admin/login/?next=/admin/ HTTP/1.1" 302 0
INFO 2022-09-01 17:57:55,747 basehttp 187 "GET /admin/ HTTP/1.1" 200 6334
INFO 2022-09-01 17:57:55,784 basehttp 187 "GET /static/admin/css/dashboard.css HTTP/1.1" 200 380
INFO 2022-09-01 17:57:55,800 basehttp 187 "GET /static/admin/img/icon-addlink.svg HTTP/1.1" 200 331
INFO 2022-09-01 17:57:55,801 basehttp 187 "GET /static/admin/img/icon-changelink.svg HTTP/1.1" 200 380
INFO 2022-09-01 17:57:55,873 basehttp 187 "GET /static/admin/fonts/Roboto-Bold-webfont.woff HTTP/1.1" 200 86184
INFO 2022-09-01 17:58:01,767 basehttp 187 "GET /admin/blog/post/add/ HTTP/1.1" 200 11621
INFO 2022-09-01 17:58:01,822 basehttp 187 "GET /static/admin/js/jquery.init.js HTTP/1.1" 200 347
INFO 2022-09-01 17:58:01,840 basehttp 187 "GET /admin/jsi18n/ HTTP/1.1" 200 8603
INFO 2022-09-01 17:58:01,840 basehttp 187 "GET /static/admin/css/forms.css HTTP/1.1" 200 8944
INFO 2022-09-01 17:58:01,841 basehttp 187 "GET /static/admin/js/actions.js HTTP/1.1" 200 7872
INFO 2022-09-01 17:58:01,842 basehttp 187 "GET /static/admin/js/core.js HTTP/1.1" 200 5698
INFO 2022-09-01 17:58:01,850 basehttp 187 "GET /static/admin/js/admin/RelatedObjectLookups.js HTTP/1.1" 200 8919
INFO 2022-09-01 17:58:01,864 basehttp 187 "GET /static/admin/js/prepopulate.js HTTP/1.1" 200 1531
INFO 2022-09-01 17:58:01,865 basehttp 187 "GET /static/admin/js/urlify.js HTTP/1.1" 200 7902
INFO 2022-09-01 17:58:01,865 basehttp 187 "GET /static/admin/css/widgets.css HTTP/1.1" 200 11297
INFO 2022-09-01 17:58:01,869 basehttp 187 "GET /static/admin/js/vendor/jquery/jquery.js HTTP/1.1" 200 288580
INFO 2022-09-01 17:58:01,876 basehttp 187 "GET /static/admin/js/prepopulate_init.js HTTP/1.1" 200 586
INFO 2022-09-01 17:58:01,891 basehttp 187 "GET /static/admin/img/icon-viewlink.svg HTTP/1.1" 200 581
INFO 2022-09-01 17:58:01,907 basehttp 187 "GET /static/admin/js/change_form.js HTTP/1.1" 200 1043
INFO 2022-09-01 17:58:01,911 basehttp 187 "GET /static/admin/js/vendor/xregexp/xregexp.js HTTP/1.1" 200 232381
INFO 2022-09-01 17:59:59,814 basehttp 187 "GET /admin/ HTTP/1.1" 200 6334
INFO 2022-09-01 18:00:00,928 basehttp 187 "GET /admin/login/?next=/admin/ HTTP/1.1" 302 0
INFO 2022-09-01 18:00:00,953 basehttp 187 "GET /admin/ HTTP/1.1" 200 6334
INFO 2022-09-01 18:00:04,242 basehttp 187 "GET /posts/5/ HTTP/1.1" 200 29441
WARNING 2022-09-01 18:00:04,344 log 241 Not Found: /posts/5/example.jpg
WARNING 2022-09-01 18:00:04,348 log 241 Not Found: /posts/5/a.jpg
WARNING 2022-09-01 18:00:04,349 basehttp 187 "GET /posts/5/example.jpg HTTP/1.1" 404 4046
WARNING 2022-09-01 18:00:04,350 basehttp 187 "GET /posts/5/a.jpg HTTP/1.1" 404 4028
INFO 2022-09-01 18:00:29,870 basehttp 187 "GET /admin/ HTTP/1.1" 200 6334
INFO 2022-09-01 18:00:36,065 basehttp 187 "GET /admin/contact/contact/add/ HTTP/1.1" 200 9030
INFO 2022-09-01 18:00:36,120 basehttp 187 "GET /admin/jsi18n/ HTTP/1.1" 200 8603
INFO 2022-09-01 18:00:37,798 basehttp 187 "GET /admin/ HTTP/1.1" 200 6334
INFO 2022-09-01 18:02:15,851 basehttp 187 "GET /admin/blog/post/add/ HTTP/1.1" 200 11621
INFO 2022-09-01 18:02:15,915 basehttp 187 "GET /admin/jsi18n/ HTTP/1.1" 200 8603
INFO 2022-09-01 18:02:19,640 basehttp 187 "GET /admin/comments/comment/ HTTP/1.1" 200 54457
INFO 2022-09-01 18:02:19,692 basehttp 187 "GET /static/admin/css/changelists.css HTTP/1.1" 200 6395
INFO 2022-09-01 18:02:19,705 basehttp 187 "GET /admin/jsi18n/ HTTP/1.1" 200 8603
INFO 2022-09-01 18:02:19,730 basehttp 187 "GET /static/admin/js/filters.js HTTP/1.1" 200 966
INFO 2022-09-01 18:02:19,742 basehttp 187 "GET /static/admin/img/tooltag-add.svg HTTP/1.1" 200 331
INFO 2022-09-01 18:02:19,751 basehttp 187 "GET /static/admin/img/sorting-icons.svg HTTP/1.1" 200 1097
INFO 2022-09-01 18:02:30,304 basehttp 187 "GET / HTTP/1.1" 200 17829
INFO 2022-09-01 18:02:31,500 basehttp 187 "GET /posts/5/ HTTP/1.1" 200 29441
WARNING 2022-09-01 18:02:31,567 log 241 Not Found: /posts/5/a.jpg
WARNING 2022-09-01 18:02:31,570 log 241 Not Found: /posts/5/example.jpg
WARNING 2022-09-01 18:02:31,570 basehttp 187 "GET /posts/5/a.jpg HTTP/1.1" 404 4028
WARNING 2022-09-01 18:02:31,571 basehttp 187 "GET /posts/5/example.jpg HTTP/1.1" 404 4046
INFO 2022-09-01 18:03:10,920 basehttp 187 "GET /all/rss/ HTTP/1.1" 200 277457
INFO 2022-09-01 18:03:25,098 basehttp 187 "GET /?page=2 HTTP/1.1" 200 17814
INFO 2022-09-01 18:04:35,430 basehttp 187 "GET /?page=3 HTTP/1.1" 200 17938
INFO 2022-09-01 18:04:41,039 basehttp 187 "GET /archives/2022/8/ HTTP/1.1" 200 17515
INFO 2022-09-01 18:05:11,306 basehttp 187 "GET /posts/5/ HTTP/1.1" 200 29441
WARNING 2022-09-01 18:05:11,397 log 241 Not Found: /posts/5/example.jpg
WARNING 2022-09-01 18:05:11,401 log 241 Not Found: /posts/5/a.jpg
WARNING 2022-09-01 18:05:11,401 basehttp 187 "GET /posts/5/example.jpg HTTP/1.1" 404 4046
WARNING 2022-09-01 18:05:11,402 basehttp 187 "GET /posts/5/a.jpg HTTP/1.1" 404 4028
INFO 2022-09-01 18:05:29,592 basehttp 187 "GET /archives/2022/8/?page=2 HTTP/1.1" 200 17500
INFO 2022-09-01 18:07:22,217 basehttp 187 "GET /contact/ HTTP/1.1" 200 7908
INFO 2022-09-01 18:07:25,100 basehttp 187 "GET /about/ HTTP/1.1" 200 6498
INFO 2022-09-01 18:07:25,154 basehttp 187 "GET /static/blog/img/me.jpg HTTP/1.1" 200 63353
INFO 2022-09-01 18:07:27,617 basehttp 187 "GET / HTTP/1.1" 200 17829
INFO 2022-09-01 18:07:29,397 basehttp 187 "GET /posts/128/ HTTP/1.1" 200 16528
INFO 2022-09-01 18:07:33,995 basehttp 187 "GET /posts/5/ HTTP/1.1" 200 29441
WARNING 2022-09-01 18:07:34,059 log 241 Not Found: /posts/5/example.jpg
WARNING 2022-09-01 18:07:34,061 log 241 Not Found: /posts/5/a.jpg
WARNING 2022-09-01 18:07:34,063 basehttp 187 "GET /posts/5/a.jpg HTTP/1.1" 404 4028
WARNING 2022-09-01 18:07:34,064 basehttp 187 "GET /posts/5/example.jpg HTTP/1.1" 404 4046
INFO 2023-01-03 17:45:13,934 autoreload 637 Watching for file changes with StatReloader
INFO 2023-01-03 17:45:38,183 autoreload 637 Watching for file changes with StatReloader
INFO 2023-01-03 17:47:06,068 autoreload 637 Watching for file changes with StatReloader
INFO 2023-01-03 17:54:38,100 autoreload 637 Watching for file changes with StatReloader
INFO 2023-01-03 17:55:06,944 autoreload 637 Watching for file changes with StatReloader
INFO 2023-01-03 17:55:28,002 autoreload 637 Watching for file changes with StatReloader
INFO 2023-01-03 17:55:32,108 basehttp 161 "GET / HTTP/1.1" 200 17879
INFO 2023-01-03 17:55:32,231 basehttp 161 "GET /static/blog/css/pace.css HTTP/1.1" 200 189
INFO 2023-01-03 17:55:32,249 basehttp 161 "GET /static/blog/js/pace.min.js HTTP/1.1" 200 12332
INFO 2023-01-03 17:55:32,252 basehttp 161 "GET /static/blog/css/bootstrap.min.css HTTP/1.1" 200 117154
INFO 2023-01-03 17:55:32,263 basehttp 161 "GET /static/blog/js/modernizr.custom.js HTTP/1.1" 200 8374
INFO 2023-01-03 17:55:32,267 basehttp 161 "GET /static/blog/css/custom.css HTTP/1.1" 200 15473
INFO 2023-01-03 17:55:32,268 basehttp 161 "GET /static/blog/js/jquery-2.1.3.min.js HTTP/1.1" 200 84322
INFO 2023-01-03 17:55:32,274 basehttp 161 "GET /static/blog/js/bootstrap.min.js HTTP/1.1" 200 35458
INFO 2023-01-03 17:55:32,284 basehttp 161 "GET /static/blog/js/script.js HTTP/1.1" 200 4461
WARNING 2023-01-03 17:55:33,775 log 230 Not Found: /favicon.ico
WARNING 2023-01-03 17:55:33,776 basehttp 161 "GET /favicon.ico HTTP/1.1" 404 4019
INFO 2023-01-03 18:00:33,052 basehttp 161 "GET / HTTP/1.1" 200 17879
INFO 2023-01-03 18:00:36,591 basehttp 161 "GET /?page=2 HTTP/1.1" 200 17864
INFO 2023-01-03 18:00:46,260 basehttp 161 "GET /admin/ HTTP/1.1" 302 0
INFO 2023-01-03 18:00:46,432 basehttp 161 "GET /admin/login/?next=/admin/ HTTP/1.1" 200 2216
INFO 2023-01-03 18:00:46,490 basehttp 161 "GET /static/admin/css/login.css HTTP/1.1" 200 939
INFO 2023-01-03 18:00:46,491 basehttp 161 "GET /static/admin/css/nav_sidebar.css HTTP/1.1" 200 2271
INFO 2023-01-03 18:00:46,494 basehttp 161 "GET /static/admin/css/responsive.css HTTP/1.1" 200 18545
INFO 2023-01-03 18:00:46,494 basehttp 161 "GET /static/admin/js/nav_sidebar.js HTTP/1.1" 200 1360
INFO 2023-01-03 18:00:46,495 basehttp 161 "GET /static/admin/css/base.css HTTP/1.1" 200 19513
INFO 2023-01-03 18:00:46,503 basehttp 161 "GET /static/admin/css/fonts.css HTTP/1.1" 200 423
INFO 2023-01-03 18:00:46,559 basehttp 161 "GET /static/admin/fonts/Roboto-Light-webfont.woff HTTP/1.1" 200 85692
INFO 2023-01-03 18:00:46,560 basehttp 161 "GET /static/admin/fonts/Roboto-Regular-webfont.woff HTTP/1.1" 200 85876
ERROR 2023-01-03 18:00:51,208 log 230 Internal Server Error: /admin/login/
Traceback (most recent call last):
  File "D:\Users\18203\pythonInterpreter\blogproject\lib\site-packages\django_redis\cache.py", line 31, in _decorator
    return method(self, *args, **kwargs)
  File "D:\Users\18203\pythonInterpreter\blogproject\lib\site-packages\django_redis\cache.py", line 137, in has_key
    return self.client.has_key(*args, **kwargs)
  File "D:\Users\18203\pythonInterpreter\blogproject\lib\site-packages\django_redis\client\default.py", line 666, in has_key
    raise ConnectionInterrupted(connection=client) from e
django_redis.exceptions.ConnectionInterrupted: Redis ConnectionError: Error 10061 connecting to 127.0.0.1:6379. .

During handling of the above exception, another exception occurred:

Traceback (most recent call last):
  File "D:\Users\18203\pythonInterpreter\blogproject\lib\site-packages\django\core\handlers\exception.py", line 47, in inner
    response = get_response(request)
  File "D:\Users\18203\pythonInterpreter\blogproject\lib\site-packages\django\core\handlers\base.py", line 181, in _get_response
    response = wrapped_callback(request, *callback_args, **callback_kwargs)
  File "D:\Users\18203\pythonInterpreter\blogproject\lib\site-packages\django\views\decorators\cache.py", line 44, in _wrapped_view_func
    response = view_func(request, *args, **kwargs)
  File "D:\Users\18203\pythonInterpreter\blogproject\lib\site-packages\django\contrib\admin\sites.py", line 414, in login
    return LoginView.as_view(**defaults)(request)
  File "D:\Users\18203\pythonInterpreter\blogproject\lib\site-packages\django\views\generic\base.py", line 70, in view
    return self.dispatch(request, *args, **kwargs)
  File "D:\Users\18203\pythonInterpreter\blogproject\lib\site-packages\django\utils\decorators.py", line 43, in _wrapper
    return bound_method(*args, **kwargs)
  File "D:\Users\18203\pythonInterpreter\blogproject\lib\site-packages\django\views\decorators\debug.py", line 89, in sensitive_post_parameters_wrapper
    return view(request, *args, **kwargs)
  File "D:\Users\18203\pythonInterpreter\blogproject\lib\site-packages\django\utils\decorators.py", line 43, in _wrapper
    return bound_method(*args, **kwargs)
  File "D:\Users\18203\pythonInterpreter\blogproject\lib\site-packages\django\utils\decorators.py", line 130, in _wrapped_view
    response = view_func(request, *args, **kwargs)
  File "D:\Users\18203\pythonInterpreter\blogproject\lib\site-packages\django\utils\decorators.py", line 43, in _wrapper
    return bound_method(*args, **kwargs)
  File "D:\Users\18203\pythonInterpreter\blogproject\lib\site-packages\django\views\decorators\cache.py", line 44, in _wrapped_view_func
    response = view_func(request, *args, **kwargs)
  File "D:\Users\18203\pythonInterpreter\blogproject\lib\site-packages\django\contrib\auth\views.py", line 63, in dispatch
    return super().dispatch(request, *args, **kwargs)
  File "D:\Users\18203\pythonInterpreter\blogproject\lib\site-packages\django\views\generic\base.py", line 98, in dispatch
    return handler(request, *args, **kwargs)
  File "D:\Users\18203\pythonInterpreter\blogproject\lib\site-packages\django\views\generic\edit.py", line 142, in post
    return self.form_valid(form)
  File "D:\Users\18203\pythonInterpreter\blogproject\lib\site-packages\django\contrib\auth\views.py", line 92, in form_valid
    auth_login(self.request, form.get_user())
  File "D:\Users\18203\pythonInterpreter\blogproject\lib\site-packages\django\contrib\auth\__init__.py", line 111, in login
    request.session.cycle_key()
  File "D:\Users\18203\pythonInterpreter\blogproject\lib\site-packages\django\contrib\sessions\backends\base.py", line 344, in cycle_key
    self.create()
  File "D:\Users\18203\pythonInterpreter\blogproject\lib\site-packages\django\contrib\sessions\backends\cache.py", line 43, in create
    self._session_key = self._get_new_session_key()
  File "D:\Users\18203\pythonInterpreter\blogproject\lib\site-packages\django\contrib\sessions\backends\base.py", line 196, in _get_new_session_key
    if not self.exists(session_key):
  File "D:\Users\18203\pythonInterpreter\blogproject\lib\site-packages\django\contrib\sessions\backends\cache.py", line 70, in exists
    return bool(session_key) and (self.cache_key_prefix + session_key) in self._cache
  File "D:\Users\18203\pythonInterpreter\blogproject\lib\site-packages\django\core\cache\backends\base.py", line 212, in __contains__
    return self.has_key(key)
  File "D:\Users\18203\pythonInterpreter\blogproject\lib\site-packages\django_redis\cache.py", line 38, in _decorator
    raise e.__cause__
  File "D:\Users\18203\pythonInterpreter\blogproject\lib\site-packages\django_redis\client\default.py", line 664, in has_key
    return client.exists(key) == 1
  File "D:\Users\18203\pythonInterpreter\blogproject\lib\site-packages\redis\commands\core.py", line 1635, in exists
    return self.execute_command("EXISTS", *names)
  File "D:\Users\18203\pythonInterpreter\blogproject\lib\site-packages\redis\client.py", line 1255, in execute_command
    conn = self.connection or pool.get_connection(command_name, **options)
  File "D:\Users\18203\pythonInterpreter\blogproject\lib\site-packages\redis\connection.py", line 1389, in get_connection
    connection.connect()
  File "D:\Users\18203\pythonInterpreter\blogproject\lib\site-packages\redis\connection.py", line 604, in connect
    raise ConnectionError(self._error_message(e))
redis.exceptions.ConnectionError: Error 10061 connecting to 127.0.0.1:6379. .
ERROR 2023-01-03 18:00:51,233 basehttp 161 "POST /admin/login/?next=/admin/ HTTP/1.1" 500 195271
INFO 2023-01-03 18:01:21,065 basehttp 161 "POST /admin/login/?next=/admin/ HTTP/1.1" 302 0
INFO 2023-01-03 18:01:21,149 basehttp 161 "GET /admin/ HTTP/1.1" 200 6080
INFO 2023-01-03 18:01:21,199 basehttp 161 "GET /static/admin/css/dashboard.css HTTP/1.1" 200 380
INFO 2023-01-03 18:01:21,225 basehttp 161 "GET /static/admin/img/icon-addlink.svg HTTP/1.1" 200 331
INFO 2023-01-03 18:01:21,226 basehttp 161 "GET /static/admin/img/icon-changelink.svg HTTP/1.1" 200 380
INFO 2023-01-03 18:01:21,311 basehttp 161 "GET /static/admin/fonts/Roboto-Bold-webfont.woff HTTP/1.1" 200 86184
INFO 2023-01-03 18:01:24,412 basehttp 161 "GET /admin/ HTTP/1.1" 200 6080
INFO 2023-01-03 21:03:39,697 autoreload 637 Watching for file changes with StatReloader
INFO 2023-01-03 21:04:16,054 autoreload 637 Watching for file changes with StatReloader
INFO 2023-01-03 21:04:28,045 autoreload 637 Watching for file changes with StatReloader
INFO 2023-01-03 21:12:16,152 autoreload 637 Watching for file changes with StatReloader
INFO 2023-01-03 21:12:36,807 autoreload 637 Watching for file changes with StatReloader
