INFO 2022-08-29 15:52:43,211 autoreload 677 Watching for file changes with StatReloader
INFO 2022-08-29 15:52:49,527 basehttp 187 "GET / HTTP/1.1" 200 9734
INFO 2022-08-29 15:54:10,408 autoreload 266 D:\Users\18203\Desktop\work\blogproject\blog\views.py changed, reloading.
INFO 2022-08-29 15:54:11,089 autoreload 677 Watching for file changes with StatReloader
INFO 2022-08-29 16:02:14,752 basehttp 187 "GET / HTTP/1.1" 200 9740
INFO 2022-08-29 16:02:17,199 basehttp 187 "GET /posts/2/ HTTP/1.1" 200 15327
WARNING 2022-08-29 16:02:17,511 log 241 Not Found: /posts/2/js/pace.min.js
WARNING 2022-08-29 16:02:17,512 log 241 Not Found: /posts/2/js/jquery-2.1.3.min.js
WARNING 2022-08-29 16:02:17,513 log 241 Not Found: /posts/2/css/bootstrap.min.css
WARNING 2022-08-29 16:02:17,514 log 241 Not Found: /posts/2/js/bootstrap.min.js
WARNING 2022-08-29 16:02:17,515 log 241 Not Found: /posts/2/css/pace.css
WARNING 2022-08-29 16:02:17,516 log 241 Not Found: /posts/2/css/custom.css
WARNING 2022-08-29 16:02:17,517 basehttp 187 "GET /posts/2/js/jquery-2.1.3.min.js HTTP/1.1" 404 2516
WARNING 2022-08-29 16:02:17,517 basehttp 187 "GET /posts/2/js/pace.min.js HTTP/1.1" 404 2492
WARNING 2022-08-29 16:02:17,518 basehttp 187 "GET /posts/2/css/bootstrap.min.css HTTP/1.1" 404 2513
WARNING 2022-08-29 16:02:17,518 basehttp 187 "GET /posts/2/js/bootstrap.min.js HTTP/1.1" 404 2507
WARNING 2022-08-29 16:02:17,519 basehttp 187 "GET /posts/2/css/pace.css HTTP/1.1" 404 2486
WARNING 2022-08-29 16:02:17,520 basehttp 187 "GET /posts/2/css/custom.css HTTP/1.1" 404 2492
WARNING 2022-08-29 16:02:17,529 log 241 Not Found: /posts/2/js/modernizr.custom.js
WARNING 2022-08-29 16:02:17,530 log 241 Not Found: /posts/2/js/script.js
WARNING 2022-08-29 16:02:17,530 basehttp 187 "GET /posts/2/js/modernizr.custom.js HTTP/1.1" 404 2516
WARNING 2022-08-29 16:02:17,530 basehttp 187 "GET /posts/2/js/script.js HTTP/1.1" 404 2486
INFO 2022-08-29 16:02:25,839 basehttp 187 "GET /posts/2/ HTTP/1.1" 200 15327
WARNING 2022-08-29 16:02:25,896 log 241 Not Found: /posts/2/js/jquery-2.1.3.min.js
WARNING 2022-08-29 16:02:25,897 log 241 Not Found: /posts/2/css/bootstrap.min.css
WARNING 2022-08-29 16:02:25,898 log 241 Not Found: /posts/2/css/pace.css
WARNING 2022-08-29 16:02:25,900 log 241 Not Found: /posts/2/css/custom.css
WARNING 2022-08-29 16:02:25,900 basehttp 187 "GET /posts/2/js/jquery-2.1.3.min.js HTTP/1.1" 404 2516
WARNING 2022-08-29 16:02:25,901 log 241 Not Found: /posts/2/js/pace.min.js
WARNING 2022-08-29 16:02:25,902 log 241 Not Found: /posts/2/js/bootstrap.min.js
WARNING 2022-08-29 16:02:25,903 basehttp 187 "GET /posts/2/css/bootstrap.min.css HTTP/1.1" 404 2513
WARNING 2022-08-29 16:02:25,904 basehttp 187 "GET /posts/2/css/custom.css HTTP/1.1" 404 2492
WARNING 2022-08-29 16:02:25,905 basehttp 187 "GET /posts/2/css/pace.css HTTP/1.1" 404 2486
WARNING 2022-08-29 16:02:25,905 basehttp 187 "GET /posts/2/js/pace.min.js HTTP/1.1" 404 2492
WARNING 2022-08-29 16:02:25,912 basehttp 187 "GET /posts/2/js/bootstrap.min.js HTTP/1.1" 404 2507
INFO 2022-08-29 16:02:25,916 basehttp 80 - Broken pipe from ('127.0.0.1', 8253)
WARNING 2022-08-29 16:02:25,917 log 241 Not Found: /posts/2/js/modernizr.custom.js
WARNING 2022-08-29 16:02:25,918 log 241 Not Found: /posts/2/js/script.js
WARNING 2022-08-29 16:02:25,919 basehttp 187 "GET /posts/2/js/modernizr.custom.js HTTP/1.1" 404 2516
WARNING 2022-08-29 16:02:25,919 basehttp 187 "GET /posts/2/js/script.js HTTP/1.1" 404 2486
INFO 2022-08-29 16:02:36,623 basehttp 187 "GET /posts/2/ HTTP/1.1" 200 15327
WARNING 2022-08-29 16:02:36,680 log 241 Not Found: /posts/2/css/custom.css
WARNING 2022-08-29 16:02:36,681 log 241 Not Found: /posts/2/css/bootstrap.min.css
WARNING 2022-08-29 16:02:36,682 log 241 Not Found: /posts/2/js/pace.min.js
WARNING 2022-08-29 16:02:36,683 log 241 Not Found: /posts/2/js/bootstrap.min.js
WARNING 2022-08-29 16:02:36,685 log 241 Not Found: /posts/2/js/jquery-2.1.3.min.js
WARNING 2022-08-29 16:02:36,685 basehttp 187 "GET /posts/2/css/custom.css HTTP/1.1" 404 2492
WARNING 2022-08-29 16:02:36,686 log 241 Not Found: /posts/2/css/pace.css
WARNING 2022-08-29 16:02:36,687 basehttp 187 "GET /posts/2/css/bootstrap.min.css HTTP/1.1" 404 2513
WARNING 2022-08-29 16:02:36,687 basehttp 187 "GET /posts/2/js/bootstrap.min.js HTTP/1.1" 404 2507
WARNING 2022-08-29 16:02:36,687 basehttp 187 "GET /posts/2/js/pace.min.js HTTP/1.1" 404 2492
WARNING 2022-08-29 16:02:36,690 basehttp 187 "GET /posts/2/js/jquery-2.1.3.min.js HTTP/1.1" 404 2516
WARNING 2022-08-29 16:02:36,695 basehttp 187 "GET /posts/2/css/pace.css HTTP/1.1" 404 2486
WARNING 2022-08-29 16:02:36,700 log 241 Not Found: /posts/2/js/script.js
WARNING 2022-08-29 16:02:36,701 log 241 Not Found: /posts/2/js/modernizr.custom.js
WARNING 2022-08-29 16:02:36,702 basehttp 187 "GET /posts/2/js/modernizr.custom.js HTTP/1.1" 404 2516
WARNING 2022-08-29 16:02:36,702 basehttp 187 "GET /posts/2/js/script.js HTTP/1.1" 404 2486
INFO 2022-08-29 16:02:39,891 basehttp 187 "GET /posts/2/ HTTP/1.1" 200 15327
WARNING 2022-08-29 16:02:39,949 log 241 Not Found: /posts/2/js/pace.min.js
WARNING 2022-08-29 16:02:39,950 log 241 Not Found: /posts/2/css/custom.css
WARNING 2022-08-29 16:02:39,951 log 241 Not Found: /posts/2/css/bootstrap.min.css
WARNING 2022-08-29 16:02:39,951 basehttp 187 "GET /posts/2/js/pace.min.js HTTP/1.1" 404 2492
WARNING 2022-08-29 16:02:39,952 log 241 Not Found: /posts/2/js/jquery-2.1.3.min.js
WARNING 2022-08-29 16:02:39,953 log 241 Not Found: /posts/2/js/bootstrap.min.js
WARNING 2022-08-29 16:02:39,954 log 241 Not Found: /posts/2/css/pace.css
WARNING 2022-08-29 16:02:39,956 basehttp 187 "GET /posts/2/css/custom.css HTTP/1.1" 404 2492
WARNING 2022-08-29 16:02:39,963 basehttp 187 "GET /posts/2/css/pace.css HTTP/1.1" 404 2486
WARNING 2022-08-29 16:02:39,964 basehttp 187 "GET /posts/2/js/bootstrap.min.js HTTP/1.1" 404 2507
WARNING 2022-08-29 16:02:39,964 basehttp 187 "GET /posts/2/js/jquery-2.1.3.min.js HTTP/1.1" 404 2516
WARNING 2022-08-29 16:02:39,964 basehttp 187 "GET /posts/2/css/bootstrap.min.css HTTP/1.1" 404 2513
INFO 2022-08-29 16:02:39,967 basehttp 80 - Broken pipe from ('127.0.0.1', 8270)
WARNING 2022-08-29 16:02:39,969 log 241 Not Found: /posts/2/js/modernizr.custom.js
WARNING 2022-08-29 16:02:39,970 basehttp 187 "GET /posts/2/js/modernizr.custom.js HTTP/1.1" 404 2516
WARNING 2022-08-29 16:02:39,971 log 241 Not Found: /posts/2/js/script.js
WARNING 2022-08-29 16:02:39,972 basehttp 187 "GET /posts/2/js/script.js HTTP/1.1" 404 2486
INFO 2022-08-29 16:03:21,651 basehttp 187 "GET /posts/2/ HTTP/1.1" 200 15327
WARNING 2022-08-29 16:03:21,711 log 241 Not Found: /posts/2/css/bootstrap.min.css
WARNING 2022-08-29 16:03:21,712 basehttp 187 "GET /posts/2/css/bootstrap.min.css HTTP/1.1" 404 2513
WARNING 2022-08-29 16:03:21,713 log 241 Not Found: /posts/2/css/custom.css
WARNING 2022-08-29 16:03:21,714 log 241 Not Found: /posts/2/js/bootstrap.min.js
WARNING 2022-08-29 16:03:21,716 log 241 Not Found: /posts/2/css/pace.css
WARNING 2022-08-29 16:03:21,717 log 241 Not Found: /posts/2/js/jquery-2.1.3.min.js
WARNING 2022-08-29 16:03:21,717 log 241 Not Found: /posts/2/js/pace.min.js
WARNING 2022-08-29 16:03:21,719 basehttp 187 "GET /posts/2/css/custom.css HTTP/1.1" 404 2492
WARNING 2022-08-29 16:03:21,723 basehttp 187 "GET /posts/2/js/bootstrap.min.js HTTP/1.1" 404 2507
WARNING 2022-08-29 16:03:21,724 basehttp 187 "GET /posts/2/js/jquery-2.1.3.min.js HTTP/1.1" 404 2516
WARNING 2022-08-29 16:03:21,725 basehttp 187 "GET /posts/2/css/pace.css HTTP/1.1" 404 2486
WARNING 2022-08-29 16:03:21,725 basehttp 187 "GET /posts/2/js/pace.min.js HTTP/1.1" 404 2492
WARNING 2022-08-29 16:03:21,730 log 241 Not Found: /posts/2/js/modernizr.custom.js
WARNING 2022-08-29 16:03:21,730 basehttp 187 "GET /posts/2/js/modernizr.custom.js HTTP/1.1" 404 2516
WARNING 2022-08-29 16:03:21,732 log 241 Not Found: /posts/2/js/script.js
WARNING 2022-08-29 16:03:21,732 basehttp 187 "GET /posts/2/js/script.js HTTP/1.1" 404 2486
INFO 2022-08-29 16:20:31,301 basehttp 187 "GET /posts/2/ HTTP/1.1" 200 12378
INFO 2022-08-29 16:20:31,345 basehttp 187 "GET /static/blog/css/pace.css HTTP/1.1" 304 0
INFO 2022-08-29 16:20:31,345 basehttp 187 "GET /static/blog/css/bootstrap.min.css HTTP/1.1" 304 0
INFO 2022-08-29 16:20:31,352 basehttp 187 "GET /static/blog/css/custom.css HTTP/1.1" 304 0
INFO 2022-08-29 16:20:31,355 basehttp 187 "GET /static/blog/js/modernizr.custom.js HTTP/1.1" 304 0
INFO 2022-08-29 16:20:31,355 basehttp 187 "GET /static/blog/js/bootstrap.min.js HTTP/1.1" 304 0
INFO 2022-08-29 16:20:31,356 basehttp 187 "GET /static/blog/js/script.js HTTP/1.1" 304 0
INFO 2022-08-29 16:20:31,357 basehttp 187 "GET /static/blog/js/jquery-2.1.3.min.js HTTP/1.1" 304 0
INFO 2022-08-29 16:20:31,358 basehttp 187 "GET /static/blog/js/pace.min.js HTTP/1.1" 304 0
INFO 2022-08-29 16:23:12,920 basehttp 187 "GET / HTTP/1.1" 200 9862
INFO 2022-08-29 16:23:16,045 basehttp 187 "GET / HTTP/1.1" 200 9862
INFO 2022-08-29 16:23:16,856 basehttp 187 "GET / HTTP/1.1" 200 9862
INFO 2022-08-29 16:23:17,670 basehttp 187 "GET / HTTP/1.1" 200 9862
INFO 2022-08-29 16:35:38,960 autoreload 266 D:\Users\18203\Desktop\work\blogproject\blog\views.py changed, reloading.
INFO 2022-08-29 16:35:41,730 autoreload 677 Watching for file changes with StatReloader
INFO 2022-08-29 16:36:16,143 autoreload 266 D:\Users\18203\Desktop\work\blogproject\blog\views.py changed, reloading.
INFO 2022-08-29 16:36:16,804 autoreload 677 Watching for file changes with StatReloader
INFO 2022-08-29 16:37:10,687 basehttp 187 "GET /admin/blog/post/2/change/ HTTP/1.1" 200 10504
INFO 2022-08-29 16:37:10,733 basehttp 187 "GET /static/admin/css/base.css HTTP/1.1" 304 0
INFO 2022-08-29 16:37:10,735 basehttp 187 "GET /static/admin/css/dark_mode.css HTTP/1.1" 304 0
INFO 2022-08-29 16:37:10,736 basehttp 187 "GET /static/admin/css/nav_sidebar.css HTTP/1.1" 304 0
INFO 2022-08-29 16:37:10,749 basehttp 187 "GET /static/admin/css/forms.css HTTP/1.1" 304 0
INFO 2022-08-29 16:37:10,749 basehttp 187 "GET /static/admin/js/jquery.init.js HTTP/1.1" 304 0
INFO 2022-08-29 16:37:10,750 basehttp 187 "GET /static/admin/css/responsive.css HTTP/1.1" 304 0
INFO 2022-08-29 16:37:10,750 basehttp 187 "GET /static/admin/js/core.js HTTP/1.1" 304 0
INFO 2022-08-29 16:37:10,757 basehttp 187 "GET /static/admin/js/vendor/jquery/jquery.js HTTP/1.1" 304 0
INFO 2022-08-29 16:37:10,761 basehttp 187 "GET /static/admin/js/admin/RelatedObjectLookups.js HTTP/1.1" 304 0
INFO 2022-08-29 16:37:10,765 basehttp 187 "GET /static/admin/js/actions.js HTTP/1.1" 304 0
INFO 2022-08-29 16:37:10,768 basehttp 187 "GET /static/admin/js/urlify.js HTTP/1.1" 304 0
INFO 2022-08-29 16:37:10,769 basehttp 187 "GET /static/admin/css/fonts.css HTTP/1.1" 304 0
INFO 2022-08-29 16:37:10,770 basehttp 187 "GET /static/admin/js/vendor/xregexp/xregexp.js HTTP/1.1" 304 0
INFO 2022-08-29 16:37:10,773 basehttp 187 "GET /static/admin/js/prepopulate.js HTTP/1.1" 304 0
INFO 2022-08-29 16:37:10,773 basehttp 187 "GET /static/admin/css/widgets.css HTTP/1.1" 304 0
INFO 2022-08-29 16:37:10,780 basehttp 187 "GET /static/admin/js/prepopulate_init.js HTTP/1.1" 304 0
INFO 2022-08-29 16:37:10,788 basehttp 187 "GET /admin/jsi18n/ HTTP/1.1" 200 8603
INFO 2022-08-29 16:37:10,789 basehttp 187 "GET /static/admin/js/nav_sidebar.js HTTP/1.1" 304 0
INFO 2022-08-29 16:37:10,794 basehttp 187 "GET /static/admin/img/icon-changelink.svg HTTP/1.1" 304 0
INFO 2022-08-29 16:37:10,813 basehttp 187 "GET /static/admin/img/icon-addlink.svg HTTP/1.1" 304 0
INFO 2022-08-29 16:37:10,814 basehttp 187 "GET /static/admin/js/change_form.js HTTP/1.1" 304 0
INFO 2022-08-29 16:37:10,843 basehttp 187 "GET /static/admin/fonts/Roboto-Regular-webfont.woff HTTP/1.1" 304 0
INFO 2022-08-29 16:37:10,846 basehttp 187 "GET /static/admin/fonts/Roboto-Light-webfont.woff HTTP/1.1" 304 0
INFO 2022-08-29 16:37:10,847 basehttp 187 "GET /static/admin/fonts/Roboto-Bold-webfont.woff HTTP/1.1" 304 0
INFO 2022-08-29 16:37:11,034 basehttp 187 "GET /static/admin/img/tooltag-arrowright.svg HTTP/1.1" 200 280
INFO 2022-08-29 16:37:34,887 basehttp 187 "POST /admin/blog/post/2/change/ HTTP/1.1" 302 0
INFO 2022-08-29 16:37:34,938 basehttp 187 "GET /admin/blog/post/ HTTP/1.1" 200 8118
INFO 2022-08-29 16:37:34,984 basehttp 187 "GET /static/admin/css/changelists.css HTTP/1.1" 304 0
INFO 2022-08-29 16:37:34,992 basehttp 187 "GET /admin/jsi18n/ HTTP/1.1" 200 8603
INFO 2022-08-29 16:37:34,993 basehttp 187 "GET /static/admin/js/filters.js HTTP/1.1" 304 0
INFO 2022-08-29 16:37:35,023 basehttp 187 "GET /static/admin/img/icon-yes.svg HTTP/1.1" 304 0
INFO 2022-08-29 16:37:35,023 basehttp 187 "GET /static/admin/img/tooltag-add.svg HTTP/1.1" 304 0
INFO 2022-08-29 16:37:43,004 basehttp 187 "GET / HTTP/1.1" 200 9862
INFO 2022-08-29 16:37:44,732 basehttp 187 "GET /posts/2/ HTTP/1.1" 200 13328
INFO 2022-08-29 16:39:18,535 basehttp 187 "GET /posts/2/ HTTP/1.1" 200 13104
INFO 2022-08-29 16:40:17,170 basehttp 187 "GET /admin/blog/post/2/change/ HTTP/1.1" 200 11184
INFO 2022-08-29 16:40:17,229 basehttp 187 "GET /admin/jsi18n/ HTTP/1.1" 200 8603
INFO 2022-08-29 16:40:17,254 basehttp 187 "GET /static/admin/img/icon-viewlink.svg HTTP/1.1" 304 0
INFO 2022-08-29 16:44:04,100 basehttp 187 "GET /posts/2/ HTTP/1.1" 200 14165
INFO 2022-08-29 16:44:21,281 basehttp 187 "GET / HTTP/1.1" 200 9862
INFO 2022-08-29 16:44:23,809 basehttp 187 "GET /posts/2/ HTTP/1.1" 200 14165
INFO 2022-08-29 16:44:47,823 basehttp 187 "POST /admin/blog/post/2/change/ HTTP/1.1" 302 0
INFO 2022-08-29 16:44:47,860 basehttp 187 "GET /admin/blog/post/ HTTP/1.1" 200 8118
INFO 2022-08-29 16:44:47,909 basehttp 187 "GET /admin/jsi18n/ HTTP/1.1" 200 8603
INFO 2022-08-29 16:44:50,430 basehttp 187 "GET /posts/2/ HTTP/1.1" 200 14158
INFO 2022-08-29 16:44:55,291 basehttp 187 "GET /admin/blog/post/2/change/ HTTP/1.1" 200 11178
INFO 2022-08-29 16:44:55,356 basehttp 187 "GET /admin/jsi18n/ HTTP/1.1" 200 8603
INFO 2022-08-29 16:45:10,562 basehttp 187 "POST /admin/blog/post/2/change/ HTTP/1.1" 302 0
INFO 2022-08-29 16:45:10,584 basehttp 187 "GET /admin/blog/post/ HTTP/1.1" 200 8118
INFO 2022-08-29 16:45:10,641 basehttp 187 "GET /admin/jsi18n/ HTTP/1.1" 200 8603
INFO 2022-08-29 16:45:13,285 basehttp 187 "GET /posts/2/ HTTP/1.1" 200 14165
INFO 2022-08-29 16:47:30,039 autoreload 677 Watching for file changes with StatReloader
INFO 2022-08-29 16:47:33,654 basehttp 187 "GET / HTTP/1.1" 200 9862
INFO 2022-08-29 16:47:36,016 basehttp 187 "GET /posts/2/ HTTP/1.1" 200 14165
INFO 2022-08-29 16:48:52,393 basehttp 187 "GET /admin HTTP/1.1" 301 0
INFO 2022-08-29 16:48:52,545 basehttp 187 "GET /admin/ HTTP/1.1" 200 7040
INFO 2022-08-29 16:48:52,610 basehttp 187 "GET /static/admin/css/dashboard.css HTTP/1.1" 304 0
INFO 2022-08-29 16:48:58,757 basehttp 187 "GET /admin/blog/post/ HTTP/1.1" 200 7927
INFO 2022-08-29 16:48:58,802 basehttp 187 "GET /admin/jsi18n/ HTTP/1.1" 200 8603
INFO 2022-08-29 16:49:03,798 basehttp 187 "GET /admin/blog/post/2/change/ HTTP/1.1" 200 11184
INFO 2022-08-29 16:49:03,857 basehttp 187 "GET /admin/jsi18n/ HTTP/1.1" 200 8603
INFO 2022-08-29 16:49:47,370 basehttp 187 "POST /admin/blog/post/2/change/ HTTP/1.1" 302 0
INFO 2022-08-29 16:49:47,409 basehttp 187 "GET /admin/blog/post/ HTTP/1.1" 200 8118
INFO 2022-08-29 16:49:47,459 basehttp 187 "GET /admin/jsi18n/ HTTP/1.1" 200 8603
INFO 2022-08-29 16:49:51,714 basehttp 187 "GET / HTTP/1.1" 200 9862
INFO 2022-08-29 16:49:52,635 basehttp 187 "GET /posts/2/ HTTP/1.1" 200 14640
INFO 2022-08-29 16:50:07,779 basehttp 187 "GET /admin/blog/post/2/change/ HTTP/1.1" 200 11667
INFO 2022-08-29 16:50:07,825 basehttp 187 "GET /admin/jsi18n/ HTTP/1.1" 200 8603
INFO 2022-08-29 16:50:24,782 basehttp 187 "POST /admin/blog/post/2/change/ HTTP/1.1" 302 0
INFO 2022-08-29 16:50:24,804 basehttp 187 "GET /admin/blog/post/ HTTP/1.1" 200 8118
INFO 2022-08-29 16:50:24,855 basehttp 187 "GET /admin/jsi18n/ HTTP/1.1" 200 8603
INFO 2022-08-29 16:50:29,072 basehttp 187 "GET /posts/2/ HTTP/1.1" 200 14135
INFO 2022-08-29 16:51:14,745 autoreload 266 D:\Users\18203\Desktop\work\blogproject\blog\views.py changed, reloading.
INFO 2022-08-29 16:51:15,524 autoreload 677 Watching for file changes with StatReloader
INFO 2022-08-29 16:51:46,760 autoreload 266 D:\Users\18203\Desktop\work\blogproject\blog\views.py changed, reloading.
INFO 2022-08-29 16:51:47,371 autoreload 677 Watching for file changes with StatReloader
INFO 2022-08-29 16:51:49,912 autoreload 266 D:\Users\18203\Desktop\work\blogproject\blog\views.py changed, reloading.
INFO 2022-08-29 16:51:50,747 autoreload 677 Watching for file changes with StatReloader
ERROR 2022-08-29 16:51:57,055 log 241 Internal Server Error: /posts/2/
Traceback (most recent call last):
  File "D:\Users\18203\blog\lib\site-packages\django\core\handlers\exception.py", line 55, in inner
    response = get_response(request)
  File "D:\Users\18203\blog\lib\site-packages\django\core\handlers\base.py", line 197, in _get_response
    response = wrapped_callback(request, *callback_args, **callback_kwargs)
  File "D:\Users\18203\Desktop\work\blogproject\blog\views.py", line 19, in detail
    post.body = markdown.markdown(post.body, extensions=[
  File "D:\Users\18203\blog\lib\site-packages\markdown\core.py", line 386, in markdown
    md = Markdown(**kwargs)
  File "D:\Users\18203\blog\lib\site-packages\markdown\core.py", line 96, in __init__
    self.registerExtensions(extensions=kwargs.get('extensions', []),
  File "D:\Users\18203\blog\lib\site-packages\markdown\core.py", line 123, in registerExtensions
    ext = self.build_extension(ext, configs.get(ext, {}))
  File "D:\Users\18203\blog\lib\site-packages\markdown\core.py", line 162, in build_extension
    module = importlib.import_module(ext_name)
  File "C:\Users\18203\AppData\Local\Programs\Python\Python39\lib\importlib\__init__.py", line 127, in import_module
    return _bootstrap._gcd_import(name[level:], package, level)
  File "<frozen importlib._bootstrap>", line 1030, in _gcd_import
  File "<frozen importlib._bootstrap>", line 1007, in _find_and_load
  File "<frozen importlib._bootstrap>", line 972, in _find_and_load_unlocked
  File "<frozen importlib._bootstrap>", line 228, in _call_with_frames_removed
  File "<frozen importlib._bootstrap>", line 1030, in _gcd_import
  File "<frozen importlib._bootstrap>", line 1007, in _find_and_load
  File "<frozen importlib._bootstrap>", line 972, in _find_and_load_unlocked
  File "<frozen importlib._bootstrap>", line 228, in _call_with_frames_removed
  File "<frozen importlib._bootstrap>", line 1030, in _gcd_import
  File "<frozen importlib._bootstrap>", line 1007, in _find_and_load
  File "<frozen importlib._bootstrap>", line 984, in _find_and_load_unlocked
ModuleNotFoundError: No module named 'markdwon'
ERROR 2022-08-29 16:51:57,057 basehttp 187 "GET /posts/2/ HTTP/1.1" 500 110614
INFO 2022-08-29 16:52:22,058 autoreload 266 D:\Users\18203\Desktop\work\blogproject\blog\views.py changed, reloading.
INFO 2022-08-29 16:52:22,816 autoreload 677 Watching for file changes with StatReloader
INFO 2022-08-29 16:52:25,563 basehttp 187 "GET /posts/2/ HTTP/1.1" 200 14116
INFO 2022-08-29 16:52:34,000 autoreload 266 D:\Users\18203\Desktop\work\blogproject\blog\views.py changed, reloading.
INFO 2022-08-29 16:52:34,683 autoreload 677 Watching for file changes with StatReloader
INFO 2022-08-29 16:52:35,114 basehttp 187 "GET /posts/2/ HTTP/1.1" 200 14116
INFO 2022-08-29 16:52:37,546 basehttp 187 "GET /posts/2/ HTTP/1.1" 200 14116
INFO 2022-08-29 16:55:14,065 autoreload 266 D:\Users\18203\Desktop\work\blogproject\blog\views.py changed, reloading.
INFO 2022-08-29 16:55:14,752 autoreload 677 Watching for file changes with StatReloader
INFO 2022-08-29 16:55:20,502 autoreload 677 Watching for file changes with StatReloader
INFO 2022-08-29 16:55:27,839 basehttp 187 "GET /posts/2/ HTTP/1.1" 200 14135
INFO 2022-08-29 16:57:07,357 basehttp 187 "GET /posts/2/ HTTP/1.1" 200 14135
INFO 2022-08-29 16:58:04,888 basehttp 187 "GET /posts/2/ HTTP/1.1" 200 14135
INFO 2022-08-29 16:59:04,154 basehttp 187 "GET /posts/2/ HTTP/1.1" 200 14135
INFO 2022-08-29 17:02:32,582 basehttp 187 "GET /posts/2/ HTTP/1.1" 200 14135
INFO 2022-08-29 17:04:39,041 autoreload 266 D:\Users\18203\Desktop\work\blogproject\blog\views.py changed, reloading.
INFO 2022-08-29 17:04:39,677 autoreload 677 Watching for file changes with StatReloader
INFO 2022-08-29 17:04:51,339 basehttp 187 "GET /posts/2/ HTTP/1.1" 200 14116
INFO 2022-08-29 17:04:54,236 basehttp 187 "GET /posts/2/ HTTP/1.1" 200 14116
INFO 2022-08-29 17:04:55,084 basehttp 187 "GET /posts/2/ HTTP/1.1" 200 14116
INFO 2022-08-29 17:10:15,912 autoreload 677 Watching for file changes with StatReloader
INFO 2022-08-29 17:10:23,440 basehttp 187 "GET /posts/2/ HTTP/1.1" 200 14050
INFO 2022-08-29 17:10:39,916 autoreload 266 D:\Users\18203\Desktop\work\blogproject\blog\views.py changed, reloading.
INFO 2022-08-29 17:10:40,568 autoreload 677 Watching for file changes with StatReloader
INFO 2022-08-29 17:10:41,685 basehttp 187 "GET /posts/2/ HTTP/1.1" 200 14069
INFO 2022-08-29 17:10:45,445 basehttp 187 "GET /posts/2/ HTTP/1.1" 200 14069
INFO 2022-08-29 17:10:46,725 basehttp 187 "GET /posts/2/ HTTP/1.1" 200 14069
INFO 2022-08-29 17:15:09,896 basehttp 187 "GET /admin/blog/post/2/change/ HTTP/1.1" 200 11115
INFO 2022-08-29 17:15:09,955 basehttp 187 "GET /admin/jsi18n/ HTTP/1.1" 200 8603
INFO 2022-08-29 17:15:21,400 basehttp 187 "POST /admin/blog/post/2/change/ HTTP/1.1" 302 0
INFO 2022-08-29 17:15:21,437 basehttp 187 "GET /admin/blog/post/2/change/ HTTP/1.1" 200 11349
INFO 2022-08-29 17:15:21,480 basehttp 187 "GET /admin/jsi18n/ HTTP/1.1" 200 8603
INFO 2022-08-29 17:15:24,349 basehttp 187 "GET /posts/2/ HTTP/1.1" 200 14075
INFO 2022-08-29 17:16:20,162 basehttp 187 "POST /admin/blog/post/2/change/ HTTP/1.1" 302 0
INFO 2022-08-29 17:16:20,321 basehttp 187 "GET /admin/blog/post/ HTTP/1.1" 200 8118
INFO 2022-08-29 17:16:20,374 basehttp 187 "GET /admin/jsi18n/ HTTP/1.1" 200 8603
INFO 2022-08-29 17:16:22,587 basehttp 187 "GET /posts/2/ HTTP/1.1" 200 14208
INFO 2022-08-29 17:18:24,622 autoreload 266 D:\Users\18203\Desktop\work\blogproject\blog\views.py changed, reloading.
INFO 2022-08-29 17:18:25,315 autoreload 677 Watching for file changes with StatReloader
INFO 2022-08-29 17:19:10,362 autoreload 266 D:\Users\18203\Desktop\work\blogproject\blog\views.py changed, reloading.
INFO 2022-08-29 17:19:11,044 autoreload 677 Watching for file changes with StatReloader
INFO 2022-08-29 17:19:17,783 autoreload 266 D:\Users\18203\Desktop\work\blogproject\blog\views.py changed, reloading.
INFO 2022-08-29 17:19:18,391 autoreload 677 Watching for file changes with StatReloader
INFO 2022-08-29 17:19:40,003 autoreload 266 D:\Users\18203\Desktop\work\blogproject\blog\views.py changed, reloading.
INFO 2022-08-29 17:19:40,670 autoreload 677 Watching for file changes with StatReloader
INFO 2022-08-29 17:22:04,150 basehttp 187 "GET /posts/2/ HTTP/1.1" 200 13958
INFO 2022-08-29 17:24:28,894 autoreload 266 D:\Users\18203\Desktop\work\blogproject\blog\views.py changed, reloading.
INFO 2022-08-29 17:24:29,527 autoreload 677 Watching for file changes with StatReloader
INFO 2022-08-29 17:24:36,352 autoreload 266 D:\Users\18203\Desktop\work\blogproject\blog\views.py changed, reloading.
INFO 2022-08-29 17:24:36,952 autoreload 677 Watching for file changes with StatReloader
INFO 2022-08-29 17:24:42,121 basehttp 187 "GET /posts/2/ HTTP/1.1" 200 13923
INFO 2022-08-29 17:24:43,992 basehttp 187 "GET /posts/2/ HTTP/1.1" 200 13923
INFO 2022-08-29 17:24:51,148 basehttp 187 "GET /posts/2/ HTTP/1.1" 200 13923
WARNING 2022-08-29 17:24:55,971 log 241 Not Found: /posts/2/index.html
WARNING 2022-08-29 17:24:55,972 basehttp 187 "GET /posts/2/index.html HTTP/1.1" 404 2480
WARNING 2022-08-29 17:25:03,992 log 241 Not Found: /posts/2/index.html
WARNING 2022-08-29 17:25:03,993 basehttp 187 "GET /posts/2/index.html HTTP/1.1" 404 2480
WARNING 2022-08-29 17:25:11,696 log 241 Not Found: /index.html
WARNING 2022-08-29 17:25:11,697 basehttp 187 "GET /index.html HTTP/1.1" 404 2456
WARNING 2022-08-29 17:25:18,277 log 241 Not Found: /index
WARNING 2022-08-29 17:25:18,278 basehttp 187 "GET /index HTTP/1.1" 404 2441
WARNING 2022-08-29 17:25:41,868 log 241 Not Found: /[name='index']
WARNING 2022-08-29 17:25:41,868 basehttp 187 "GET /[name='index'] HTTP/1.1" 404 2504
INFO 2022-08-29 17:25:52,335 basehttp 187 "GET / HTTP/1.1" 200 10857
INFO 2022-08-29 17:37:27,552 autoreload 266 D:\Users\18203\Desktop\work\blogproject\blog\views.py changed, reloading.
INFO 2022-08-29 17:37:28,231 autoreload 677 Watching for file changes with StatReloader
INFO 2022-08-29 17:38:36,429 autoreload 266 D:\Users\18203\Desktop\work\blogproject\blog\views.py changed, reloading.
INFO 2022-08-29 17:38:37,044 autoreload 677 Watching for file changes with StatReloader
INFO 2022-08-29 17:39:13,821 basehttp 187 "GET /posts/2/ HTTP/1.1" 200 14013
INFO 2022-08-29 17:39:45,083 basehttp 187 "GET /posts/2/ HTTP/1.1" 200 14013
INFO 2022-08-29 17:59:04,617 autoreload 266 D:\Users\18203\Desktop\work\blogproject\blog\models.py changed, reloading.
INFO 2022-08-29 17:59:05,375 autoreload 677 Watching for file changes with StatReloader
INFO 2022-08-29 17:59:21,720 autoreload 266 D:\Users\18203\Desktop\work\blogproject\blog\models.py changed, reloading.
INFO 2022-08-29 17:59:22,448 autoreload 677 Watching for file changes with StatReloader
INFO 2022-08-29 18:00:11,759 autoreload 266 D:\Users\18203\Desktop\work\blogproject\blog\models.py changed, reloading.
INFO 2022-08-29 18:00:12,506 autoreload 677 Watching for file changes with StatReloader
INFO 2022-08-30 09:56:28,148 autoreload 677 Watching for file changes with StatReloader
INFO 2022-08-30 09:56:32,310 basehttp 187 "GET / HTTP/1.1" 200 10857
INFO 2022-08-30 09:56:32,369 basehttp 187 "GET /static/blog/css/custom.css HTTP/1.1" 304 0
INFO 2022-08-30 09:56:32,369 basehttp 187 "GET /static/blog/js/pace.min.js HTTP/1.1" 304 0
INFO 2022-08-30 09:56:32,369 basehttp 187 "GET /static/blog/css/bootstrap.min.css HTTP/1.1" 304 0
INFO 2022-08-30 09:56:32,369 basehttp 187 "GET /static/blog/css/pace.css HTTP/1.1" 304 0
INFO 2022-08-30 09:56:32,369 basehttp 187 "GET /static/blog/js/bootstrap.min.js HTTP/1.1" 304 0
INFO 2022-08-30 09:56:32,370 basehttp 187 "GET /static/blog/js/jquery-2.1.3.min.js HTTP/1.1" 304 0
INFO 2022-08-30 09:56:32,374 basehttp 187 "GET /static/blog/js/script.js HTTP/1.1" 304 0
INFO 2022-08-30 09:56:32,374 basehttp 187 "GET /static/blog/js/modernizr.custom.js HTTP/1.1" 304 0
WARNING 2022-08-30 09:56:32,867 log 241 Not Found: /favicon.ico
WARNING 2022-08-30 09:56:32,868 basehttp 187 "GET /favicon.ico HTTP/1.1" 404 2459
INFO 2022-08-30 10:42:56,655 autoreload 677 Watching for file changes with StatReloader
INFO 2022-08-30 10:43:19,368 basehttp 187 "GET / HTTP/1.1" 200 8754
INFO 2022-08-30 10:44:26,835 basehttp 187 "GET /posts/2/ HTTP/1.1" 200 11910
INFO 2022-08-30 10:44:29,814 basehttp 187 "GET /posts/2/ HTTP/1.1" 200 11910
INFO 2022-08-30 10:44:46,253 basehttp 187 "GET /posts/2/ HTTP/1.1" 200 11910
INFO 2022-08-30 10:47:21,644 autoreload 677 Watching for file changes with StatReloader
INFO 2022-08-30 10:48:30,938 autoreload 266 D:\Users\18203\Desktop\work\blogproject\blogproject\settings.py changed, reloading.
INFO 2022-08-30 10:48:31,654 autoreload 677 Watching for file changes with StatReloader
INFO 2022-08-30 10:48:37,984 basehttp 187 "GET / HTTP/1.1" 200 8754
INFO 2022-08-30 10:48:38,931 basehttp 187 "GET / HTTP/1.1" 200 8754
INFO 2022-08-30 10:48:40,752 basehttp 187 "GET / HTTP/1.1" 200 8754
INFO 2022-08-30 10:50:16,186 autoreload 266 D:\Users\18203\Desktop\work\blogproject\blogproject\settings.py changed, reloading.
INFO 2022-08-30 10:50:17,000 autoreload 677 Watching for file changes with StatReloader
INFO 2022-08-30 10:52:00,824 autoreload 677 Watching for file changes with StatReloader
INFO 2022-08-30 10:52:03,637 basehttp 187 "GET / HTTP/1.1" 200 8807
INFO 2022-08-30 10:52:12,148 basehttp 187 "GET / HTTP/1.1" 200 8807
INFO 2022-08-30 10:52:42,994 autoreload 266 D:\Users\18203\Desktop\work\blogproject\blogproject\settings.py changed, reloading.
INFO 2022-08-30 10:52:43,712 autoreload 677 Watching for file changes with StatReloader
INFO 2022-08-30 10:52:47,305 basehttp 187 "GET / HTTP/1.1" 200 8812
WARNING 2022-08-30 10:56:21,651 log 241 Not Found: /full-width.html
WARNING 2022-08-30 10:56:21,651 basehttp 187 "GET /full-width.html HTTP/1.1" 404 2471
INFO 2022-08-30 10:58:10,398 autoreload 266 D:\Users\18203\Desktop\work\blogproject\blog\templatetags\blog_extras.py changed, reloading.
INFO 2022-08-30 10:58:11,261 autoreload 677 Watching for file changes with StatReloader
INFO 2022-08-30 11:12:14,253 autoreload 677 Watching for file changes with StatReloader
INFO 2022-08-30 11:12:18,059 basehttp 187 "GET / HTTP/1.1" 200 8850
WARNING 2022-08-30 11:12:22,456 log 241 Not Found: /archives/2022/8/}
WARNING 2022-08-30 11:12:22,457 basehttp 187 "GET /archives/2022/8/%7D HTTP/1.1" 404 2686
WARNING 2022-08-30 11:12:34,688 log 241 Not Found: /archives/2022/8/}
WARNING 2022-08-30 11:12:34,688 basehttp 187 "GET /archives/2022/8/%7D HTTP/1.1" 404 2686
WARNING 2022-08-30 11:14:30,195 log 241 Not Found: /archives/2022/8/}
WARNING 2022-08-30 11:14:30,196 basehttp 187 "GET /archives/2022/8/%7D HTTP/1.1" 404 2686
INFO 2022-08-30 11:15:08,337 basehttp 187 "GET /archives/2022/8 HTTP/1.1" 301 0
INFO 2022-08-30 11:15:08,444 basehttp 187 "GET /archives/2022/8/ HTTP/1.1" 200 8850
WARNING 2022-08-30 11:15:23,573 log 241 Not Found: /archives/2022/8/}
WARNING 2022-08-30 11:15:23,573 basehttp 187 "GET /archives/2022/8/%7D HTTP/1.1" 404 2686
WARNING 2022-08-30 11:15:42,813 log 241 Not Found: /archives/2022/8/}
WARNING 2022-08-30 11:15:42,813 basehttp 187 "GET /archives/2022/8/%7D HTTP/1.1" 404 2686
WARNING 2022-08-30 11:15:46,340 log 241 Not Found: /archives/2022/8/}
WARNING 2022-08-30 11:15:46,341 basehttp 187 "GET /archives/2022/8/%7D HTTP/1.1" 404 2686
WARNING 2022-08-30 11:18:09,673 log 241 Not Found: /archives/2022/8/}
WARNING 2022-08-30 11:18:09,673 basehttp 187 "GET /archives/2022/8/%7D HTTP/1.1" 404 2686
WARNING 2022-08-30 11:18:15,707 log 241 Not Found: /archives/2022/8/}
WARNING 2022-08-30 11:18:15,707 basehttp 187 "GET /archives/2022/8/%7D HTTP/1.1" 404 2686
INFO 2022-08-30 11:18:23,473 autoreload 677 Watching for file changes with StatReloader
INFO 2022-08-30 11:18:38,422 basehttp 187 "GET / HTTP/1.1" 200 8849
INFO 2022-08-30 11:18:40,451 basehttp 187 "GET /archives/2022/8/ HTTP/1.1" 200 8849
INFO 2022-08-30 11:38:48,308 autoreload 677 Watching for file changes with StatReloader
INFO 2022-08-30 11:38:51,686 basehttp 187 "GET / HTTP/1.1" 200 8913
INFO 2022-08-30 11:39:01,597 basehttp 187 "GET /categories2/ HTTP/1.1" 200 8913
INFO 2022-08-30 11:39:04,299 basehttp 187 "GET /categories1/ HTTP/1.1" 200 7695
INFO 2022-08-30 11:39:08,255 basehttp 187 "GET /categories2/ HTTP/1.1" 200 8913
INFO 2022-08-30 11:39:10,792 basehttp 187 "GET /categories1/ HTTP/1.1" 200 7695
INFO 2022-08-30 11:39:12,696 basehttp 187 "GET /categories2/ HTTP/1.1" 200 8913
INFO 2022-08-30 11:39:17,136 basehttp 187 "GET /categories1/ HTTP/1.1" 200 7695
INFO 2022-08-30 11:39:18,668 basehttp 187 "GET /categories2/ HTTP/1.1" 200 8913
INFO 2022-08-30 11:41:15,907 autoreload 266 D:\Users\18203\Desktop\work\blogproject\blog\urls.py changed, reloading.
INFO 2022-08-30 11:41:16,562 autoreload 677 Watching for file changes with StatReloader
WARNING 2022-08-30 11:43:27,304 log 241 Not Found: /categories2/
WARNING 2022-08-30 11:43:27,304 basehttp 187 "GET /categories2/ HTTP/1.1" 404 2859
INFO 2022-08-30 11:43:36,812 basehttp 187 "GET /categories/2/ HTTP/1.1" 200 8915
INFO 2022-08-30 11:43:41,430 basehttp 187 "GET /categories/2/ HTTP/1.1" 200 8915
INFO 2022-08-30 11:43:42,593 basehttp 187 "GET /categories/1/ HTTP/1.1" 200 7697
INFO 2022-08-30 11:43:44,192 basehttp 187 "GET /categories/2/ HTTP/1.1" 200 8915
INFO 2022-08-30 11:43:44,909 basehttp 187 "GET /categories/1/ HTTP/1.1" 200 7697
INFO 2022-08-30 11:43:45,680 basehttp 187 "GET /categories/2/ HTTP/1.1" 200 8915
INFO 2022-08-30 11:43:46,938 basehttp 187 "GET /categories/1/ HTTP/1.1" 200 7697
INFO 2022-08-30 11:43:49,406 basehttp 187 "GET /categories/2/ HTTP/1.1" 200 8915
INFO 2022-08-30 11:43:50,429 basehttp 187 "GET /categories/1/ HTTP/1.1" 200 7697
INFO 2022-08-30 11:43:51,695 basehttp 187 "GET /categories/2/ HTTP/1.1" 200 8915
INFO 2022-08-30 11:48:12,964 autoreload 266 D:\Users\18203\Desktop\work\blogproject\blog\views.py changed, reloading.
INFO 2022-08-30 11:48:13,641 autoreload 677 Watching for file changes with StatReloader
INFO 2022-08-30 11:49:12,548 autoreload 266 D:\Users\18203\Desktop\work\blogproject\blog\urls.py changed, reloading.
INFO 2022-08-30 11:49:13,299 autoreload 677 Watching for file changes with StatReloader
INFO 2022-08-30 11:50:32,236 autoreload 266 D:\Users\18203\Desktop\work\blogproject\blog\views.py changed, reloading.
INFO 2022-08-30 11:50:33,050 autoreload 677 Watching for file changes with StatReloader
ERROR 2022-08-30 11:51:11,135 log 241 Internal Server Error: /categories/2/
Traceback (most recent call last):
  File "D:\Users\18203\blog\lib\site-packages\django\core\handlers\exception.py", line 55, in inner
    response = get_response(request)
  File "D:\Users\18203\blog\lib\site-packages\django\core\handlers\base.py", line 197, in _get_response
    response = wrapped_callback(request, *callback_args, **callback_kwargs)
  File "D:\Users\18203\Desktop\work\blogproject\blog\views.py", line 59, in category
    return render(request, 'blog/index.html', context={'post_list': post_list})
  File "D:\Users\18203\blog\lib\site-packages\django\shortcuts.py", line 24, in render
    content = loader.render_to_string(template_name, context, request, using=using)
  File "D:\Users\18203\blog\lib\site-packages\django\template\loader.py", line 62, in render_to_string
    return template.render(context, request)
  File "D:\Users\18203\blog\lib\site-packages\django\template\backends\django.py", line 62, in render
    return self.template.render(context)
  File "D:\Users\18203\blog\lib\site-packages\django\template\base.py", line 175, in render
    return self._render(context)
  File "D:\Users\18203\blog\lib\site-packages\django\template\base.py", line 167, in _render
    return self.nodelist.render(context)
  File "D:\Users\18203\blog\lib\site-packages\django\template\base.py", line 1005, in render
    return SafeString("".join([node.render_annotated(context) for node in self]))
  File "D:\Users\18203\blog\lib\site-packages\django\template\base.py", line 1005, in <listcomp>
    return SafeString("".join([node.render_annotated(context) for node in self]))
  File "D:\Users\18203\blog\lib\site-packages\django\template\base.py", line 966, in render_annotated
    return self.render(context)
  File "D:\Users\18203\blog\lib\site-packages\django\template\loader_tags.py", line 157, in render
    return compiled_parent._render(context)
  File "D:\Users\18203\blog\lib\site-packages\django\template\base.py", line 167, in _render
    return self.nodelist.render(context)
  File "D:\Users\18203\blog\lib\site-packages\django\template\base.py", line 1005, in render
    return SafeString("".join([node.render_annotated(context) for node in self]))
  File "D:\Users\18203\blog\lib\site-packages\django\template\base.py", line 1005, in <listcomp>
    return SafeString("".join([node.render_annotated(context) for node in self]))
  File "D:\Users\18203\blog\lib\site-packages\django\template\base.py", line 966, in render_annotated
    return self.render(context)
  File "D:\Users\18203\blog\lib\site-packages\django\template\library.py", line 278, in render
    return t.render(new_context)
  File "D:\Users\18203\blog\lib\site-packages\django\template\base.py", line 177, in render
    return self._render(context)
  File "D:\Users\18203\blog\lib\site-packages\django\template\base.py", line 167, in _render
    return self.nodelist.render(context)
  File "D:\Users\18203\blog\lib\site-packages\django\template\base.py", line 1005, in render
    return SafeString("".join([node.render_annotated(context) for node in self]))
  File "D:\Users\18203\blog\lib\site-packages\django\template\base.py", line 1005, in <listcomp>
    return SafeString("".join([node.render_annotated(context) for node in self]))
  File "D:\Users\18203\blog\lib\site-packages\django\template\base.py", line 966, in render_annotated
    return self.render(context)
  File "D:\Users\18203\blog\lib\site-packages\django\template\defaulttags.py", line 238, in render
    nodelist.append(node.render_annotated(context))
  File "D:\Users\18203\blog\lib\site-packages\django\template\base.py", line 966, in render_annotated
    return self.render(context)
  File "D:\Users\18203\blog\lib\site-packages\django\template\defaulttags.py", line 472, in render
    url = reverse(view_name, args=args, kwargs=kwargs, current_app=current_app)
  File "D:\Users\18203\blog\lib\site-packages\django\urls\base.py", line 88, in reverse
    return resolver._reverse_with_prefix(view, prefix, *args, **kwargs)
  File "D:\Users\18203\blog\lib\site-packages\django\urls\resolvers.py", line 803, in _reverse_with_prefix
    raise NoReverseMatch(msg)
django.urls.exceptions.NoReverseMatch: Reverse for 'tag tag.pk' not found. 'tag tag.pk' is not a valid view function or pattern name.
ERROR 2022-08-30 11:51:11,142 basehttp 187 "GET /categories/2/ HTTP/1.1" 500 182964
ERROR 2022-08-30 11:51:15,927 log 241 Internal Server Error: /categories/2/
Traceback (most recent call last):
  File "D:\Users\18203\blog\lib\site-packages\django\core\handlers\exception.py", line 55, in inner
    response = get_response(request)
  File "D:\Users\18203\blog\lib\site-packages\django\core\handlers\base.py", line 197, in _get_response
    response = wrapped_callback(request, *callback_args, **callback_kwargs)
  File "D:\Users\18203\Desktop\work\blogproject\blog\views.py", line 59, in category
    return render(request, 'blog/index.html', context={'post_list': post_list})
  File "D:\Users\18203\blog\lib\site-packages\django\shortcuts.py", line 24, in render
    content = loader.render_to_string(template_name, context, request, using=using)
  File "D:\Users\18203\blog\lib\site-packages\django\template\loader.py", line 62, in render_to_string
    return template.render(context, request)
  File "D:\Users\18203\blog\lib\site-packages\django\template\backends\django.py", line 62, in render
    return self.template.render(context)
  File "D:\Users\18203\blog\lib\site-packages\django\template\base.py", line 175, in render
    return self._render(context)
  File "D:\Users\18203\blog\lib\site-packages\django\template\base.py", line 167, in _render
    return self.nodelist.render(context)
  File "D:\Users\18203\blog\lib\site-packages\django\template\base.py", line 1005, in render
    return SafeString("".join([node.render_annotated(context) for node in self]))
  File "D:\Users\18203\blog\lib\site-packages\django\template\base.py", line 1005, in <listcomp>
    return SafeString("".join([node.render_annotated(context) for node in self]))
  File "D:\Users\18203\blog\lib\site-packages\django\template\base.py", line 966, in render_annotated
    return self.render(context)
  File "D:\Users\18203\blog\lib\site-packages\django\template\loader_tags.py", line 157, in render
    return compiled_parent._render(context)
  File "D:\Users\18203\blog\lib\site-packages\django\template\base.py", line 167, in _render
    return self.nodelist.render(context)
  File "D:\Users\18203\blog\lib\site-packages\django\template\base.py", line 1005, in render
    return SafeString("".join([node.render_annotated(context) for node in self]))
  File "D:\Users\18203\blog\lib\site-packages\django\template\base.py", line 1005, in <listcomp>
    return SafeString("".join([node.render_annotated(context) for node in self]))
  File "D:\Users\18203\blog\lib\site-packages\django\template\base.py", line 966, in render_annotated
    return self.render(context)
  File "D:\Users\18203\blog\lib\site-packages\django\template\library.py", line 278, in render
    return t.render(new_context)
  File "D:\Users\18203\blog\lib\site-packages\django\template\base.py", line 177, in render
    return self._render(context)
  File "D:\Users\18203\blog\lib\site-packages\django\template\base.py", line 167, in _render
    return self.nodelist.render(context)
  File "D:\Users\18203\blog\lib\site-packages\django\template\base.py", line 1005, in render
    return SafeString("".join([node.render_annotated(context) for node in self]))
  File "D:\Users\18203\blog\lib\site-packages\django\template\base.py", line 1005, in <listcomp>
    return SafeString("".join([node.render_annotated(context) for node in self]))
  File "D:\Users\18203\blog\lib\site-packages\django\template\base.py", line 966, in render_annotated
    return self.render(context)
  File "D:\Users\18203\blog\lib\site-packages\django\template\defaulttags.py", line 238, in render
    nodelist.append(node.render_annotated(context))
  File "D:\Users\18203\blog\lib\site-packages\django\template\base.py", line 966, in render_annotated
    return self.render(context)
  File "D:\Users\18203\blog\lib\site-packages\django\template\defaulttags.py", line 472, in render
    url = reverse(view_name, args=args, kwargs=kwargs, current_app=current_app)
  File "D:\Users\18203\blog\lib\site-packages\django\urls\base.py", line 88, in reverse
    return resolver._reverse_with_prefix(view, prefix, *args, **kwargs)
  File "D:\Users\18203\blog\lib\site-packages\django\urls\resolvers.py", line 803, in _reverse_with_prefix
    raise NoReverseMatch(msg)
django.urls.exceptions.NoReverseMatch: Reverse for 'tag tag.pk' not found. 'tag tag.pk' is not a valid view function or pattern name.
ERROR 2022-08-30 11:51:15,930 basehttp 187 "GET /categories/2/ HTTP/1.1" 500 182743
ERROR 2022-08-30 11:51:21,520 log 241 Internal Server Error: /categories/1/
Traceback (most recent call last):
  File "D:\Users\18203\blog\lib\site-packages\django\core\handlers\exception.py", line 55, in inner
    response = get_response(request)
  File "D:\Users\18203\blog\lib\site-packages\django\core\handlers\base.py", line 197, in _get_response
    response = wrapped_callback(request, *callback_args, **callback_kwargs)
  File "D:\Users\18203\Desktop\work\blogproject\blog\views.py", line 59, in category
    return render(request, 'blog/index.html', context={'post_list': post_list})
  File "D:\Users\18203\blog\lib\site-packages\django\shortcuts.py", line 24, in render
    content = loader.render_to_string(template_name, context, request, using=using)
  File "D:\Users\18203\blog\lib\site-packages\django\template\loader.py", line 62, in render_to_string
    return template.render(context, request)
  File "D:\Users\18203\blog\lib\site-packages\django\template\backends\django.py", line 62, in render
    return self.template.render(context)
  File "D:\Users\18203\blog\lib\site-packages\django\template\base.py", line 175, in render
    return self._render(context)
  File "D:\Users\18203\blog\lib\site-packages\django\template\base.py", line 167, in _render
    return self.nodelist.render(context)
  File "D:\Users\18203\blog\lib\site-packages\django\template\base.py", line 1005, in render
    return SafeString("".join([node.render_annotated(context) for node in self]))
  File "D:\Users\18203\blog\lib\site-packages\django\template\base.py", line 1005, in <listcomp>
    return SafeString("".join([node.render_annotated(context) for node in self]))
  File "D:\Users\18203\blog\lib\site-packages\django\template\base.py", line 966, in render_annotated
    return self.render(context)
  File "D:\Users\18203\blog\lib\site-packages\django\template\loader_tags.py", line 157, in render
    return compiled_parent._render(context)
  File "D:\Users\18203\blog\lib\site-packages\django\template\base.py", line 167, in _render
    return self.nodelist.render(context)
  File "D:\Users\18203\blog\lib\site-packages\django\template\base.py", line 1005, in render
    return SafeString("".join([node.render_annotated(context) for node in self]))
  File "D:\Users\18203\blog\lib\site-packages\django\template\base.py", line 1005, in <listcomp>
    return SafeString("".join([node.render_annotated(context) for node in self]))
  File "D:\Users\18203\blog\lib\site-packages\django\template\base.py", line 966, in render_annotated
    return self.render(context)
  File "D:\Users\18203\blog\lib\site-packages\django\template\library.py", line 278, in render
    return t.render(new_context)
  File "D:\Users\18203\blog\lib\site-packages\django\template\base.py", line 177, in render
    return self._render(context)
  File "D:\Users\18203\blog\lib\site-packages\django\template\base.py", line 167, in _render
    return self.nodelist.render(context)
  File "D:\Users\18203\blog\lib\site-packages\django\template\base.py", line 1005, in render
    return SafeString("".join([node.render_annotated(context) for node in self]))
  File "D:\Users\18203\blog\lib\site-packages\django\template\base.py", line 1005, in <listcomp>
    return SafeString("".join([node.render_annotated(context) for node in self]))
  File "D:\Users\18203\blog\lib\site-packages\django\template\base.py", line 966, in render_annotated
    return self.render(context)
  File "D:\Users\18203\blog\lib\site-packages\django\template\defaulttags.py", line 238, in render
    nodelist.append(node.render_annotated(context))
  File "D:\Users\18203\blog\lib\site-packages\django\template\base.py", line 966, in render_annotated
    return self.render(context)
  File "D:\Users\18203\blog\lib\site-packages\django\template\defaulttags.py", line 472, in render
    url = reverse(view_name, args=args, kwargs=kwargs, current_app=current_app)
  File "D:\Users\18203\blog\lib\site-packages\django\urls\base.py", line 88, in reverse
    return resolver._reverse_with_prefix(view, prefix, *args, **kwargs)
  File "D:\Users\18203\blog\lib\site-packages\django\urls\resolvers.py", line 803, in _reverse_with_prefix
    raise NoReverseMatch(msg)
django.urls.exceptions.NoReverseMatch: Reverse for 'tag tag.pk' not found. 'tag tag.pk' is not a valid view function or pattern name.
ERROR 2022-08-30 11:51:21,523 basehttp 187 "GET /categories/1/ HTTP/1.1" 500 182185
INFO 2022-08-30 11:53:29,707 basehttp 187 "GET /categories/1/ HTTP/1.1" 200 7711
INFO 2022-08-30 11:53:31,997 basehttp 187 "GET /categories/1/ HTTP/1.1" 200 7711
INFO 2022-08-30 11:53:33,998 basehttp 187 "GET /categories/2/ HTTP/1.1" 200 8929
INFO 2022-08-30 11:53:37,133 basehttp 187 "GET /tags/1/ HTTP/1.1" 200 7711
INFO 2022-08-30 11:53:39,029 basehttp 187 "GET /tags/2/ HTTP/1.1" 200 8929
INFO 2022-08-30 11:55:23,380 basehttp 187 "GET /tags/2/ HTTP/1.1" 200 8805
INFO 2022-08-30 15:11:30,715 autoreload 677 Watching for file changes with StatReloader
INFO 2022-08-30 15:12:06,135 basehttp 187 "GET / HTTP/1.1" 200 8805
ERROR 2022-08-30 15:12:10,091 log 241 Internal Server Error: /posts/2/
Traceback (most recent call last):
  File "D:\Users\18203\blog\lib\site-packages\django\template\defaulttags.py", line 1027, in find_library
    return parser.libraries[name]
KeyError: 'comments_extras'

During handling of the above exception, another exception occurred:

Traceback (most recent call last):
  File "D:\Users\18203\blog\lib\site-packages\django\core\handlers\exception.py", line 55, in inner
    response = get_response(request)
  File "D:\Users\18203\blog\lib\site-packages\django\core\handlers\base.py", line 197, in _get_response
    response = wrapped_callback(request, *callback_args, **callback_kwargs)
  File "D:\Users\18203\Desktop\work\blogproject\blog\views.py", line 40, in detail
    return render(request, 'blog/detail.html', context={'post': post})
  File "D:\Users\18203\blog\lib\site-packages\django\shortcuts.py", line 24, in render
    content = loader.render_to_string(template_name, context, request, using=using)
  File "D:\Users\18203\blog\lib\site-packages\django\template\loader.py", line 61, in render_to_string
    template = get_template(template_name, using=using)
  File "D:\Users\18203\blog\lib\site-packages\django\template\loader.py", line 15, in get_template
    return engine.get_template(template_name)
  File "D:\Users\18203\blog\lib\site-packages\django\template\backends\django.py", line 34, in get_template
    return Template(self.engine.get_template(template_name), self)
  File "D:\Users\18203\blog\lib\site-packages\django\template\engine.py", line 175, in get_template
    template, origin = self.find_template(template_name)
  File "D:\Users\18203\blog\lib\site-packages\django\template\engine.py", line 157, in find_template
    template = loader.get_template(name, skip=skip)
  File "D:\Users\18203\blog\lib\site-packages\django\template\loaders\cached.py", line 57, in get_template
    template = super().get_template(template_name, skip)
  File "D:\Users\18203\blog\lib\site-packages\django\template\loaders\base.py", line 28, in get_template
    return Template(
  File "D:\Users\18203\blog\lib\site-packages\django\template\base.py", line 154, in __init__
    self.nodelist = self.compile_nodelist()
  File "D:\Users\18203\blog\lib\site-packages\django\template\base.py", line 200, in compile_nodelist
    return parser.parse()
  File "D:\Users\18203\blog\lib\site-packages\django\template\base.py", line 513, in parse
    raise self.error(token, e)
  File "D:\Users\18203\blog\lib\site-packages\django\template\base.py", line 511, in parse
    compiled_result = compile_func(self, token)
  File "D:\Users\18203\blog\lib\site-packages\django\template\loader_tags.py", line 293, in do_extends
    nodelist = parser.parse()
  File "D:\Users\18203\blog\lib\site-packages\django\template\base.py", line 513, in parse
    raise self.error(token, e)
  File "D:\Users\18203\blog\lib\site-packages\django\template\base.py", line 511, in parse
    compiled_result = compile_func(self, token)
  File "D:\Users\18203\blog\lib\site-packages\django\template\defaulttags.py", line 1089, in load
    lib = find_library(parser, name)
  File "D:\Users\18203\blog\lib\site-packages\django\template\defaulttags.py", line 1029, in find_library
    raise TemplateSyntaxError(
django.template.exceptions.TemplateSyntaxError: 'comments_extras' is not a registered tag library. Must be one of:
admin_list
admin_modify
admin_urls
blog_extras
cache
i18n
l10n
log
static
tz
ERROR 2022-08-30 15:12:10,096 basehttp 187 "GET /posts/2/ HTTP/1.1" 500 183213
INFO 2022-08-30 15:12:46,618 basehttp 187 "GET / HTTP/1.1" 200 8805
ERROR 2022-08-30 15:12:48,362 log 241 Internal Server Error: /posts/2/
Traceback (most recent call last):
  File "D:\Users\18203\blog\lib\site-packages\django\template\defaulttags.py", line 1027, in find_library
    return parser.libraries[name]
KeyError: 'comments_extras'

During handling of the above exception, another exception occurred:

Traceback (most recent call last):
  File "D:\Users\18203\blog\lib\site-packages\django\core\handlers\exception.py", line 55, in inner
    response = get_response(request)
  File "D:\Users\18203\blog\lib\site-packages\django\core\handlers\base.py", line 197, in _get_response
    response = wrapped_callback(request, *callback_args, **callback_kwargs)
  File "D:\Users\18203\Desktop\work\blogproject\blog\views.py", line 40, in detail
    return render(request, 'blog/detail.html', context={'post': post})
  File "D:\Users\18203\blog\lib\site-packages\django\shortcuts.py", line 24, in render
    content = loader.render_to_string(template_name, context, request, using=using)
  File "D:\Users\18203\blog\lib\site-packages\django\template\loader.py", line 61, in render_to_string
    template = get_template(template_name, using=using)
  File "D:\Users\18203\blog\lib\site-packages\django\template\loader.py", line 15, in get_template
    return engine.get_template(template_name)
  File "D:\Users\18203\blog\lib\site-packages\django\template\backends\django.py", line 34, in get_template
    return Template(self.engine.get_template(template_name), self)
  File "D:\Users\18203\blog\lib\site-packages\django\template\engine.py", line 175, in get_template
    template, origin = self.find_template(template_name)
  File "D:\Users\18203\blog\lib\site-packages\django\template\engine.py", line 157, in find_template
    template = loader.get_template(name, skip=skip)
  File "D:\Users\18203\blog\lib\site-packages\django\template\loaders\cached.py", line 57, in get_template
    template = super().get_template(template_name, skip)
  File "D:\Users\18203\blog\lib\site-packages\django\template\loaders\base.py", line 28, in get_template
    return Template(
  File "D:\Users\18203\blog\lib\site-packages\django\template\base.py", line 154, in __init__
    self.nodelist = self.compile_nodelist()
  File "D:\Users\18203\blog\lib\site-packages\django\template\base.py", line 200, in compile_nodelist
    return parser.parse()
  File "D:\Users\18203\blog\lib\site-packages\django\template\base.py", line 513, in parse
    raise self.error(token, e)
  File "D:\Users\18203\blog\lib\site-packages\django\template\base.py", line 511, in parse
    compiled_result = compile_func(self, token)
  File "D:\Users\18203\blog\lib\site-packages\django\template\loader_tags.py", line 293, in do_extends
    nodelist = parser.parse()
  File "D:\Users\18203\blog\lib\site-packages\django\template\base.py", line 513, in parse
    raise self.error(token, e)
  File "D:\Users\18203\blog\lib\site-packages\django\template\base.py", line 511, in parse
    compiled_result = compile_func(self, token)
  File "D:\Users\18203\blog\lib\site-packages\django\template\defaulttags.py", line 1089, in load
    lib = find_library(parser, name)
  File "D:\Users\18203\blog\lib\site-packages\django\template\defaulttags.py", line 1029, in find_library
    raise TemplateSyntaxError(
django.template.exceptions.TemplateSyntaxError: 'comments_extras' is not a registered tag library. Must be one of:
admin_list
admin_modify
admin_urls
blog_extras
cache
i18n
l10n
log
static
tz
ERROR 2022-08-30 15:12:48,364 basehttp 187 "GET /posts/2/ HTTP/1.1" 500 183213
INFO 2022-08-30 15:14:41,009 autoreload 677 Watching for file changes with StatReloader
ERROR 2022-08-30 15:14:46,653 log 241 Internal Server Error: /posts/2/
Traceback (most recent call last):
  File "D:\Users\18203\blog\lib\site-packages\django\template\defaulttags.py", line 1027, in find_library
    return parser.libraries[name]
KeyError: 'comments_extras'

During handling of the above exception, another exception occurred:

Traceback (most recent call last):
  File "D:\Users\18203\blog\lib\site-packages\django\core\handlers\exception.py", line 55, in inner
    response = get_response(request)
  File "D:\Users\18203\blog\lib\site-packages\django\core\handlers\base.py", line 197, in _get_response
    response = wrapped_callback(request, *callback_args, **callback_kwargs)
  File "D:\Users\18203\Desktop\work\blogproject\blog\views.py", line 40, in detail
    return render(request, 'blog/detail.html', context={'post': post})
  File "D:\Users\18203\blog\lib\site-packages\django\shortcuts.py", line 24, in render
    content = loader.render_to_string(template_name, context, request, using=using)
  File "D:\Users\18203\blog\lib\site-packages\django\template\loader.py", line 61, in render_to_string
    template = get_template(template_name, using=using)
  File "D:\Users\18203\blog\lib\site-packages\django\template\loader.py", line 15, in get_template
    return engine.get_template(template_name)
  File "D:\Users\18203\blog\lib\site-packages\django\template\backends\django.py", line 34, in get_template
    return Template(self.engine.get_template(template_name), self)
  File "D:\Users\18203\blog\lib\site-packages\django\template\engine.py", line 175, in get_template
    template, origin = self.find_template(template_name)
  File "D:\Users\18203\blog\lib\site-packages\django\template\engine.py", line 157, in find_template
    template = loader.get_template(name, skip=skip)
  File "D:\Users\18203\blog\lib\site-packages\django\template\loaders\cached.py", line 57, in get_template
    template = super().get_template(template_name, skip)
  File "D:\Users\18203\blog\lib\site-packages\django\template\loaders\base.py", line 28, in get_template
    return Template(
  File "D:\Users\18203\blog\lib\site-packages\django\template\base.py", line 154, in __init__
    self.nodelist = self.compile_nodelist()
  File "D:\Users\18203\blog\lib\site-packages\django\template\base.py", line 200, in compile_nodelist
    return parser.parse()
  File "D:\Users\18203\blog\lib\site-packages\django\template\base.py", line 513, in parse
    raise self.error(token, e)
  File "D:\Users\18203\blog\lib\site-packages\django\template\base.py", line 511, in parse
    compiled_result = compile_func(self, token)
  File "D:\Users\18203\blog\lib\site-packages\django\template\loader_tags.py", line 293, in do_extends
    nodelist = parser.parse()
  File "D:\Users\18203\blog\lib\site-packages\django\template\base.py", line 513, in parse
    raise self.error(token, e)
  File "D:\Users\18203\blog\lib\site-packages\django\template\base.py", line 511, in parse
    compiled_result = compile_func(self, token)
  File "D:\Users\18203\blog\lib\site-packages\django\template\defaulttags.py", line 1089, in load
    lib = find_library(parser, name)
  File "D:\Users\18203\blog\lib\site-packages\django\template\defaulttags.py", line 1029, in find_library
    raise TemplateSyntaxError(
django.template.exceptions.TemplateSyntaxError: 'comments_extras' is not a registered tag library. Must be one of:
admin_list
admin_modify
admin_urls
blog_extras
cache
i18n
l10n
log
static
tz
ERROR 2022-08-30 15:14:46,658 basehttp 187 "GET /posts/2/ HTTP/1.1" 500 181952
INFO 2022-08-30 15:22:56,709 autoreload 677 Watching for file changes with StatReloader
INFO 2022-08-30 15:23:02,990 basehttp 187 "GET / HTTP/1.1" 200 8805
ERROR 2022-08-30 15:23:05,882 log 241 Internal Server Error: /posts/2/
Traceback (most recent call last):
  File "D:\Users\18203\blog\lib\site-packages\django\template\defaulttags.py", line 1027, in find_library
    return parser.libraries[name]
KeyError: 'comments_extras'

During handling of the above exception, another exception occurred:

Traceback (most recent call last):
  File "D:\Users\18203\blog\lib\site-packages\django\core\handlers\exception.py", line 55, in inner
    response = get_response(request)
  File "D:\Users\18203\blog\lib\site-packages\django\core\handlers\base.py", line 197, in _get_response
    response = wrapped_callback(request, *callback_args, **callback_kwargs)
  File "D:\Users\18203\Desktop\work\blogproject\blog\views.py", line 40, in detail
    return render(request, 'blog/detail.html', context={'post': post})
  File "D:\Users\18203\blog\lib\site-packages\django\shortcuts.py", line 24, in render
    content = loader.render_to_string(template_name, context, request, using=using)
  File "D:\Users\18203\blog\lib\site-packages\django\template\loader.py", line 61, in render_to_string
    template = get_template(template_name, using=using)
  File "D:\Users\18203\blog\lib\site-packages\django\template\loader.py", line 15, in get_template
    return engine.get_template(template_name)
  File "D:\Users\18203\blog\lib\site-packages\django\template\backends\django.py", line 34, in get_template
    return Template(self.engine.get_template(template_name), self)
  File "D:\Users\18203\blog\lib\site-packages\django\template\engine.py", line 175, in get_template
    template, origin = self.find_template(template_name)
  File "D:\Users\18203\blog\lib\site-packages\django\template\engine.py", line 157, in find_template
    template = loader.get_template(name, skip=skip)
  File "D:\Users\18203\blog\lib\site-packages\django\template\loaders\cached.py", line 57, in get_template
    template = super().get_template(template_name, skip)
  File "D:\Users\18203\blog\lib\site-packages\django\template\loaders\base.py", line 28, in get_template
    return Template(
  File "D:\Users\18203\blog\lib\site-packages\django\template\base.py", line 154, in __init__
    self.nodelist = self.compile_nodelist()
  File "D:\Users\18203\blog\lib\site-packages\django\template\base.py", line 200, in compile_nodelist
    return parser.parse()
  File "D:\Users\18203\blog\lib\site-packages\django\template\base.py", line 513, in parse
    raise self.error(token, e)
  File "D:\Users\18203\blog\lib\site-packages\django\template\base.py", line 511, in parse
    compiled_result = compile_func(self, token)
  File "D:\Users\18203\blog\lib\site-packages\django\template\loader_tags.py", line 293, in do_extends
    nodelist = parser.parse()
  File "D:\Users\18203\blog\lib\site-packages\django\template\base.py", line 513, in parse
    raise self.error(token, e)
  File "D:\Users\18203\blog\lib\site-packages\django\template\base.py", line 511, in parse
    compiled_result = compile_func(self, token)
  File "D:\Users\18203\blog\lib\site-packages\django\template\defaulttags.py", line 1089, in load
    lib = find_library(parser, name)
  File "D:\Users\18203\blog\lib\site-packages\django\template\defaulttags.py", line 1029, in find_library
    raise TemplateSyntaxError(
django.template.exceptions.TemplateSyntaxError: 'comments_extras' is not a registered tag library. Must be one of:
admin_list
admin_modify
admin_urls
blog_extras
cache
i18n
l10n
log
static
tz
ERROR 2022-08-30 15:23:05,888 basehttp 187 "GET /posts/2/ HTTP/1.1" 500 181815
INFO 2022-08-30 15:27:06,133 autoreload 677 Watching for file changes with StatReloader
INFO 2022-08-30 15:27:08,363 basehttp 187 "GET / HTTP/1.1" 200 8805
ERROR 2022-08-30 15:27:10,260 log 241 Internal Server Error: /posts/2/
Traceback (most recent call last):
  File "D:\Users\18203\blog\lib\site-packages\django\template\defaulttags.py", line 1027, in find_library
    return parser.libraries[name]
KeyError: 'comments_extras'

During handling of the above exception, another exception occurred:

Traceback (most recent call last):
  File "D:\Users\18203\blog\lib\site-packages\django\core\handlers\exception.py", line 55, in inner
    response = get_response(request)
  File "D:\Users\18203\blog\lib\site-packages\django\core\handlers\base.py", line 197, in _get_response
    response = wrapped_callback(request, *callback_args, **callback_kwargs)
  File "D:\Users\18203\Desktop\work\blogproject\blog\views.py", line 40, in detail
    return render(request, 'blog/detail.html', context={'post': post})
  File "D:\Users\18203\blog\lib\site-packages\django\shortcuts.py", line 24, in render
    content = loader.render_to_string(template_name, context, request, using=using)
  File "D:\Users\18203\blog\lib\site-packages\django\template\loader.py", line 61, in render_to_string
    template = get_template(template_name, using=using)
  File "D:\Users\18203\blog\lib\site-packages\django\template\loader.py", line 15, in get_template
    return engine.get_template(template_name)
  File "D:\Users\18203\blog\lib\site-packages\django\template\backends\django.py", line 34, in get_template
    return Template(self.engine.get_template(template_name), self)
  File "D:\Users\18203\blog\lib\site-packages\django\template\engine.py", line 175, in get_template
    template, origin = self.find_template(template_name)
  File "D:\Users\18203\blog\lib\site-packages\django\template\engine.py", line 157, in find_template
    template = loader.get_template(name, skip=skip)
  File "D:\Users\18203\blog\lib\site-packages\django\template\loaders\cached.py", line 57, in get_template
    template = super().get_template(template_name, skip)
  File "D:\Users\18203\blog\lib\site-packages\django\template\loaders\base.py", line 28, in get_template
    return Template(
  File "D:\Users\18203\blog\lib\site-packages\django\template\base.py", line 154, in __init__
    self.nodelist = self.compile_nodelist()
  File "D:\Users\18203\blog\lib\site-packages\django\template\base.py", line 200, in compile_nodelist
    return parser.parse()
  File "D:\Users\18203\blog\lib\site-packages\django\template\base.py", line 513, in parse
    raise self.error(token, e)
  File "D:\Users\18203\blog\lib\site-packages\django\template\base.py", line 511, in parse
    compiled_result = compile_func(self, token)
  File "D:\Users\18203\blog\lib\site-packages\django\template\loader_tags.py", line 293, in do_extends
    nodelist = parser.parse()
  File "D:\Users\18203\blog\lib\site-packages\django\template\base.py", line 513, in parse
    raise self.error(token, e)
  File "D:\Users\18203\blog\lib\site-packages\django\template\base.py", line 511, in parse
    compiled_result = compile_func(self, token)
  File "D:\Users\18203\blog\lib\site-packages\django\template\defaulttags.py", line 1089, in load
    lib = find_library(parser, name)
  File "D:\Users\18203\blog\lib\site-packages\django\template\defaulttags.py", line 1029, in find_library
    raise TemplateSyntaxError(
django.template.exceptions.TemplateSyntaxError: 'comments_extras' is not a registered tag library. Must be one of:
admin_list
admin_modify
admin_urls
blog_extras
cache
i18n
l10n
log
static
tz
ERROR 2022-08-30 15:27:10,269 basehttp 187 "GET /posts/2/ HTTP/1.1" 500 181820
INFO 2022-08-30 15:28:33,684 autoreload 677 Watching for file changes with StatReloader
ERROR 2022-08-30 15:28:40,706 log 241 Internal Server Error: /posts/2/
Traceback (most recent call last):
  File "D:\Users\18203\blog\lib\site-packages\django\template\defaulttags.py", line 1027, in find_library
    return parser.libraries[name]
KeyError: 'comments_extras'

During handling of the above exception, another exception occurred:

Traceback (most recent call last):
  File "D:\Users\18203\blog\lib\site-packages\django\core\handlers\exception.py", line 55, in inner
    response = get_response(request)
  File "D:\Users\18203\blog\lib\site-packages\django\core\handlers\base.py", line 197, in _get_response
    response = wrapped_callback(request, *callback_args, **callback_kwargs)
  File "D:\Users\18203\Desktop\work\blogproject\blog\views.py", line 40, in detail
    return render(request, 'blog/detail.html', context={'post': post})
  File "D:\Users\18203\blog\lib\site-packages\django\shortcuts.py", line 24, in render
    content = loader.render_to_string(template_name, context, request, using=using)
  File "D:\Users\18203\blog\lib\site-packages\django\template\loader.py", line 61, in render_to_string
    template = get_template(template_name, using=using)
  File "D:\Users\18203\blog\lib\site-packages\django\template\loader.py", line 15, in get_template
    return engine.get_template(template_name)
  File "D:\Users\18203\blog\lib\site-packages\django\template\backends\django.py", line 34, in get_template
    return Template(self.engine.get_template(template_name), self)
  File "D:\Users\18203\blog\lib\site-packages\django\template\engine.py", line 175, in get_template
    template, origin = self.find_template(template_name)
  File "D:\Users\18203\blog\lib\site-packages\django\template\engine.py", line 157, in find_template
    template = loader.get_template(name, skip=skip)
  File "D:\Users\18203\blog\lib\site-packages\django\template\loaders\cached.py", line 57, in get_template
    template = super().get_template(template_name, skip)
  File "D:\Users\18203\blog\lib\site-packages\django\template\loaders\base.py", line 28, in get_template
    return Template(
  File "D:\Users\18203\blog\lib\site-packages\django\template\base.py", line 154, in __init__
    self.nodelist = self.compile_nodelist()
  File "D:\Users\18203\blog\lib\site-packages\django\template\base.py", line 200, in compile_nodelist
    return parser.parse()
  File "D:\Users\18203\blog\lib\site-packages\django\template\base.py", line 513, in parse
    raise self.error(token, e)
  File "D:\Users\18203\blog\lib\site-packages\django\template\base.py", line 511, in parse
    compiled_result = compile_func(self, token)
  File "D:\Users\18203\blog\lib\site-packages\django\template\loader_tags.py", line 293, in do_extends
    nodelist = parser.parse()
  File "D:\Users\18203\blog\lib\site-packages\django\template\base.py", line 513, in parse
    raise self.error(token, e)
  File "D:\Users\18203\blog\lib\site-packages\django\template\base.py", line 511, in parse
    compiled_result = compile_func(self, token)
  File "D:\Users\18203\blog\lib\site-packages\django\template\defaulttags.py", line 1089, in load
    lib = find_library(parser, name)
  File "D:\Users\18203\blog\lib\site-packages\django\template\defaulttags.py", line 1029, in find_library
    raise TemplateSyntaxError(
django.template.exceptions.TemplateSyntaxError: 'comments_extras' is not a registered tag library. Must be one of:
admin_list
admin_modify
admin_urls
blog_extras
cache
i18n
l10n
log
static
tz
ERROR 2022-08-30 15:28:40,710 basehttp 187 "GET /posts/2/ HTTP/1.1" 500 181957
INFO 2022-08-30 15:29:15,940 autoreload 677 Watching for file changes with StatReloader
ERROR 2022-08-30 15:29:18,382 log 241 Internal Server Error: /posts/2/
Traceback (most recent call last):
  File "D:\Users\18203\blog\lib\site-packages\django\template\defaulttags.py", line 1027, in find_library
    return parser.libraries[name]
KeyError: 'comments_extras'

During handling of the above exception, another exception occurred:

Traceback (most recent call last):
  File "D:\Users\18203\blog\lib\site-packages\django\core\handlers\exception.py", line 55, in inner
    response = get_response(request)
  File "D:\Users\18203\blog\lib\site-packages\django\core\handlers\base.py", line 197, in _get_response
    response = wrapped_callback(request, *callback_args, **callback_kwargs)
  File "D:\Users\18203\Desktop\work\blogproject\blog\views.py", line 40, in detail
    return render(request, 'blog/detail.html', context={'post': post})
  File "D:\Users\18203\blog\lib\site-packages\django\shortcuts.py", line 24, in render
    content = loader.render_to_string(template_name, context, request, using=using)
  File "D:\Users\18203\blog\lib\site-packages\django\template\loader.py", line 61, in render_to_string
    template = get_template(template_name, using=using)
  File "D:\Users\18203\blog\lib\site-packages\django\template\loader.py", line 15, in get_template
    return engine.get_template(template_name)
  File "D:\Users\18203\blog\lib\site-packages\django\template\backends\django.py", line 34, in get_template
    return Template(self.engine.get_template(template_name), self)
  File "D:\Users\18203\blog\lib\site-packages\django\template\engine.py", line 175, in get_template
    template, origin = self.find_template(template_name)
  File "D:\Users\18203\blog\lib\site-packages\django\template\engine.py", line 157, in find_template
    template = loader.get_template(name, skip=skip)
  File "D:\Users\18203\blog\lib\site-packages\django\template\loaders\cached.py", line 57, in get_template
    template = super().get_template(template_name, skip)
  File "D:\Users\18203\blog\lib\site-packages\django\template\loaders\base.py", line 28, in get_template
    return Template(
  File "D:\Users\18203\blog\lib\site-packages\django\template\base.py", line 154, in __init__
    self.nodelist = self.compile_nodelist()
  File "D:\Users\18203\blog\lib\site-packages\django\template\base.py", line 200, in compile_nodelist
    return parser.parse()
  File "D:\Users\18203\blog\lib\site-packages\django\template\base.py", line 513, in parse
    raise self.error(token, e)
  File "D:\Users\18203\blog\lib\site-packages\django\template\base.py", line 511, in parse
    compiled_result = compile_func(self, token)
  File "D:\Users\18203\blog\lib\site-packages\django\template\defaulttags.py", line 1089, in load
    lib = find_library(parser, name)
  File "D:\Users\18203\blog\lib\site-packages\django\template\defaulttags.py", line 1029, in find_library
    raise TemplateSyntaxError(
django.template.exceptions.TemplateSyntaxError: 'comments_extras' is not a registered tag library. Must be one of:
admin_list
admin_modify
admin_urls
blog_extras
cache
i18n
l10n
log
static
tz
ERROR 2022-08-30 15:29:18,385 basehttp 187 "GET /posts/2/ HTTP/1.1" 500 163721
INFO 2022-08-30 15:31:24,451 autoreload 677 Watching for file changes with StatReloader
ERROR 2022-08-30 15:31:28,572 log 241 Internal Server Error: /posts/2/
Traceback (most recent call last):
  File "D:\Users\18203\blog\lib\site-packages\django\urls\base.py", line 71, in reverse
    extra, resolver = resolver.namespace_dict[ns]
KeyError: 'comments'

During handling of the above exception, another exception occurred:

Traceback (most recent call last):
  File "D:\Users\18203\blog\lib\site-packages\django\core\handlers\exception.py", line 55, in inner
    response = get_response(request)
  File "D:\Users\18203\blog\lib\site-packages\django\core\handlers\base.py", line 197, in _get_response
    response = wrapped_callback(request, *callback_args, **callback_kwargs)
  File "D:\Users\18203\Desktop\work\blogproject\blog\views.py", line 40, in detail
    return render(request, 'blog/detail.html', context={'post': post})
  File "D:\Users\18203\blog\lib\site-packages\django\shortcuts.py", line 24, in render
    content = loader.render_to_string(template_name, context, request, using=using)
  File "D:\Users\18203\blog\lib\site-packages\django\template\loader.py", line 62, in render_to_string
    return template.render(context, request)
  File "D:\Users\18203\blog\lib\site-packages\django\template\backends\django.py", line 62, in render
    return self.template.render(context)
  File "D:\Users\18203\blog\lib\site-packages\django\template\base.py", line 175, in render
    return self._render(context)
  File "D:\Users\18203\blog\lib\site-packages\django\template\base.py", line 167, in _render
    return self.nodelist.render(context)
  File "D:\Users\18203\blog\lib\site-packages\django\template\base.py", line 1005, in render
    return SafeString("".join([node.render_annotated(context) for node in self]))
  File "D:\Users\18203\blog\lib\site-packages\django\template\base.py", line 1005, in <listcomp>
    return SafeString("".join([node.render_annotated(context) for node in self]))
  File "D:\Users\18203\blog\lib\site-packages\django\template\base.py", line 966, in render_annotated
    return self.render(context)
  File "D:\Users\18203\blog\lib\site-packages\django\template\loader_tags.py", line 157, in render
    return compiled_parent._render(context)
  File "D:\Users\18203\blog\lib\site-packages\django\template\base.py", line 167, in _render
    return self.nodelist.render(context)
  File "D:\Users\18203\blog\lib\site-packages\django\template\base.py", line 1005, in render
    return SafeString("".join([node.render_annotated(context) for node in self]))
  File "D:\Users\18203\blog\lib\site-packages\django\template\base.py", line 1005, in <listcomp>
    return SafeString("".join([node.render_annotated(context) for node in self]))
  File "D:\Users\18203\blog\lib\site-packages\django\template\base.py", line 966, in render_annotated
    return self.render(context)
  File "D:\Users\18203\blog\lib\site-packages\django\template\loader_tags.py", line 63, in render
    result = block.nodelist.render(context)
  File "D:\Users\18203\blog\lib\site-packages\django\template\base.py", line 1005, in render
    return SafeString("".join([node.render_annotated(context) for node in self]))
  File "D:\Users\18203\blog\lib\site-packages\django\template\base.py", line 1005, in <listcomp>
    return SafeString("".join([node.render_annotated(context) for node in self]))
  File "D:\Users\18203\blog\lib\site-packages\django\template\base.py", line 966, in render_annotated
    return self.render(context)
  File "D:\Users\18203\blog\lib\site-packages\django\template\library.py", line 278, in render
    return t.render(new_context)
  File "D:\Users\18203\blog\lib\site-packages\django\template\base.py", line 177, in render
    return self._render(context)
  File "D:\Users\18203\blog\lib\site-packages\django\template\base.py", line 167, in _render
    return self.nodelist.render(context)
  File "D:\Users\18203\blog\lib\site-packages\django\template\base.py", line 1005, in render
    return SafeString("".join([node.render_annotated(context) for node in self]))
  File "D:\Users\18203\blog\lib\site-packages\django\template\base.py", line 1005, in <listcomp>
    return SafeString("".join([node.render_annotated(context) for node in self]))
  File "D:\Users\18203\blog\lib\site-packages\django\template\base.py", line 966, in render_annotated
    return self.render(context)
  File "D:\Users\18203\blog\lib\site-packages\django\template\defaulttags.py", line 472, in render
    url = reverse(view_name, args=args, kwargs=kwargs, current_app=current_app)
  File "D:\Users\18203\blog\lib\site-packages\django\urls\base.py", line 82, in reverse
    raise NoReverseMatch("%s is not a registered namespace" % key)
django.urls.exceptions.NoReverseMatch: 'comments' is not a registered namespace
ERROR 2022-08-30 15:31:28,580 basehttp 187 "GET /posts/2/ HTTP/1.1" 500 196098
INFO 2022-08-30 15:32:07,478 autoreload 677 Watching for file changes with StatReloader
ERROR 2022-08-30 15:32:10,981 log 241 Internal Server Error: /posts/2/
Traceback (most recent call last):
  File "D:\Users\18203\blog\lib\site-packages\django\urls\base.py", line 71, in reverse
    extra, resolver = resolver.namespace_dict[ns]
KeyError: 'comments'

During handling of the above exception, another exception occurred:

Traceback (most recent call last):
  File "D:\Users\18203\blog\lib\site-packages\django\core\handlers\exception.py", line 55, in inner
    response = get_response(request)
  File "D:\Users\18203\blog\lib\site-packages\django\core\handlers\base.py", line 197, in _get_response
    response = wrapped_callback(request, *callback_args, **callback_kwargs)
  File "D:\Users\18203\Desktop\work\blogproject\blog\views.py", line 40, in detail
    return render(request, 'blog/detail.html', context={'post': post})
  File "D:\Users\18203\blog\lib\site-packages\django\shortcuts.py", line 24, in render
    content = loader.render_to_string(template_name, context, request, using=using)
  File "D:\Users\18203\blog\lib\site-packages\django\template\loader.py", line 62, in render_to_string
    return template.render(context, request)
  File "D:\Users\18203\blog\lib\site-packages\django\template\backends\django.py", line 62, in render
    return self.template.render(context)
  File "D:\Users\18203\blog\lib\site-packages\django\template\base.py", line 175, in render
    return self._render(context)
  File "D:\Users\18203\blog\lib\site-packages\django\template\base.py", line 167, in _render
    return self.nodelist.render(context)
  File "D:\Users\18203\blog\lib\site-packages\django\template\base.py", line 1005, in render
    return SafeString("".join([node.render_annotated(context) for node in self]))
  File "D:\Users\18203\blog\lib\site-packages\django\template\base.py", line 1005, in <listcomp>
    return SafeString("".join([node.render_annotated(context) for node in self]))
  File "D:\Users\18203\blog\lib\site-packages\django\template\base.py", line 966, in render_annotated
    return self.render(context)
  File "D:\Users\18203\blog\lib\site-packages\django\template\loader_tags.py", line 157, in render
    return compiled_parent._render(context)
  File "D:\Users\18203\blog\lib\site-packages\django\template\base.py", line 167, in _render
    return self.nodelist.render(context)
  File "D:\Users\18203\blog\lib\site-packages\django\template\base.py", line 1005, in render
    return SafeString("".join([node.render_annotated(context) for node in self]))
  File "D:\Users\18203\blog\lib\site-packages\django\template\base.py", line 1005, in <listcomp>
    return SafeString("".join([node.render_annotated(context) for node in self]))
  File "D:\Users\18203\blog\lib\site-packages\django\template\base.py", line 966, in render_annotated
    return self.render(context)
  File "D:\Users\18203\blog\lib\site-packages\django\template\loader_tags.py", line 63, in render
    result = block.nodelist.render(context)
  File "D:\Users\18203\blog\lib\site-packages\django\template\base.py", line 1005, in render
    return SafeString("".join([node.render_annotated(context) for node in self]))
  File "D:\Users\18203\blog\lib\site-packages\django\template\base.py", line 1005, in <listcomp>
    return SafeString("".join([node.render_annotated(context) for node in self]))
  File "D:\Users\18203\blog\lib\site-packages\django\template\base.py", line 966, in render_annotated
    return self.render(context)
  File "D:\Users\18203\blog\lib\site-packages\django\template\library.py", line 278, in render
    return t.render(new_context)
  File "D:\Users\18203\blog\lib\site-packages\django\template\base.py", line 177, in render
    return self._render(context)
  File "D:\Users\18203\blog\lib\site-packages\django\template\base.py", line 167, in _render
    return self.nodelist.render(context)
  File "D:\Users\18203\blog\lib\site-packages\django\template\base.py", line 1005, in render
    return SafeString("".join([node.render_annotated(context) for node in self]))
  File "D:\Users\18203\blog\lib\site-packages\django\template\base.py", line 1005, in <listcomp>
    return SafeString("".join([node.render_annotated(context) for node in self]))
  File "D:\Users\18203\blog\lib\site-packages\django\template\base.py", line 966, in render_annotated
    return self.render(context)
  File "D:\Users\18203\blog\lib\site-packages\django\template\defaulttags.py", line 472, in render
    url = reverse(view_name, args=args, kwargs=kwargs, current_app=current_app)
  File "D:\Users\18203\blog\lib\site-packages\django\urls\base.py", line 82, in reverse
    raise NoReverseMatch("%s is not a registered namespace" % key)
django.urls.exceptions.NoReverseMatch: 'comments' is not a registered namespace
ERROR 2022-08-30 15:32:10,987 basehttp 187 "GET /posts/2/ HTTP/1.1" 500 196098
INFO 2022-08-30 15:37:23,476 autoreload 677 Watching for file changes with StatReloader
ERROR 2022-08-30 15:37:26,507 log 241 Internal Server Error: /posts/2/
Traceback (most recent call last):
  File "D:\Users\18203\blog\lib\site-packages\django\urls\base.py", line 71, in reverse
    extra, resolver = resolver.namespace_dict[ns]
KeyError: 'comments'

During handling of the above exception, another exception occurred:

Traceback (most recent call last):
  File "D:\Users\18203\blog\lib\site-packages\django\core\handlers\exception.py", line 55, in inner
    response = get_response(request)
  File "D:\Users\18203\blog\lib\site-packages\django\core\handlers\base.py", line 197, in _get_response
    response = wrapped_callback(request, *callback_args, **callback_kwargs)
  File "D:\Users\18203\Desktop\work\blogproject\blog\views.py", line 40, in detail
    return render(request, 'blog/detail.html', context={'post': post})
  File "D:\Users\18203\blog\lib\site-packages\django\shortcuts.py", line 24, in render
    content = loader.render_to_string(template_name, context, request, using=using)
  File "D:\Users\18203\blog\lib\site-packages\django\template\loader.py", line 62, in render_to_string
    return template.render(context, request)
  File "D:\Users\18203\blog\lib\site-packages\django\template\backends\django.py", line 62, in render
    return self.template.render(context)
  File "D:\Users\18203\blog\lib\site-packages\django\template\base.py", line 175, in render
    return self._render(context)
  File "D:\Users\18203\blog\lib\site-packages\django\template\base.py", line 167, in _render
    return self.nodelist.render(context)
  File "D:\Users\18203\blog\lib\site-packages\django\template\base.py", line 1005, in render
    return SafeString("".join([node.render_annotated(context) for node in self]))
  File "D:\Users\18203\blog\lib\site-packages\django\template\base.py", line 1005, in <listcomp>
    return SafeString("".join([node.render_annotated(context) for node in self]))
  File "D:\Users\18203\blog\lib\site-packages\django\template\base.py", line 966, in render_annotated
    return self.render(context)
  File "D:\Users\18203\blog\lib\site-packages\django\template\loader_tags.py", line 157, in render
    return compiled_parent._render(context)
  File "D:\Users\18203\blog\lib\site-packages\django\template\base.py", line 167, in _render
    return self.nodelist.render(context)
  File "D:\Users\18203\blog\lib\site-packages\django\template\base.py", line 1005, in render
    return SafeString("".join([node.render_annotated(context) for node in self]))
  File "D:\Users\18203\blog\lib\site-packages\django\template\base.py", line 1005, in <listcomp>
    return SafeString("".join([node.render_annotated(context) for node in self]))
  File "D:\Users\18203\blog\lib\site-packages\django\template\base.py", line 966, in render_annotated
    return self.render(context)
  File "D:\Users\18203\blog\lib\site-packages\django\template\loader_tags.py", line 63, in render
    result = block.nodelist.render(context)
  File "D:\Users\18203\blog\lib\site-packages\django\template\base.py", line 1005, in render
    return SafeString("".join([node.render_annotated(context) for node in self]))
  File "D:\Users\18203\blog\lib\site-packages\django\template\base.py", line 1005, in <listcomp>
    return SafeString("".join([node.render_annotated(context) for node in self]))
  File "D:\Users\18203\blog\lib\site-packages\django\template\base.py", line 966, in render_annotated
    return self.render(context)
  File "D:\Users\18203\blog\lib\site-packages\django\template\library.py", line 278, in render
    return t.render(new_context)
  File "D:\Users\18203\blog\lib\site-packages\django\template\base.py", line 177, in render
    return self._render(context)
  File "D:\Users\18203\blog\lib\site-packages\django\template\base.py", line 167, in _render
    return self.nodelist.render(context)
  File "D:\Users\18203\blog\lib\site-packages\django\template\base.py", line 1005, in render
    return SafeString("".join([node.render_annotated(context) for node in self]))
  File "D:\Users\18203\blog\lib\site-packages\django\template\base.py", line 1005, in <listcomp>
    return SafeString("".join([node.render_annotated(context) for node in self]))
  File "D:\Users\18203\blog\lib\site-packages\django\template\base.py", line 966, in render_annotated
    return self.render(context)
  File "D:\Users\18203\blog\lib\site-packages\django\template\defaulttags.py", line 472, in render
    url = reverse(view_name, args=args, kwargs=kwargs, current_app=current_app)
  File "D:\Users\18203\blog\lib\site-packages\django\urls\base.py", line 82, in reverse
    raise NoReverseMatch("%s is not a registered namespace" % key)
django.urls.exceptions.NoReverseMatch: 'comments' is not a registered namespace
ERROR 2022-08-30 15:37:26,516 basehttp 187 "GET /posts/2/ HTTP/1.1" 500 196098
INFO 2022-08-30 15:41:44,082 autoreload 266 D:\Users\18203\Desktop\work\blogproject\blogproject\urls.py changed, reloading.
INFO 2022-08-30 15:41:44,733 autoreload 677 Watching for file changes with StatReloader
INFO 2022-08-30 15:42:06,516 autoreload 266 D:\Users\18203\Desktop\work\blogproject\blogproject\urls.py changed, reloading.
INFO 2022-08-30 15:42:07,240 autoreload 677 Watching for file changes with StatReloader
INFO 2022-08-30 15:42:09,328 autoreload 677 Watching for file changes with StatReloader
INFO 2022-08-30 15:42:30,527 autoreload 266 D:\Users\18203\Desktop\work\blogproject\comments\views.py changed, reloading.
INFO 2022-08-30 15:42:31,362 autoreload 677 Watching for file changes with StatReloader
INFO 2022-08-30 15:42:55,335 autoreload 266 D:\Users\18203\Desktop\work\blogproject\comments\views.py changed, reloading.
INFO 2022-08-30 15:42:56,066 autoreload 677 Watching for file changes with StatReloader
INFO 2022-08-30 15:42:58,976 autoreload 677 Watching for file changes with StatReloader
INFO 2022-08-30 15:43:01,255 basehttp 187 "GET / HTTP/1.1" 200 8805
INFO 2022-08-30 15:43:05,356 basehttp 187 "GET /posts/2/ HTTP/1.1" 200 11950
INFO 2022-08-30 15:43:56,738 basehttp 187 "POST /comment/2 HTTP/1.1" 302 0
INFO 2022-08-30 15:43:56,783 basehttp 187 "GET /posts/2/ HTTP/1.1" 200 11950
INFO 2022-08-30 15:44:46,548 basehttp 187 "POST /comment/2 HTTP/1.1" 302 0
INFO 2022-08-30 15:44:46,582 basehttp 187 "GET /posts/2/ HTTP/1.1" 200 11950
INFO 2022-08-30 15:52:04,902 autoreload 677 Watching for file changes with StatReloader
INFO 2022-08-30 15:52:13,585 basehttp 187 "GET /posts/2/ HTTP/1.1" 200 11950
INFO 2022-08-30 15:53:59,027 basehttp 187 "POST /comment/2 HTTP/1.1" 200 7678
INFO 2022-08-30 15:54:13,175 basehttp 187 "POST /comment/2 HTTP/1.1" 200 7655
INFO 2022-08-30 15:55:34,250 autoreload 266 D:\Users\18203\Desktop\work\blogproject\blogproject\urls.py changed, reloading.
INFO 2022-08-30 15:55:35,049 autoreload 677 Watching for file changes with StatReloader
INFO 2022-08-30 15:56:22,564 autoreload 677 Watching for file changes with StatReloader
INFO 2022-08-30 15:56:26,797 basehttp 187 "POST /comment/2 HTTP/1.1" 200 7655
WARNING 2022-08-30 15:56:28,770 log 241 Not Found: /comment/index.html
WARNING 2022-08-30 15:56:28,771 basehttp 187 "GET /comment/index.html HTTP/1.1" 404 3246
INFO 2022-08-30 15:56:36,116 basehttp 187 "GET / HTTP/1.1" 200 8805
INFO 2022-08-30 15:56:38,472 basehttp 187 "GET /posts/2/ HTTP/1.1" 200 11950
INFO 2022-08-30 15:59:58,394 autoreload 677 Watching for file changes with StatReloader
INFO 2022-08-30 16:00:02,851 basehttp 187 "GET /posts/2/ HTTP/1.1" 200 13464
INFO 2022-08-30 16:00:17,969 basehttp 187 "POST /comment/2 HTTP/1.1" 200 7984
INFO 2022-08-30 16:01:10,423 basehttp 187 "GET /posts/2/ HTTP/1.1" 200 11952
INFO 2022-08-30 16:01:24,349 basehttp 187 "POST /comment/2 HTTP/1.1" 200 7984
INFO 2022-08-30 16:01:28,570 basehttp 187 "POST /comment/2 HTTP/1.1" 200 7984
INFO 2022-08-30 16:01:31,439 basehttp 187 "POST /comment/2 HTTP/1.1" 200 7984
INFO 2022-08-30 16:08:07,035 basehttp 187 "POST /comment/2 HTTP/1.1" 200 7886
INFO 2022-08-30 16:10:46,556 autoreload 266 D:\Users\18203\Desktop\work\blogproject\comments\views.py changed, reloading.
INFO 2022-08-30 16:10:47,253 autoreload 677 Watching for file changes with StatReloader
INFO 2022-08-30 16:12:40,790 autoreload 266 D:\Users\18203\Desktop\work\blogproject\comments\templatetags\comments_extras.py changed, reloading.
INFO 2022-08-30 16:12:41,499 autoreload 677 Watching for file changes with StatReloader
INFO 2022-08-30 16:13:00,082 autoreload 266 D:\Users\18203\Desktop\work\blogproject\comments\templatetags\comments_extras.py changed, reloading.
INFO 2022-08-30 16:13:00,821 autoreload 677 Watching for file changes with StatReloader
INFO 2022-08-30 16:13:08,253 basehttp 187 "GET /posts/2/ HTTP/1.1" 200 11854
INFO 2022-08-30 16:15:27,507 autoreload 677 Watching for file changes with StatReloader
ERROR 2022-08-30 16:15:28,937 log 241 Internal Server Error: /posts/2/
Traceback (most recent call last):
  File "D:\Users\18203\blog\lib\site-packages\django\template\base.py", line 505, in parse
    compile_func = self.tags[command]
KeyError: 'show_comments'

During handling of the above exception, another exception occurred:

Traceback (most recent call last):
  File "D:\Users\18203\blog\lib\site-packages\django\core\handlers\exception.py", line 55, in inner
    response = get_response(request)
  File "D:\Users\18203\blog\lib\site-packages\django\core\handlers\base.py", line 197, in _get_response
    response = wrapped_callback(request, *callback_args, **callback_kwargs)
  File "D:\Users\18203\Desktop\work\blogproject\blog\views.py", line 40, in detail
    return render(request, 'blog/detail.html', context={'post': post})
  File "D:\Users\18203\blog\lib\site-packages\django\shortcuts.py", line 24, in render
    content = loader.render_to_string(template_name, context, request, using=using)
  File "D:\Users\18203\blog\lib\site-packages\django\template\loader.py", line 61, in render_to_string
    template = get_template(template_name, using=using)
  File "D:\Users\18203\blog\lib\site-packages\django\template\loader.py", line 15, in get_template
    return engine.get_template(template_name)
  File "D:\Users\18203\blog\lib\site-packages\django\template\backends\django.py", line 34, in get_template
    return Template(self.engine.get_template(template_name), self)
  File "D:\Users\18203\blog\lib\site-packages\django\template\engine.py", line 175, in get_template
    template, origin = self.find_template(template_name)
  File "D:\Users\18203\blog\lib\site-packages\django\template\engine.py", line 157, in find_template
    template = loader.get_template(name, skip=skip)
  File "D:\Users\18203\blog\lib\site-packages\django\template\loaders\cached.py", line 57, in get_template
    template = super().get_template(template_name, skip)
  File "D:\Users\18203\blog\lib\site-packages\django\template\loaders\base.py", line 28, in get_template
    return Template(
  File "D:\Users\18203\blog\lib\site-packages\django\template\base.py", line 154, in __init__
    self.nodelist = self.compile_nodelist()
  File "D:\Users\18203\blog\lib\site-packages\django\template\base.py", line 200, in compile_nodelist
    return parser.parse()
  File "D:\Users\18203\blog\lib\site-packages\django\template\base.py", line 513, in parse
    raise self.error(token, e)
  File "D:\Users\18203\blog\lib\site-packages\django\template\base.py", line 511, in parse
    compiled_result = compile_func(self, token)
  File "D:\Users\18203\blog\lib\site-packages\django\template\loader_tags.py", line 293, in do_extends
    nodelist = parser.parse()
  File "D:\Users\18203\blog\lib\site-packages\django\template\base.py", line 513, in parse
    raise self.error(token, e)
  File "D:\Users\18203\blog\lib\site-packages\django\template\base.py", line 511, in parse
    compiled_result = compile_func(self, token)
  File "D:\Users\18203\blog\lib\site-packages\django\template\loader_tags.py", line 232, in do_block
    nodelist = parser.parse(("endblock",))
  File "D:\Users\18203\blog\lib\site-packages\django\template\base.py", line 507, in parse
    self.invalid_block_tag(token, command, parse_until)
  File "D:\Users\18203\blog\lib\site-packages\django\template\base.py", line 558, in invalid_block_tag
    raise self.error(
django.template.exceptions.TemplateSyntaxError: Invalid block tag on line 27: 'show_comments', expected 'endblock'. Did you forget to register or load this tag?
ERROR 2022-08-30 16:15:28,942 basehttp 187 "GET /posts/2/ HTTP/1.1" 500 178148
INFO 2022-08-30 16:16:07,691 autoreload 266 D:\Users\18203\Desktop\work\blogproject\comments\templatetags\comments_extras.py changed, reloading.
INFO 2022-08-30 16:16:08,534 autoreload 677 Watching for file changes with StatReloader
INFO 2022-08-30 16:16:11,213 autoreload 677 Watching for file changes with StatReloader
INFO 2022-08-30 16:16:12,615 basehttp 187 "GET /posts/2/ HTTP/1.1" 200 10232
INFO 2022-08-30 16:29:01,453 autoreload 677 Watching for file changes with StatReloader
INFO 2022-08-30 16:29:07,332 basehttp 187 "GET / HTTP/1.1" 200 8691
INFO 2022-08-30 16:29:09,948 basehttp 187 "GET / HTTP/1.1" 200 8691
INFO 2022-08-30 16:29:11,764 basehttp 187 "GET / HTTP/1.1" 200 8691
INFO 2022-08-30 16:29:12,532 basehttp 187 "GET / HTTP/1.1" 200 8691
INFO 2022-08-30 16:29:13,432 basehttp 187 "GET / HTTP/1.1" 200 8691
WARNING 2022-08-30 16:29:23,741 log 241 Not Found: /full-width.html
WARNING 2022-08-30 16:29:23,742 basehttp 187 "GET /full-width.html HTTP/1.1" 404 3237
WARNING 2022-08-30 16:30:19,256 log 241 Not Found: /posts/2/index.html
WARNING 2022-08-30 16:30:19,256 basehttp 187 "GET /posts/2/index.html HTTP/1.1" 404 3246
WARNING 2022-08-30 16:30:26,120 log 241 Not Found: /posts/2/index.html
WARNING 2022-08-30 16:30:26,120 basehttp 187 "GET /posts/2/index.html HTTP/1.1" 404 3246
WARNING 2022-08-30 16:30:53,017 log 241 Not Found: /posts/2/index.html
WARNING 2022-08-30 16:30:53,017 basehttp 187 "GET /posts/2/index.html HTTP/1.1" 404 3246
INFO 2022-08-30 16:31:12,070 autoreload 677 Watching for file changes with StatReloader
WARNING 2022-08-30 16:31:18,198 log 241 Not Found: /posts/2/index.html
WARNING 2022-08-30 16:31:18,199 basehttp 187 "GET /posts/2/index.html HTTP/1.1" 404 3246
ERROR 2022-08-30 16:31:21,639 log 241 Internal Server Error: /posts/2/
Traceback (most recent call last):
  File "D:\Users\18203\blog\lib\site-packages\django\urls\base.py", line 71, in reverse
    extra, resolver = resolver.namespace_dict[ns]
KeyError: '/blog'

During handling of the above exception, another exception occurred:

Traceback (most recent call last):
  File "D:\Users\18203\blog\lib\site-packages\django\core\handlers\exception.py", line 55, in inner
    response = get_response(request)
  File "D:\Users\18203\blog\lib\site-packages\django\core\handlers\base.py", line 197, in _get_response
    response = wrapped_callback(request, *callback_args, **callback_kwargs)
  File "D:\Users\18203\Desktop\work\blogproject\blog\views.py", line 40, in detail
    return render(request, 'blog/detail.html', context={'post': post})
  File "D:\Users\18203\blog\lib\site-packages\django\shortcuts.py", line 24, in render
    content = loader.render_to_string(template_name, context, request, using=using)
  File "D:\Users\18203\blog\lib\site-packages\django\template\loader.py", line 62, in render_to_string
    return template.render(context, request)
  File "D:\Users\18203\blog\lib\site-packages\django\template\backends\django.py", line 62, in render
    return self.template.render(context)
  File "D:\Users\18203\blog\lib\site-packages\django\template\base.py", line 175, in render
    return self._render(context)
  File "D:\Users\18203\blog\lib\site-packages\django\template\base.py", line 167, in _render
    return self.nodelist.render(context)
  File "D:\Users\18203\blog\lib\site-packages\django\template\base.py", line 1005, in render
    return SafeString("".join([node.render_annotated(context) for node in self]))
  File "D:\Users\18203\blog\lib\site-packages\django\template\base.py", line 1005, in <listcomp>
    return SafeString("".join([node.render_annotated(context) for node in self]))
  File "D:\Users\18203\blog\lib\site-packages\django\template\base.py", line 966, in render_annotated
    return self.render(context)
  File "D:\Users\18203\blog\lib\site-packages\django\template\loader_tags.py", line 157, in render
    return compiled_parent._render(context)
  File "D:\Users\18203\blog\lib\site-packages\django\template\base.py", line 167, in _render
    return self.nodelist.render(context)
  File "D:\Users\18203\blog\lib\site-packages\django\template\base.py", line 1005, in render
    return SafeString("".join([node.render_annotated(context) for node in self]))
  File "D:\Users\18203\blog\lib\site-packages\django\template\base.py", line 1005, in <listcomp>
    return SafeString("".join([node.render_annotated(context) for node in self]))
  File "D:\Users\18203\blog\lib\site-packages\django\template\base.py", line 966, in render_annotated
    return self.render(context)
  File "D:\Users\18203\blog\lib\site-packages\django\template\defaulttags.py", line 472, in render
    url = reverse(view_name, args=args, kwargs=kwargs, current_app=current_app)
  File "D:\Users\18203\blog\lib\site-packages\django\urls\base.py", line 82, in reverse
    raise NoReverseMatch("%s is not a registered namespace" % key)
django.urls.exceptions.NoReverseMatch: '/blog' is not a registered namespace
ERROR 2022-08-30 16:31:21,643 basehttp 187 "GET /posts/2/ HTTP/1.1" 500 150244
ERROR 2022-08-30 16:31:28,175 log 241 Internal Server Error: /
Traceback (most recent call last):
  File "D:\Users\18203\blog\lib\site-packages\django\urls\base.py", line 71, in reverse
    extra, resolver = resolver.namespace_dict[ns]
KeyError: '/blog'

During handling of the above exception, another exception occurred:

Traceback (most recent call last):
  File "D:\Users\18203\blog\lib\site-packages\django\core\handlers\exception.py", line 55, in inner
    response = get_response(request)
  File "D:\Users\18203\blog\lib\site-packages\django\core\handlers\base.py", line 197, in _get_response
    response = wrapped_callback(request, *callback_args, **callback_kwargs)
  File "D:\Users\18203\Desktop\work\blogproject\blog\views.py", line 17, in index
    return render(request, 'blog/index.html', context={
  File "D:\Users\18203\blog\lib\site-packages\django\shortcuts.py", line 24, in render
    content = loader.render_to_string(template_name, context, request, using=using)
  File "D:\Users\18203\blog\lib\site-packages\django\template\loader.py", line 62, in render_to_string
    return template.render(context, request)
  File "D:\Users\18203\blog\lib\site-packages\django\template\backends\django.py", line 62, in render
    return self.template.render(context)
  File "D:\Users\18203\blog\lib\site-packages\django\template\base.py", line 175, in render
    return self._render(context)
  File "D:\Users\18203\blog\lib\site-packages\django\template\base.py", line 167, in _render
    return self.nodelist.render(context)
  File "D:\Users\18203\blog\lib\site-packages\django\template\base.py", line 1005, in render
    return SafeString("".join([node.render_annotated(context) for node in self]))
  File "D:\Users\18203\blog\lib\site-packages\django\template\base.py", line 1005, in <listcomp>
    return SafeString("".join([node.render_annotated(context) for node in self]))
  File "D:\Users\18203\blog\lib\site-packages\django\template\base.py", line 966, in render_annotated
    return self.render(context)
  File "D:\Users\18203\blog\lib\site-packages\django\template\loader_tags.py", line 157, in render
    return compiled_parent._render(context)
  File "D:\Users\18203\blog\lib\site-packages\django\template\base.py", line 167, in _render
    return self.nodelist.render(context)
  File "D:\Users\18203\blog\lib\site-packages\django\template\base.py", line 1005, in render
    return SafeString("".join([node.render_annotated(context) for node in self]))
  File "D:\Users\18203\blog\lib\site-packages\django\template\base.py", line 1005, in <listcomp>
    return SafeString("".join([node.render_annotated(context) for node in self]))
  File "D:\Users\18203\blog\lib\site-packages\django\template\base.py", line 966, in render_annotated
    return self.render(context)
  File "D:\Users\18203\blog\lib\site-packages\django\template\defaulttags.py", line 472, in render
    url = reverse(view_name, args=args, kwargs=kwargs, current_app=current_app)
  File "D:\Users\18203\blog\lib\site-packages\django\urls\base.py", line 82, in reverse
    raise NoReverseMatch("%s is not a registered namespace" % key)
django.urls.exceptions.NoReverseMatch: '/blog' is not a registered namespace
ERROR 2022-08-30 16:31:28,177 basehttp 187 "GET / HTTP/1.1" 500 148347
ERROR 2022-08-30 16:31:29,294 log 241 Internal Server Error: /
Traceback (most recent call last):
  File "D:\Users\18203\blog\lib\site-packages\django\urls\base.py", line 71, in reverse
    extra, resolver = resolver.namespace_dict[ns]
KeyError: '/blog'

During handling of the above exception, another exception occurred:

Traceback (most recent call last):
  File "D:\Users\18203\blog\lib\site-packages\django\core\handlers\exception.py", line 55, in inner
    response = get_response(request)
  File "D:\Users\18203\blog\lib\site-packages\django\core\handlers\base.py", line 197, in _get_response
    response = wrapped_callback(request, *callback_args, **callback_kwargs)
  File "D:\Users\18203\Desktop\work\blogproject\blog\views.py", line 17, in index
    return render(request, 'blog/index.html', context={
  File "D:\Users\18203\blog\lib\site-packages\django\shortcuts.py", line 24, in render
    content = loader.render_to_string(template_name, context, request, using=using)
  File "D:\Users\18203\blog\lib\site-packages\django\template\loader.py", line 62, in render_to_string
    return template.render(context, request)
  File "D:\Users\18203\blog\lib\site-packages\django\template\backends\django.py", line 62, in render
    return self.template.render(context)
  File "D:\Users\18203\blog\lib\site-packages\django\template\base.py", line 175, in render
    return self._render(context)
  File "D:\Users\18203\blog\lib\site-packages\django\template\base.py", line 167, in _render
    return self.nodelist.render(context)
  File "D:\Users\18203\blog\lib\site-packages\django\template\base.py", line 1005, in render
    return SafeString("".join([node.render_annotated(context) for node in self]))
  File "D:\Users\18203\blog\lib\site-packages\django\template\base.py", line 1005, in <listcomp>
    return SafeString("".join([node.render_annotated(context) for node in self]))
  File "D:\Users\18203\blog\lib\site-packages\django\template\base.py", line 966, in render_annotated
    return self.render(context)
  File "D:\Users\18203\blog\lib\site-packages\django\template\loader_tags.py", line 157, in render
    return compiled_parent._render(context)
  File "D:\Users\18203\blog\lib\site-packages\django\template\base.py", line 167, in _render
    return self.nodelist.render(context)
  File "D:\Users\18203\blog\lib\site-packages\django\template\base.py", line 1005, in render
    return SafeString("".join([node.render_annotated(context) for node in self]))
  File "D:\Users\18203\blog\lib\site-packages\django\template\base.py", line 1005, in <listcomp>
    return SafeString("".join([node.render_annotated(context) for node in self]))
  File "D:\Users\18203\blog\lib\site-packages\django\template\base.py", line 966, in render_annotated
    return self.render(context)
  File "D:\Users\18203\blog\lib\site-packages\django\template\defaulttags.py", line 472, in render
    url = reverse(view_name, args=args, kwargs=kwargs, current_app=current_app)
  File "D:\Users\18203\blog\lib\site-packages\django\urls\base.py", line 82, in reverse
    raise NoReverseMatch("%s is not a registered namespace" % key)
django.urls.exceptions.NoReverseMatch: '/blog' is not a registered namespace
ERROR 2022-08-30 16:31:29,296 basehttp 187 "GET / HTTP/1.1" 500 148347
ERROR 2022-08-30 16:31:30,086 log 241 Internal Server Error: /
Traceback (most recent call last):
  File "D:\Users\18203\blog\lib\site-packages\django\urls\base.py", line 71, in reverse
    extra, resolver = resolver.namespace_dict[ns]
KeyError: '/blog'

During handling of the above exception, another exception occurred:

Traceback (most recent call last):
  File "D:\Users\18203\blog\lib\site-packages\django\core\handlers\exception.py", line 55, in inner
    response = get_response(request)
  File "D:\Users\18203\blog\lib\site-packages\django\core\handlers\base.py", line 197, in _get_response
    response = wrapped_callback(request, *callback_args, **callback_kwargs)
  File "D:\Users\18203\Desktop\work\blogproject\blog\views.py", line 17, in index
    return render(request, 'blog/index.html', context={
  File "D:\Users\18203\blog\lib\site-packages\django\shortcuts.py", line 24, in render
    content = loader.render_to_string(template_name, context, request, using=using)
  File "D:\Users\18203\blog\lib\site-packages\django\template\loader.py", line 62, in render_to_string
    return template.render(context, request)
  File "D:\Users\18203\blog\lib\site-packages\django\template\backends\django.py", line 62, in render
    return self.template.render(context)
  File "D:\Users\18203\blog\lib\site-packages\django\template\base.py", line 175, in render
    return self._render(context)
  File "D:\Users\18203\blog\lib\site-packages\django\template\base.py", line 167, in _render
    return self.nodelist.render(context)
  File "D:\Users\18203\blog\lib\site-packages\django\template\base.py", line 1005, in render
    return SafeString("".join([node.render_annotated(context) for node in self]))
  File "D:\Users\18203\blog\lib\site-packages\django\template\base.py", line 1005, in <listcomp>
    return SafeString("".join([node.render_annotated(context) for node in self]))
  File "D:\Users\18203\blog\lib\site-packages\django\template\base.py", line 966, in render_annotated
    return self.render(context)
  File "D:\Users\18203\blog\lib\site-packages\django\template\loader_tags.py", line 157, in render
    return compiled_parent._render(context)
  File "D:\Users\18203\blog\lib\site-packages\django\template\base.py", line 167, in _render
    return self.nodelist.render(context)
  File "D:\Users\18203\blog\lib\site-packages\django\template\base.py", line 1005, in render
    return SafeString("".join([node.render_annotated(context) for node in self]))
  File "D:\Users\18203\blog\lib\site-packages\django\template\base.py", line 1005, in <listcomp>
    return SafeString("".join([node.render_annotated(context) for node in self]))
  File "D:\Users\18203\blog\lib\site-packages\django\template\base.py", line 966, in render_annotated
    return self.render(context)
  File "D:\Users\18203\blog\lib\site-packages\django\template\defaulttags.py", line 472, in render
    url = reverse(view_name, args=args, kwargs=kwargs, current_app=current_app)
  File "D:\Users\18203\blog\lib\site-packages\django\urls\base.py", line 82, in reverse
    raise NoReverseMatch("%s is not a registered namespace" % key)
django.urls.exceptions.NoReverseMatch: '/blog' is not a registered namespace
ERROR 2022-08-30 16:31:30,088 basehttp 187 "GET / HTTP/1.1" 500 148347
INFO 2022-08-30 16:31:49,206 autoreload 677 Watching for file changes with StatReloader
ERROR 2022-08-30 16:31:53,099 log 241 Internal Server Error: /
Traceback (most recent call last):
  File "D:\Users\18203\blog\lib\site-packages\django\core\handlers\exception.py", line 55, in inner
    response = get_response(request)
  File "D:\Users\18203\blog\lib\site-packages\django\core\handlers\base.py", line 197, in _get_response
    response = wrapped_callback(request, *callback_args, **callback_kwargs)
  File "D:\Users\18203\Desktop\work\blogproject\blog\views.py", line 17, in index
    return render(request, 'blog/index.html', context={
  File "D:\Users\18203\blog\lib\site-packages\django\shortcuts.py", line 24, in render
    content = loader.render_to_string(template_name, context, request, using=using)
  File "D:\Users\18203\blog\lib\site-packages\django\template\loader.py", line 62, in render_to_string
    return template.render(context, request)
  File "D:\Users\18203\blog\lib\site-packages\django\template\backends\django.py", line 62, in render
    return self.template.render(context)
  File "D:\Users\18203\blog\lib\site-packages\django\template\base.py", line 175, in render
    return self._render(context)
  File "D:\Users\18203\blog\lib\site-packages\django\template\base.py", line 167, in _render
    return self.nodelist.render(context)
  File "D:\Users\18203\blog\lib\site-packages\django\template\base.py", line 1005, in render
    return SafeString("".join([node.render_annotated(context) for node in self]))
  File "D:\Users\18203\blog\lib\site-packages\django\template\base.py", line 1005, in <listcomp>
    return SafeString("".join([node.render_annotated(context) for node in self]))
  File "D:\Users\18203\blog\lib\site-packages\django\template\base.py", line 966, in render_annotated
    return self.render(context)
  File "D:\Users\18203\blog\lib\site-packages\django\template\loader_tags.py", line 157, in render
    return compiled_parent._render(context)
  File "D:\Users\18203\blog\lib\site-packages\django\template\base.py", line 167, in _render
    return self.nodelist.render(context)
  File "D:\Users\18203\blog\lib\site-packages\django\template\base.py", line 1005, in render
    return SafeString("".join([node.render_annotated(context) for node in self]))
  File "D:\Users\18203\blog\lib\site-packages\django\template\base.py", line 1005, in <listcomp>
    return SafeString("".join([node.render_annotated(context) for node in self]))
  File "D:\Users\18203\blog\lib\site-packages\django\template\base.py", line 966, in render_annotated
    return self.render(context)
  File "D:\Users\18203\blog\lib\site-packages\django\template\defaulttags.py", line 472, in render
    url = reverse(view_name, args=args, kwargs=kwargs, current_app=current_app)
  File "D:\Users\18203\blog\lib\site-packages\django\urls\base.py", line 88, in reverse
    return resolver._reverse_with_prefix(view, prefix, *args, **kwargs)
  File "D:\Users\18203\blog\lib\site-packages\django\urls\resolvers.py", line 803, in _reverse_with_prefix
    raise NoReverseMatch(msg)
django.urls.exceptions.NoReverseMatch: Reverse for 'index/' not found. 'index/' is not a valid view function or pattern name.
ERROR 2022-08-30 16:31:53,103 basehttp 187 "GET / HTTP/1.1" 500 147028
INFO 2022-08-30 16:32:07,831 autoreload 677 Watching for file changes with StatReloader
INFO 2022-08-30 16:32:09,876 basehttp 187 "GET / HTTP/1.1" 200 8691
INFO 2022-08-30 16:32:52,843 basehttp 187 "GET /posts/2/ HTTP/1.1" 200 10214
INFO 2022-08-30 16:32:55,329 basehttp 187 "GET / HTTP/1.1" 200 8691
INFO 2022-08-30 16:32:56,912 basehttp 187 "GET /posts/2/ HTTP/1.1" 200 10214
INFO 2022-08-30 16:32:58,687 basehttp 187 "GET / HTTP/1.1" 200 8691
INFO 2022-08-30 16:32:59,803 basehttp 187 "GET /posts/2/ HTTP/1.1" 200 10214
INFO 2022-08-30 16:33:03,765 basehttp 187 "GET / HTTP/1.1" 200 8691
WARNING 2022-08-30 16:33:09,054 log 241 Not Found: /full-width.html
WARNING 2022-08-30 16:33:09,055 basehttp 187 "GET /full-width.html HTTP/1.1" 404 3237
INFO 2022-08-30 16:33:12,575 basehttp 187 "GET /posts/2/ HTTP/1.1" 200 10214
INFO 2022-08-30 16:33:14,119 basehttp 187 "GET / HTTP/1.1" 200 8691
INFO 2022-08-30 16:33:16,642 basehttp 187 "GET / HTTP/1.1" 200 8691
INFO 2022-08-30 16:33:17,875 basehttp 187 "GET /posts/2/ HTTP/1.1" 200 10214
INFO 2022-08-30 16:33:20,009 basehttp 187 "GET / HTTP/1.1" 200 8691
INFO 2022-08-30 16:34:35,383 basehttp 187 "GET / HTTP/1.1" 200 8682
INFO 2022-08-30 16:34:40,797 basehttp 187 "GET / HTTP/1.1" 200 8682
INFO 2022-08-30 16:34:45,497 basehttp 187 "GET / HTTP/1.1" 200 8682
INFO 2022-08-30 16:35:16,148 basehttp 187 "GET / HTTP/1.1" 200 8682
INFO 2022-08-30 16:36:58,938 autoreload 677 Watching for file changes with StatReloader
INFO 2022-08-30 16:37:00,545 basehttp 187 "GET / HTTP/1.1" 200 8690
INFO 2022-08-30 16:37:02,424 basehttp 187 "GET /posts/2/ HTTP/1.1" 200 10205
INFO 2022-08-30 16:40:17,971 autoreload 677 Watching for file changes with StatReloader
INFO 2022-08-30 16:40:20,610 basehttp 187 "GET / HTTP/1.1" 200 8711
INFO 2022-08-30 16:40:23,927 basehttp 187 "GET /posts/2/ HTTP/1.1" 200 10205
INFO 2022-08-30 16:40:45,360 basehttp 187 "GET /posts/2/ HTTP/1.1" 200 10205
INFO 2022-08-30 16:52:48,495 autoreload 677 Watching for file changes with StatReloader
INFO 2022-08-30 16:52:51,272 basehttp 187 "GET / HTTP/1.1" 200 8709
INFO 2022-08-30 16:52:53,868 basehttp 187 "GET /posts/2/ HTTP/1.1" 200 10215
INFO 2022-08-30 16:52:57,681 basehttp 187 "GET / HTTP/1.1" 200 8709
INFO 2022-08-30 16:52:59,353 basehttp 187 "GET /posts/2/ HTTP/1.1" 200 10215
INFO 2022-08-30 16:53:03,877 basehttp 187 "GET / HTTP/1.1" 200 8709
INFO 2022-08-30 16:53:05,033 basehttp 187 "GET /posts/2/ HTTP/1.1" 200 10215
INFO 2022-08-30 16:53:56,406 basehttp 187 "GET / HTTP/1.1" 200 8709
WARNING 2022-08-30 16:53:57,683 log 241 Not Found: /full-width.html
WARNING 2022-08-30 16:53:57,683 basehttp 187 "GET /full-width.html HTTP/1.1" 404 3237
INFO 2022-08-30 16:56:32,291 basehttp 187 "GET / HTTP/1.1" 200 8709
INFO 2022-08-30 17:12:01,042 autoreload 266 D:\Users\18203\Desktop\work\blogproject\blog\views.py changed, reloading.
INFO 2022-08-30 17:12:01,825 autoreload 677 Watching for file changes with StatReloader
INFO 2022-08-30 17:35:03,765 autoreload 677 Watching for file changes with StatReloader
INFO 2022-08-30 17:35:20,058 autoreload 266 D:\Users\18203\Desktop\work\blogproject\blog\urls.py changed, reloading.
INFO 2022-08-30 17:35:20,776 autoreload 677 Watching for file changes with StatReloader
INFO 2022-08-30 17:35:22,970 autoreload 677 Watching for file changes with StatReloader
INFO 2022-08-30 17:35:24,502 basehttp 187 "GET / HTTP/1.1" 200 8709
ERROR 2022-08-30 17:35:26,488 log 241 Internal Server Error: /posts/2/
Traceback (most recent call last):
  File "D:\Users\18203\blog\lib\site-packages\django\core\handlers\exception.py", line 55, in inner
    response = get_response(request)
  File "D:\Users\18203\blog\lib\site-packages\django\core\handlers\base.py", line 197, in _get_response
    response = wrapped_callback(request, *callback_args, **callback_kwargs)
  File "D:\Users\18203\blog\lib\site-packages\django\views\generic\base.py", line 103, in view
    return self.dispatch(request, *args, **kwargs)
  File "D:\Users\18203\blog\lib\site-packages\django\views\generic\base.py", line 142, in dispatch
    return handler(request, *args, **kwargs)
  File "D:\Users\18203\blog\lib\site-packages\django\views\generic\detail.py", line 108, in get
    self.object = self.get_object()
  File "D:\Users\18203\blog\lib\site-packages\django\views\generic\detail.py", line 31, in get_object
    queryset = self.get_queryset()
  File "D:\Users\18203\blog\lib\site-packages\django\views\generic\detail.py", line 72, in get_queryset
    raise ImproperlyConfigured(
django.core.exceptions.ImproperlyConfigured: DetailView is missing a QuerySet. Define DetailView.model, DetailView.queryset, or override DetailView.get_queryset().
ERROR 2022-08-30 17:35:26,489 basehttp 187 "GET /posts/2/ HTTP/1.1" 500 87369
INFO 2022-08-30 17:35:54,584 autoreload 266 D:\Users\18203\Desktop\work\blogproject\blog\urls.py changed, reloading.
INFO 2022-08-30 17:35:55,275 autoreload 677 Watching for file changes with StatReloader
INFO 2022-08-30 17:35:57,735 autoreload 677 Watching for file changes with StatReloader
INFO 2022-08-30 17:36:08,487 autoreload 677 Watching for file changes with StatReloader
INFO 2022-08-30 17:36:10,002 basehttp 187 "GET / HTTP/1.1" 200 8709
ERROR 2022-08-30 17:36:11,621 log 241 Internal Server Error: /posts/2/
Traceback (most recent call last):
  File "D:\Users\18203\blog\lib\site-packages\django\core\handlers\exception.py", line 55, in inner
    response = get_response(request)
  File "D:\Users\18203\blog\lib\site-packages\django\core\handlers\base.py", line 204, in _get_response
    self.check_response(response, callback)
  File "D:\Users\18203\blog\lib\site-packages\django\core\handlers\base.py", line 332, in check_response
    raise ValueError(
ValueError: The view blog.views.view didn't return an HttpResponse object. It returned None instead.
ERROR 2022-08-30 17:36:11,622 basehttp 187 "GET /posts/2/ HTTP/1.1" 500 70863
INFO 2022-08-30 17:37:44,026 autoreload 266 D:\Users\18203\Desktop\work\blogproject\blog\views.py changed, reloading.
INFO 2022-08-30 17:37:44,809 autoreload 677 Watching for file changes with StatReloader
INFO 2022-08-30 17:38:01,246 autoreload 266 D:\Users\18203\Desktop\work\blogproject\blog\views.py changed, reloading.
INFO 2022-08-30 17:38:01,947 autoreload 677 Watching for file changes with StatReloader
INFO 2022-08-30 17:38:03,987 autoreload 677 Watching for file changes with StatReloader
INFO 2022-08-30 17:38:07,687 basehttp 187 "GET /posts/2/ HTTP/1.1" 200 10215
INFO 2022-08-30 18:00:31,146 autoreload 677 Watching for file changes with StatReloader
INFO 2022-08-30 18:00:36,222 basehttp 187 "GET / HTTP/1.1" 200 8709
INFO 2022-08-30 18:00:41,220 basehttp 187 "GET /posts/2/ HTTP/1.1" 200 10215
INFO 2022-08-30 18:00:56,105 basehttp 187 "GET /admin/ HTTP/1.1" 302 0
INFO 2022-08-30 18:00:56,172 basehttp 187 "GET /admin/login/?next=/admin/ HTTP/1.1" 200 2220
INFO 2022-08-30 18:00:56,222 basehttp 187 "GET /static/admin/css/base.css HTTP/1.1" 304 0
INFO 2022-08-30 18:00:56,226 basehttp 187 "GET /static/admin/css/dark_mode.css HTTP/1.1" 304 0
INFO 2022-08-30 18:00:56,229 basehttp 187 "GET /static/admin/css/nav_sidebar.css HTTP/1.1" 304 0
INFO 2022-08-30 18:00:56,230 basehttp 187 "GET /static/admin/css/responsive.css HTTP/1.1" 304 0
INFO 2022-08-30 18:00:56,233 basehttp 187 "GET /static/admin/js/nav_sidebar.js HTTP/1.1" 304 0
INFO 2022-08-30 18:00:56,235 basehttp 187 "GET /static/admin/css/fonts.css HTTP/1.1" 304 0
INFO 2022-08-30 18:00:56,451 basehttp 187 "GET /static/admin/css/login.css HTTP/1.1" 200 958
INFO 2022-08-30 18:00:56,504 basehttp 187 "GET /static/admin/fonts/Roboto-Regular-webfont.woff HTTP/1.1" 304 0
INFO 2022-08-30 18:00:56,505 basehttp 187 "GET /static/admin/fonts/Roboto-Light-webfont.woff HTTP/1.1" 304 0
INFO 2022-08-30 18:00:58,036 basehttp 187 "POST /admin/login/?next=/admin/ HTTP/1.1" 302 0
INFO 2022-08-30 18:00:58,097 basehttp 187 "GET /admin/ HTTP/1.1" 200 8586
INFO 2022-08-30 18:00:58,138 basehttp 187 "GET /static/admin/css/dashboard.css HTTP/1.1" 304 0
INFO 2022-08-30 18:00:58,151 basehttp 187 "GET /static/admin/img/icon-addlink.svg HTTP/1.1" 304 0
INFO 2022-08-30 18:00:58,152 basehttp 187 "GET /static/admin/img/icon-changelink.svg HTTP/1.1" 304 0
INFO 2022-08-30 18:00:58,204 basehttp 187 "GET /static/admin/fonts/Roboto-Bold-webfont.woff HTTP/1.1" 304 0
INFO 2022-08-30 18:01:00,706 basehttp 187 "GET /admin/blog/post/add/ HTTP/1.1" 200 10614
INFO 2022-08-30 18:01:00,750 basehttp 187 "GET /static/admin/css/forms.css HTTP/1.1" 304 0
INFO 2022-08-30 18:01:00,751 basehttp 187 "GET /static/admin/js/jquery.init.js HTTP/1.1" 304 0
INFO 2022-08-30 18:01:00,751 basehttp 187 "GET /static/admin/js/admin/RelatedObjectLookups.js HTTP/1.1" 304 0
INFO 2022-08-30 18:01:00,751 basehttp 187 "GET /static/admin/js/vendor/jquery/jquery.js HTTP/1.1" 304 0
INFO 2022-08-30 18:01:00,753 basehttp 187 "GET /static/admin/js/core.js HTTP/1.1" 304 0
INFO 2022-08-30 18:01:00,759 basehttp 187 "GET /static/admin/js/actions.js HTTP/1.1" 304 0
INFO 2022-08-30 18:01:00,761 basehttp 187 "GET /static/admin/js/urlify.js HTTP/1.1" 304 0
INFO 2022-08-30 18:01:00,761 basehttp 187 "GET /static/admin/css/widgets.css HTTP/1.1" 304 0
INFO 2022-08-30 18:01:00,761 basehttp 187 "GET /static/admin/js/vendor/xregexp/xregexp.js HTTP/1.1" 304 0
INFO 2022-08-30 18:01:00,763 basehttp 187 "GET /static/admin/js/prepopulate.js HTTP/1.1" 304 0
INFO 2022-08-30 18:01:00,771 basehttp 187 "GET /static/admin/js/prepopulate_init.js HTTP/1.1" 304 0
INFO 2022-08-30 18:01:00,776 basehttp 187 "GET /static/admin/img/icon-viewlink.svg HTTP/1.1" 304 0
INFO 2022-08-30 18:01:00,781 basehttp 187 "GET /static/admin/js/change_form.js HTTP/1.1" 304 0
INFO 2022-08-30 18:01:00,864 basehttp 187 "GET /admin/jsi18n/ HTTP/1.1" 200 8603
INFO 2022-08-30 18:01:26,749 basehttp 187 "POST /admin/blog/post/add/ HTTP/1.1" 302 0
INFO 2022-08-30 18:01:26,811 basehttp 187 "GET /admin/blog/post/ HTTP/1.1" 200 9309
INFO 2022-08-30 18:01:26,873 basehttp 187 "GET /static/admin/css/changelists.css HTTP/1.1" 304 0
INFO 2022-08-30 18:01:26,881 basehttp 187 "GET /admin/jsi18n/ HTTP/1.1" 200 8603
INFO 2022-08-30 18:01:26,884 basehttp 187 "GET /static/admin/js/filters.js HTTP/1.1" 304 0
INFO 2022-08-30 18:01:26,953 basehttp 187 "GET /static/admin/img/sorting-icons.svg HTTP/1.1" 304 0
INFO 2022-08-30 18:01:26,953 basehttp 187 "GET /static/admin/img/tooltag-add.svg HTTP/1.1" 304 0
INFO 2022-08-30 18:01:26,954 basehttp 187 "GET /static/admin/img/icon-yes.svg HTTP/1.1" 304 0
INFO 2022-08-30 18:01:30,064 basehttp 187 "GET / HTTP/1.1" 200 10115
INFO 2022-08-30 18:01:40,814 basehttp 187 "GET /posts/3/ HTTP/1.1" 200 8738
INFO 2022-08-30 18:01:45,716 basehttp 187 "GET / HTTP/1.1" 200 10115
INFO 2022-08-30 18:02:23,882 basehttp 187 "GET /admin/blog/ HTTP/1.1" 200 3804
INFO 2022-08-30 18:02:26,451 basehttp 187 "GET / HTTP/1.1" 200 10115
INFO 2022-08-30 18:02:28,181 basehttp 187 "GET /admin/blog/ HTTP/1.1" 200 3804
INFO 2022-08-30 18:02:33,592 basehttp 187 "GET /admin/ HTTP/1.1" 200 8580
INFO 2022-08-30 18:02:40,416 basehttp 187 "GET /admin/comments/comment/add/ HTTP/1.1" 200 9986
INFO 2022-08-30 18:02:40,461 basehttp 187 "GET /admin/jsi18n/ HTTP/1.1" 200 8603
INFO 2022-08-30 18:02:45,463 basehttp 187 "GET /admin/ HTTP/1.1" 200 8580
INFO 2022-08-31 09:49:42,345 autoreload 677 Watching for file changes with StatReloader
INFO 2022-08-31 09:49:45,329 basehttp 187 "GET / HTTP/1.1" 200 9182
INFO 2022-08-31 09:49:45,451 basehttp 187 "GET /static/blog/css/bootstrap.min.css HTTP/1.1" 304 0
INFO 2022-08-31 09:49:45,451 basehttp 187 "GET /static/blog/css/custom.css HTTP/1.1" 304 0
INFO 2022-08-31 09:49:45,456 basehttp 187 "GET /static/blog/css/pace.css HTTP/1.1" 304 0
INFO 2022-08-31 09:49:45,475 basehttp 187 "GET /static/blog/js/jquery-2.1.3.min.js HTTP/1.1" 304 0
INFO 2022-08-31 09:49:45,476 basehttp 187 "GET /static/blog/js/modernizr.custom.js HTTP/1.1" 304 0
INFO 2022-08-31 09:49:45,478 basehttp 187 "GET /static/blog/js/bootstrap.min.js HTTP/1.1" 304 0
INFO 2022-08-31 09:49:45,479 basehttp 187 "GET /static/blog/js/script.js HTTP/1.1" 304 0
INFO 2022-08-31 09:49:45,480 basehttp 187 "GET /static/blog/js/pace.min.js HTTP/1.1" 304 0
WARNING 2022-08-31 09:49:45,948 log 241 Not Found: /favicon.ico
WARNING 2022-08-31 09:49:45,949 basehttp 187 "GET /favicon.ico HTTP/1.1" 404 3225
INFO 2022-08-31 09:50:13,468 basehttp 187 "GET / HTTP/1.1" 200 9182
INFO 2022-08-31 10:04:10,984 autoreload 266 D:\Users\18203\Desktop\work\blogproject\manage.py changed, reloading.
INFO 2022-08-31 10:41:17,013 autoreload 677 Watching for file changes with StatReloader
ERROR 2022-08-31 10:41:20,478 log 241 Internal Server Error: /
Traceback (most recent call last):
  File "D:\Users\18203\blog\lib\site-packages\django\core\handlers\exception.py", line 55, in inner
    response = get_response(request)
  File "D:\Users\18203\blog\lib\site-packages\django\core\handlers\base.py", line 220, in _get_response
    response = response.render()
  File "D:\Users\18203\blog\lib\site-packages\django\template\response.py", line 114, in render
    self.content = self.rendered_content
  File "D:\Users\18203\blog\lib\site-packages\django\template\response.py", line 90, in rendered_content
    template = self.resolve_template(self.template_name)
  File "D:\Users\18203\blog\lib\site-packages\django\template\response.py", line 72, in resolve_template
    return select_template(template, using=self.using)
  File "D:\Users\18203\blog\lib\site-packages\django\template\loader.py", line 47, in select_template
    raise TemplateDoesNotExist(", ".join(template_name_list), chain=chain)
django.template.exceptions.TemplateDoesNotExist: blog/index.html, blog/post_list.html
ERROR 2022-08-31 10:41:20,480 basehttp 187 "GET / HTTP/1.1" 500 85183
INFO 2022-08-31 10:41:36,250 autoreload 266 D:\Users\18203\Desktop\work\blogproject\blogproject\settings\local.py changed, reloading.
INFO 2022-08-31 10:45:07,905 autoreload 677 Watching for file changes with StatReloader
ERROR 2022-08-31 10:45:10,063 log 241 Internal Server Error: /
Traceback (most recent call last):
  File "D:\Users\18203\blog\lib\site-packages\django\core\handlers\exception.py", line 55, in inner
    response = get_response(request)
  File "D:\Users\18203\blog\lib\site-packages\django\core\handlers\base.py", line 220, in _get_response
    response = response.render()
  File "D:\Users\18203\blog\lib\site-packages\django\template\response.py", line 114, in render
    self.content = self.rendered_content
  File "D:\Users\18203\blog\lib\site-packages\django\template\response.py", line 90, in rendered_content
    template = self.resolve_template(self.template_name)
  File "D:\Users\18203\blog\lib\site-packages\django\template\response.py", line 72, in resolve_template
    return select_template(template, using=self.using)
  File "D:\Users\18203\blog\lib\site-packages\django\template\loader.py", line 47, in select_template
    raise TemplateDoesNotExist(", ".join(template_name_list), chain=chain)
django.template.exceptions.TemplateDoesNotExist: blog/index.html, blog/post_list.html
ERROR 2022-08-31 10:45:10,065 basehttp 187 "GET / HTTP/1.1" 500 84975
INFO 2022-08-31 10:46:46,439 autoreload 677 Watching for file changes with StatReloader
INFO 2022-08-31 10:47:41,439 autoreload 677 Watching for file changes with StatReloader
ERROR 2022-08-31 10:47:44,788 log 241 Internal Server Error: /
Traceback (most recent call last):
  File "D:\Users\18203\blog\lib\site-packages\django\core\handlers\exception.py", line 55, in inner
    response = get_response(request)
  File "D:\Users\18203\blog\lib\site-packages\django\core\handlers\base.py", line 220, in _get_response
    response = response.render()
  File "D:\Users\18203\blog\lib\site-packages\django\template\response.py", line 114, in render
    self.content = self.rendered_content
  File "D:\Users\18203\blog\lib\site-packages\django\template\response.py", line 90, in rendered_content
    template = self.resolve_template(self.template_name)
  File "D:\Users\18203\blog\lib\site-packages\django\template\response.py", line 72, in resolve_template
    return select_template(template, using=self.using)
  File "D:\Users\18203\blog\lib\site-packages\django\template\loader.py", line 47, in select_template
    raise TemplateDoesNotExist(", ".join(template_name_list), chain=chain)
django.template.exceptions.TemplateDoesNotExist: blog/index.html, blog/post_list.html
ERROR 2022-08-31 10:47:44,790 basehttp 187 "GET / HTTP/1.1" 500 84898
INFO 2022-08-31 10:48:10,607 autoreload 677 Watching for file changes with StatReloader
ERROR 2022-08-31 10:48:12,165 log 241 Internal Server Error: /
Traceback (most recent call last):
  File "D:\Users\18203\blog\lib\site-packages\django\core\handlers\exception.py", line 55, in inner
    response = get_response(request)
  File "D:\Users\18203\blog\lib\site-packages\django\core\handlers\base.py", line 220, in _get_response
    response = response.render()
  File "D:\Users\18203\blog\lib\site-packages\django\template\response.py", line 114, in render
    self.content = self.rendered_content
  File "D:\Users\18203\blog\lib\site-packages\django\template\response.py", line 90, in rendered_content
    template = self.resolve_template(self.template_name)
  File "D:\Users\18203\blog\lib\site-packages\django\template\response.py", line 72, in resolve_template
    return select_template(template, using=self.using)
  File "D:\Users\18203\blog\lib\site-packages\django\template\loader.py", line 47, in select_template
    raise TemplateDoesNotExist(", ".join(template_name_list), chain=chain)
django.template.exceptions.TemplateDoesNotExist: blog/index.html, blog/post_list.html
ERROR 2022-08-31 10:48:12,167 basehttp 187 "GET / HTTP/1.1" 500 84915
INFO 2022-08-31 10:48:43,393 autoreload 677 Watching for file changes with StatReloader
INFO 2022-08-31 10:48:44,954 basehttp 187 "GET / HTTP/1.1" 200 9182
INFO 2022-08-31 10:48:50,688 basehttp 187 "GET / HTTP/1.1" 200 9182
INFO 2022-08-31 10:48:53,004 basehttp 187 "GET /posts/3/ HTTP/1.1" 200 8738
INFO 2022-08-31 10:48:56,503 basehttp 187 "GET /posts/2/ HTTP/1.1" 200 10280
INFO 2022-08-31 10:54:45,925 autoreload 677 Watching for file changes with StatReloader
ERROR 2022-08-31 10:54:48,925 log 241 Internal Server Error: /
Traceback (most recent call last):
  File "D:\Users\18203\blog\lib\site-packages\django\core\handlers\exception.py", line 55, in inner
    response = get_response(request)
  File "D:\Users\18203\blog\lib\site-packages\django\core\handlers\base.py", line 220, in _get_response
    response = response.render()
  File "D:\Users\18203\blog\lib\site-packages\django\template\response.py", line 114, in render
    self.content = self.rendered_content
  File "D:\Users\18203\blog\lib\site-packages\django\template\response.py", line 92, in rendered_content
    return template.render(context, self._request)
  File "D:\Users\18203\blog\lib\site-packages\django\template\backends\django.py", line 62, in render
    return self.template.render(context)
  File "D:\Users\18203\blog\lib\site-packages\django\template\base.py", line 175, in render
    return self._render(context)
  File "D:\Users\18203\blog\lib\site-packages\django\template\base.py", line 167, in _render
    return self.nodelist.render(context)
  File "D:\Users\18203\blog\lib\site-packages\django\template\base.py", line 1005, in render
    return SafeString("".join([node.render_annotated(context) for node in self]))
  File "D:\Users\18203\blog\lib\site-packages\django\template\base.py", line 1005, in <listcomp>
    return SafeString("".join([node.render_annotated(context) for node in self]))
  File "D:\Users\18203\blog\lib\site-packages\django\template\base.py", line 966, in render_annotated
    return self.render(context)
  File "D:\Users\18203\blog\lib\site-packages\django\template\loader_tags.py", line 157, in render
    return compiled_parent._render(context)
  File "D:\Users\18203\blog\lib\site-packages\django\template\base.py", line 167, in _render
    return self.nodelist.render(context)
  File "D:\Users\18203\blog\lib\site-packages\django\template\base.py", line 1005, in render
    return SafeString("".join([node.render_annotated(context) for node in self]))
  File "D:\Users\18203\blog\lib\site-packages\django\template\base.py", line 1005, in <listcomp>
    return SafeString("".join([node.render_annotated(context) for node in self]))
  File "D:\Users\18203\blog\lib\site-packages\django\template\base.py", line 966, in render_annotated
    return self.render(context)
  File "D:\Users\18203\blog\lib\site-packages\django\template\library.py", line 278, in render
    return t.render(new_context)
  File "D:\Users\18203\blog\lib\site-packages\django\template\base.py", line 177, in render
    return self._render(context)
  File "D:\Users\18203\blog\lib\site-packages\django\template\base.py", line 167, in _render
    return self.nodelist.render(context)
  File "D:\Users\18203\blog\lib\site-packages\django\template\base.py", line 1005, in render
    return SafeString("".join([node.render_annotated(context) for node in self]))
  File "D:\Users\18203\blog\lib\site-packages\django\template\base.py", line 1005, in <listcomp>
    return SafeString("".join([node.render_annotated(context) for node in self]))
  File "D:\Users\18203\blog\lib\site-packages\django\template\base.py", line 966, in render_annotated
    return self.render(context)
  File "D:\Users\18203\blog\lib\site-packages\django\template\defaulttags.py", line 238, in render
    nodelist.append(node.render_annotated(context))
  File "D:\Users\18203\blog\lib\site-packages\django\template\base.py", line 966, in render_annotated
    return self.render(context)
  File "D:\Users\18203\blog\lib\site-packages\django\template\defaulttags.py", line 472, in render
    url = reverse(view_name, args=args, kwargs=kwargs, current_app=current_app)
  File "D:\Users\18203\blog\lib\site-packages\django\urls\base.py", line 88, in reverse
    return resolver._reverse_with_prefix(view, prefix, *args, **kwargs)
  File "D:\Users\18203\blog\lib\site-packages\django\urls\resolvers.py", line 803, in _reverse_with_prefix
    raise NoReverseMatch(msg)
django.urls.exceptions.NoReverseMatch: Reverse for 'archive' with arguments '('', '')' not found. 1 pattern(s) tried: ['archives/(?P<year>[0-9]+)/(?P<month>[0-9]+)/\\Z']
ERROR 2022-08-31 10:54:48,933 basehttp 187 "GET / HTTP/1.1" 500 199191
INFO 2022-08-31 10:55:22,841 autoreload 266 D:\Users\18203\Desktop\work\blogproject\blogproject\settings\common.py changed, reloading.
INFO 2022-08-31 10:55:23,612 autoreload 677 Watching for file changes with StatReloader
INFO 2022-08-31 10:55:25,805 autoreload 677 Watching for file changes with StatReloader
INFO 2022-08-31 10:55:27,308 basehttp 187 "GET / HTTP/1.1" 200 22521
INFO 2022-08-31 10:55:54,275 basehttp 187 "GET /posts/5/ HTTP/1.1" 200 30141
WARNING 2022-08-31 10:55:54,442 log 241 Not Found: /posts/5/a.jpg
WARNING 2022-08-31 10:55:54,444 log 241 Not Found: /posts/5/example.jpg
WARNING 2022-08-31 10:55:54,445 basehttp 187 "GET /posts/5/a.jpg HTTP/1.1" 404 3231
WARNING 2022-08-31 10:55:54,446 basehttp 187 "GET /posts/5/example.jpg HTTP/1.1" 404 3249
INFO 2022-08-31 10:56:37,161 basehttp 187 "GET / HTTP/1.1" 200 22521
WARNING 2022-08-31 10:56:39,594 log 241 Not Found: /full-width.html
WARNING 2022-08-31 10:56:39,595 basehttp 187 "GET /full-width.html HTTP/1.1" 404 3237
INFO 2022-08-31 10:56:58,317 basehttp 187 "GET /?page=2 HTTP/1.1" 200 22678
INFO 2022-08-31 10:57:06,073 basehttp 187 "GET /?page=1 HTTP/1.1" 200 22521
INFO 2022-08-31 10:57:17,342 basehttp 187 "GET / HTTP/1.1" 200 22521
INFO 2022-08-31 10:57:22,066 basehttp 187 "GET /archives/2022/2/ HTTP/1.1" 200 22594
INFO 2022-08-31 10:57:27,640 basehttp 187 "GET /archives/2022/8/ HTTP/1.1" 200 22520
INFO 2022-08-31 10:57:29,152 basehttp 187 "GET /archives/2022/6/ HTTP/1.1" 200 22532
INFO 2022-08-31 10:57:30,191 basehttp 187 "GET /archives/2022/5/ HTTP/1.1" 200 22605
INFO 2022-08-31 10:57:30,766 basehttp 187 "GET /archives/2022/4/ HTTP/1.1" 200 22576
INFO 2022-08-31 10:57:31,526 basehttp 187 "GET /archives/2022/3/ HTTP/1.1" 200 22582
INFO 2022-08-31 10:57:32,307 basehttp 187 "GET /archives/2022/2/ HTTP/1.1" 200 22594
INFO 2022-08-31 10:57:36,631 basehttp 187 "GET /categories/9/ HTTP/1.1" 200 51666
INFO 2022-08-31 10:57:55,156 basehttp 187 "GET /posts/74/ HTTP/1.1" 200 12707
